[INFO] JAR file /scratch/reedoei2/accumulo-a770d44b57027fcee5b25dc2fa9778959e7807c7-daeffd8d9cf980814fb7d131a0d89cbdfd856298/experiments/accumulo-old-daeffd8d9cf980814fb7d131a0d89cbdfd856298/server/master/target/dependency/junit-4.12.jar contains JUnit. Skipping.
Executing fixed runner now.
Test being executed: ErrorTest0.test1
SLF4J: Class path contains multiple SLF4J bindings.
SLF4J: Found binding in [jar:file:/scratch/reedoei2/accumulo-a770d44b57027fcee5b25dc2fa9778959e7807c7-daeffd8d9cf980814fb7d131a0d89cbdfd856298/experiments/accumulo-old-daeffd8d9cf980814fb7d131a0d89cbdfd856298/server/master/target/dependency/slf4j-log4j12-1.7.21.jar!/org/slf4j/impl/StaticLoggerBinder.class]
SLF4J: Found binding in [jar:file:/scratch/reedoei2/accumulo-a770d44b57027fcee5b25dc2fa9778959e7807c7-daeffd8d9cf980814fb7d131a0d89cbdfd856298/experiments/impact-tools/plume.jar!/org/slf4j/impl/StaticLoggerBinder.class]
SLF4J: Found binding in [jar:file:/scratch/reedoei2/accumulo-a770d44b57027fcee5b25dc2fa9778959e7807c7-daeffd8d9cf980814fb7d131a0d89cbdfd856298/experiments/impact-tools/slf4j-simple-1.7.5.jar!/org/slf4j/impl/StaticLoggerBinder.class]
SLF4J: Found binding in [jar:file:/scratch/reedoei2/accumulo-a770d44b57027fcee5b25dc2fa9778959e7807c7-daeffd8d9cf980814fb7d131a0d89cbdfd856298/experiments/impact-tools/randoop.jar!/org/slf4j/impl/StaticLoggerBinder.class]
SLF4J: See http://www.slf4j.org/codes.html#multiple_bindings for an explanation.
SLF4J: Actual binding is of type [org.slf4j.impl.Log4jLoggerFactory]
java.lang.NullPointerException
	at org.apache.accumulo.master.replication.DistributedWorkQueueWorkAssigner.initializeWorkQueue(DistributedWorkQueueWorkAssigner.java:117)
	at org.apache.accumulo.master.replication.DistributedWorkQueueWorkAssigner.assignWork(DistributedWorkQueueWorkAssigner.java:129)
	at ErrorTest0.test1(ErrorTest0.java:15)
	at sun.reflect.NativeMethodAccessorImpl.invoke0(Native Method)
	at sun.reflect.NativeMethodAccessorImpl.invoke(NativeMethodAccessorImpl.java:62)
	at sun.reflect.DelegatingMethodAccessorImpl.invoke(DelegatingMethodAccessorImpl.java:43)
	at java.lang.reflect.Method.invoke(Method.java:498)
	at org.junit.runners.model.FrameworkMethod$1.runReflectiveCall(FrameworkMethod.java:50)
	at org.junit.internal.runners.model.ReflectiveCallable.run(ReflectiveCallable.java:12)
	at org.junit.runners.model.FrameworkMethod.invokeExplosively(FrameworkMethod.java:47)
	at org.junit.internal.runners.statements.InvokeMethod.evaluate(InvokeMethod.java:17)
	at edu.washington.cs.dt.util.JUnitTestRunner.runChild(JUnitTestRunner.java:263)
	at edu.washington.cs.dt.util.JUnitTestRunner.run(JUnitTestRunner.java:66)
	at org.junit.runner.JUnitCore.run(JUnitCore.java:137)
	at edu.washington.cs.dt.util.JUnitTestExecutor.execute(JUnitTestExecutor.java:242)
	at edu.washington.cs.dt.util.JUnitTestExecutor.executeWithJUnit4Runner(JUnitTestExecutor.java:266)
	at edu.washington.cs.dt.util.JUnitTestExecutor.runOrder(JUnitTestExecutor.java:49)
	at edu.washington.cs.dt.util.TestRunnerWrapperFileInputs.runTests(TestRunnerWrapperFileInputs.java:59)
	at edu.washington.cs.dt.util.TestRunnerWrapperFileInputs.main(TestRunnerWrapperFileInputs.java:23)
Test being executed: RegressionTest0.test001
Test being executed: RegressionTest0.test005
Test being executed: RegressionTest0.test034
log4j:WARN No appenders could be found for logger (org.apache.accumulo.core.conf.SiteConfiguration).
log4j:WARN Please initialize the log4j system properly.
log4j:WARN See http://logging.apache.org/log4j/1.2/faq.html#noconfig for more info.
Test being executed: RegressionTest0.test035
Test being executed: RegressionTest0.test036
Test being executed: RegressionTest0.test037
Test being executed: RegressionTest0.test038
Test being executed: RegressionTest0.test039
Test being executed: RegressionTest0.test040
Test being executed: RegressionTest0.test041
Test being executed: RegressionTest0.test042
Test being executed: RegressionTest0.test043
Test being executed: RegressionTest0.test044
Test being executed: RegressionTest0.test045
Test being executed: RegressionTest0.test046
Test being executed: RegressionTest0.test047
Test being executed: RegressionTest0.test048
Test being executed: RegressionTest0.test012
Test being executed: RegressionTest0.test013
Test being executed: RegressionTest0.test014
Test being executed: RegressionTest0.test015
Test being executed: RegressionTest0.test016
Test being executed: RegressionTest0.test017
Test being executed: RegressionTest0.test018
Test being executed: RegressionTest0.test019
Test being executed: RegressionTest0.test020
Test being executed: RegressionTest0.test021
Test being executed: RegressionTest0.test022
Test being executed: RegressionTest0.test023
Test being executed: RegressionTest0.test024
Test being executed: RegressionTest0.test025
Test being executed: RegressionTest0.test026
Test being executed: RegressionTest0.test027
Test being executed: RegressionTest0.test028
Test being executed: RegressionTest0.test029
Test being executed: RegressionTest0.test030
Test being executed: RegressionTest0.test031
Test being executed: RegressionTest0.test032
Test being executed: RegressionTest0.test033
Test being executed: RegressionTest0.test049
Test being executed: RegressionTest0.test050
Test being executed: RegressionTest0.test051
Test being executed: RegressionTest0.test052
Test being executed: RegressionTest0.test053
Test being executed: RegressionTest0.test054
Test being executed: RegressionTest0.test055
Test being executed: RegressionTest0.test056
Test being executed: RegressionTest0.test057
Test being executed: RegressionTest0.test058
Test being executed: RegressionTest0.test059
Test being executed: RegressionTest0.test060
Test being executed: RegressionTest0.test061
Test being executed: RegressionTest0.test062
Test being executed: RegressionTest0.test063
Test being executed: RegressionTest0.test064
Test being executed: RegressionTest0.test065
Test being executed: RegressionTest0.test066
Test being executed: RegressionTest0.test067
Test being executed: RegressionTest0.test068
Test being executed: RegressionTest0.test069
Test being executed: RegressionTest0.test070
Test being executed: RegressionTest0.test071
Test being executed: RegressionTest0.test072
Test being executed: RegressionTest0.test073
Test being executed: RegressionTest0.test074
Test being executed: RegressionTest0.test075
Test being executed: RegressionTest0.test076
Test being executed: RegressionTest0.test077
Test being executed: RegressionTest0.test078
Test being executed: RegressionTest0.test079
Test being executed: RegressionTest0.test080
Test being executed: RegressionTest0.test081
Test being executed: RegressionTest0.test082
Test being executed: RegressionTest0.test083
Test being executed: RegressionTest0.test084
Test being executed: RegressionTest0.test085
Test being executed: RegressionTest0.test086
Test being executed: RegressionTest0.test087
Test being executed: RegressionTest0.test088
Test being executed: RegressionTest0.test089
Test being executed: RegressionTest0.test090
Test being executed: RegressionTest0.test091
Test being executed: RegressionTest0.test092
Test being executed: RegressionTest0.test093
Test being executed: RegressionTest0.test094
Test being executed: RegressionTest0.test095
Test being executed: RegressionTest0.test096
Test being executed: RegressionTest0.test097
Test being executed: RegressionTest0.test098
Test being executed: RegressionTest0.test099
Test being executed: RegressionTest0.test100
Test being executed: RegressionTest0.test101
Test being executed: RegressionTest0.test102
Test being executed: RegressionTest0.test103
Test being executed: RegressionTest0.test104
Test being executed: RegressionTest0.test004
Test being executed: RegressionTest0.test003
Test being executed: RegressionTest0.test002
Test being executed: RegressionTest0.test006
Test being executed: RegressionTest0.test007
Test being executed: RegressionTest0.test008
Test being executed: RegressionTest0.test009
Test being executed: RegressionTest0.test010
Test being executed: RegressionTest0.test011
Test being executed: RegressionTest0.test105
Test being executed: RegressionTest0.test106
Test being executed: RegressionTest0.test107
Test being executed: RegressionTest0.test108
Test being executed: RegressionTest0.test109
Test being executed: RegressionTest0.test110
Test being executed: RegressionTest0.test111
Test being executed: RegressionTest0.test112
Test being executed: RegressionTest0.test113
Test being executed: RegressionTest0.test114
Test being executed: RegressionTest0.test115
Test being executed: RegressionTest0.test116
Test being executed: RegressionTest0.test117
Test being executed: RegressionTest0.test118
Test being executed: RegressionTest0.test119
Test being executed: RegressionTest0.test120
Test being executed: RegressionTest0.test121
Test being executed: RegressionTest0.test122
Test being executed: RegressionTest0.test123
Test being executed: RegressionTest0.test124
Test being executed: RegressionTest0.test125
Test being executed: RegressionTest0.test126
Test being executed: RegressionTest0.test127
Test being executed: RegressionTest0.test128
Test being executed: RegressionTest0.test129
Test being executed: RegressionTest0.test130
Test being executed: RegressionTest0.test131
Test being executed: RegressionTest0.test132
Test being executed: RegressionTest0.test133
Test being executed: RegressionTest0.test134
Test being executed: RegressionTest0.test135
Test being executed: RegressionTest0.test136
Test being executed: RegressionTest0.test137
Test being executed: RegressionTest0.test138
Test being executed: RegressionTest0.test139
Test being executed: RegressionTest0.test140
Test being executed: RegressionTest0.test141
java.lang.AssertionError
	at org.junit.Assert.fail(Assert.java:86)
	at org.junit.Assert.assertTrue(Assert.java:41)
	at org.junit.Assert.assertTrue(Assert.java:52)
	at RegressionTest0.test141(RegressionTest0.java:1906)
	at sun.reflect.NativeMethodAccessorImpl.invoke0(Native Method)
	at sun.reflect.NativeMethodAccessorImpl.invoke(NativeMethodAccessorImpl.java:62)
	at sun.reflect.DelegatingMethodAccessorImpl.invoke(DelegatingMethodAccessorImpl.java:43)
	at java.lang.reflect.Method.invoke(Method.java:498)
	at org.junit.runners.model.FrameworkMethod$1.runReflectiveCall(FrameworkMethod.java:50)
	at org.junit.internal.runners.model.ReflectiveCallable.run(ReflectiveCallable.java:12)
	at org.junit.runners.model.FrameworkMethod.invokeExplosively(FrameworkMethod.java:47)
	at org.junit.internal.runners.statements.InvokeMethod.evaluate(InvokeMethod.java:17)
	at edu.washington.cs.dt.util.JUnitTestRunner.runChild(JUnitTestRunner.java:263)
	at edu.washington.cs.dt.util.JUnitTestRunner.run(JUnitTestRunner.java:66)
	at org.junit.runner.JUnitCore.run(JUnitCore.java:137)
	at edu.washington.cs.dt.util.JUnitTestExecutor.execute(JUnitTestExecutor.java:242)
	at edu.washington.cs.dt.util.JUnitTestExecutor.executeWithJUnit4Runner(JUnitTestExecutor.java:266)
	at edu.washington.cs.dt.util.JUnitTestExecutor.runOrder(JUnitTestExecutor.java:49)
	at edu.washington.cs.dt.util.TestRunnerWrapperFileInputs.runTests(TestRunnerWrapperFileInputs.java:59)
	at edu.washington.cs.dt.util.TestRunnerWrapperFileInputs.main(TestRunnerWrapperFileInputs.java:23)
Test being executed: RegressionTest0.test142
Test being executed: RegressionTest0.test143
Test being executed: RegressionTest0.test144
Test being executed: RegressionTest0.test145
Test being executed: RegressionTest0.test146
Test being executed: RegressionTest0.test147
Test being executed: RegressionTest0.test148
Test being executed: RegressionTest0.test149
Test being executed: RegressionTest0.test150
Test being executed: RegressionTest0.test151
Test being executed: RegressionTest0.test152
Test being executed: RegressionTest0.test153
Test being executed: RegressionTest0.test154
Test being executed: RegressionTest0.test155
Test being executed: RegressionTest0.test156
Test being executed: RegressionTest0.test157
Test being executed: RegressionTest0.test158
Test being executed: RegressionTest0.test159
Test being executed: RegressionTest0.test160
Test being executed: RegressionTest0.test161
Test being executed: RegressionTest0.test162
Test being executed: RegressionTest0.test163
Test being executed: RegressionTest0.test164
Test being executed: RegressionTest0.test165
Test being executed: RegressionTest0.test166
Test being executed: RegressionTest0.test167
Test being executed: RegressionTest0.test168
Test being executed: RegressionTest0.test169
Test being executed: RegressionTest0.test170
Test being executed: RegressionTest0.test171
Test being executed: RegressionTest0.test172
Test being executed: RegressionTest0.test173
Test being executed: RegressionTest0.test174
Test being executed: RegressionTest0.test175
Test being executed: RegressionTest0.test176
Test being executed: RegressionTest0.test177
Test being executed: RegressionTest0.test178
Test being executed: RegressionTest0.test179
Test being executed: RegressionTest0.test180
Test being executed: RegressionTest0.test181
Test being executed: RegressionTest0.test182
Test being executed: RegressionTest0.test183
Test being executed: RegressionTest0.test184
Test being executed: RegressionTest0.test185
Test being executed: RegressionTest0.test186
Test being executed: RegressionTest0.test187
Test being executed: RegressionTest0.test188
Test being executed: RegressionTest0.test189
Test being executed: RegressionTest0.test190
Test being executed: RegressionTest0.test191
Test being executed: RegressionTest0.test192
Test being executed: RegressionTest0.test193
Test being executed: RegressionTest0.test194
Test being executed: RegressionTest0.test195
Test being executed: RegressionTest0.test196
Test being executed: RegressionTest0.test197
Test being executed: RegressionTest0.test198
Test being executed: RegressionTest0.test199
Test being executed: RegressionTest0.test200
Test being executed: RegressionTest0.test201
Test being executed: RegressionTest0.test202
Test being executed: RegressionTest0.test203
Test being executed: RegressionTest0.test204
Test being executed: RegressionTest0.test205
Test being executed: RegressionTest0.test206
Test being executed: RegressionTest0.test207
Test being executed: RegressionTest0.test208
Test being executed: RegressionTest0.test209
Test being executed: RegressionTest0.test210
Test being executed: RegressionTest0.test211
Test being executed: RegressionTest0.test212
Test being executed: RegressionTest0.test213
Test being executed: RegressionTest0.test214
Test being executed: RegressionTest0.test215
Test being executed: RegressionTest0.test216
Test being executed: RegressionTest0.test217
Test being executed: RegressionTest0.test218
Test being executed: RegressionTest0.test219
Test being executed: RegressionTest0.test220
Test being executed: RegressionTest0.test221
Test being executed: RegressionTest0.test222
Test being executed: RegressionTest0.test223
Test being executed: RegressionTest0.test224
Test being executed: RegressionTest0.test225
Test being executed: RegressionTest0.test226
Test being executed: RegressionTest0.test227
Test being executed: RegressionTest0.test228
Test being executed: RegressionTest0.test229
Test being executed: RegressionTest0.test230
Test being executed: RegressionTest0.test231
Test being executed: RegressionTest0.test232
Test being executed: RegressionTest0.test233
Test being executed: RegressionTest0.test234
Test being executed: RegressionTest0.test235
Test being executed: RegressionTest0.test236
Test being executed: RegressionTest0.test237
Test being executed: RegressionTest0.test238
Test being executed: RegressionTest0.test239
Test being executed: RegressionTest0.test240
Test being executed: RegressionTest0.test241
Test being executed: RegressionTest0.test242
Test being executed: RegressionTest0.test243
Test being executed: RegressionTest0.test244
Test being executed: RegressionTest0.test245
Test being executed: RegressionTest0.test246
Test being executed: RegressionTest0.test247
Test being executed: RegressionTest0.test248
Test being executed: RegressionTest0.test249
Test being executed: RegressionTest0.test250
Test being executed: RegressionTest0.test251
Test being executed: RegressionTest0.test252
Test being executed: RegressionTest0.test253
Test being executed: RegressionTest0.test254
Test being executed: RegressionTest0.test255
Test being executed: RegressionTest0.test256
Test being executed: RegressionTest0.test257
Test being executed: RegressionTest0.test258
Test being executed: RegressionTest0.test259
Test being executed: RegressionTest0.test260
Test being executed: RegressionTest0.test261
Test being executed: RegressionTest0.test262
Test being executed: RegressionTest0.test263
Test being executed: RegressionTest0.test264
Test being executed: RegressionTest0.test265
Test being executed: RegressionTest0.test266
Test being executed: RegressionTest0.test267
Test being executed: RegressionTest0.test268
Test being executed: RegressionTest0.test269
Test being executed: RegressionTest0.test270
Test being executed: RegressionTest0.test271
Test being executed: RegressionTest0.test272
Test being executed: RegressionTest0.test273
Test being executed: RegressionTest0.test274
Test being executed: RegressionTest0.test275
Test being executed: RegressionTest0.test276
Test being executed: RegressionTest0.test277
Test being executed: RegressionTest0.test278
Test being executed: RegressionTest0.test279
Test being executed: RegressionTest0.test280
Test being executed: RegressionTest0.test281
Test being executed: RegressionTest0.test282
Test being executed: RegressionTest0.test283
Test being executed: RegressionTest0.test284
Test being executed: RegressionTest0.test285
Test being executed: RegressionTest0.test286
Test being executed: RegressionTest0.test287
Test being executed: RegressionTest0.test288
Test being executed: RegressionTest0.test289
java.lang.AssertionError
	at org.junit.Assert.fail(Assert.java:86)
	at org.junit.Assert.assertTrue(Assert.java:41)
	at org.junit.Assert.assertTrue(Assert.java:52)
	at RegressionTest0.test289(RegressionTest0.java:4273)
	at sun.reflect.NativeMethodAccessorImpl.invoke0(Native Method)
	at sun.reflect.NativeMethodAccessorImpl.invoke(NativeMethodAccessorImpl.java:62)
	at sun.reflect.DelegatingMethodAccessorImpl.invoke(DelegatingMethodAccessorImpl.java:43)
	at java.lang.reflect.Method.invoke(Method.java:498)
	at org.junit.runners.model.FrameworkMethod$1.runReflectiveCall(FrameworkMethod.java:50)
	at org.junit.internal.runners.model.ReflectiveCallable.run(ReflectiveCallable.java:12)
	at org.junit.runners.model.FrameworkMethod.invokeExplosively(FrameworkMethod.java:47)
	at org.junit.internal.runners.statements.InvokeMethod.evaluate(InvokeMethod.java:17)
	at edu.washington.cs.dt.util.JUnitTestRunner.runChild(JUnitTestRunner.java:263)
	at edu.washington.cs.dt.util.JUnitTestRunner.run(JUnitTestRunner.java:66)
	at org.junit.runner.JUnitCore.run(JUnitCore.java:137)
	at edu.washington.cs.dt.util.JUnitTestExecutor.execute(JUnitTestExecutor.java:242)
	at edu.washington.cs.dt.util.JUnitTestExecutor.executeWithJUnit4Runner(JUnitTestExecutor.java:266)
	at edu.washington.cs.dt.util.JUnitTestExecutor.runOrder(JUnitTestExecutor.java:49)
	at edu.washington.cs.dt.util.TestRunnerWrapperFileInputs.runTests(TestRunnerWrapperFileInputs.java:59)
	at edu.washington.cs.dt.util.TestRunnerWrapperFileInputs.main(TestRunnerWrapperFileInputs.java:23)
Test being executed: RegressionTest0.test290
Test being executed: RegressionTest0.test291
Test being executed: RegressionTest0.test292
Test being executed: RegressionTest0.test293
Test being executed: RegressionTest0.test294
Test being executed: RegressionTest0.test295
Test being executed: RegressionTest0.test296
Test being executed: RegressionTest0.test297
Test being executed: RegressionTest0.test298
Test being executed: RegressionTest0.test299
Test being executed: RegressionTest0.test300
Test being executed: RegressionTest0.test301
Test being executed: RegressionTest0.test302
Test being executed: RegressionTest0.test303
Test being executed: RegressionTest0.test304
Test being executed: RegressionTest0.test305
Test being executed: RegressionTest0.test306
Test being executed: RegressionTest0.test307
Test being executed: RegressionTest0.test308
Test being executed: RegressionTest0.test309
Test being executed: RegressionTest0.test310
Test being executed: RegressionTest0.test311
Test being executed: RegressionTest0.test312
Test being executed: RegressionTest0.test313
Test being executed: RegressionTest0.test314
Test being executed: RegressionTest0.test315
Test being executed: RegressionTest0.test316
Test being executed: RegressionTest0.test317
Test being executed: RegressionTest0.test318
Test being executed: RegressionTest0.test319
Test being executed: RegressionTest0.test320
Test being executed: RegressionTest0.test321
Test being executed: RegressionTest0.test322
Test being executed: RegressionTest0.test323
Test being executed: RegressionTest0.test324
Test being executed: RegressionTest0.test325
Test being executed: RegressionTest0.test326
Test being executed: RegressionTest0.test327
Test being executed: RegressionTest0.test328
Test being executed: RegressionTest0.test329
Test being executed: RegressionTest0.test330
Test being executed: RegressionTest0.test331
Test being executed: RegressionTest0.test332
Test being executed: RegressionTest0.test333
Test being executed: RegressionTest0.test334
Test being executed: RegressionTest0.test335
Test being executed: RegressionTest0.test336
Test being executed: RegressionTest0.test337
Test being executed: RegressionTest0.test338
Test being executed: RegressionTest0.test339
Test being executed: RegressionTest0.test340
Test being executed: RegressionTest0.test341
Test being executed: RegressionTest0.test342
Test being executed: RegressionTest0.test343
Test being executed: RegressionTest0.test344
Test being executed: RegressionTest0.test345
Test being executed: RegressionTest0.test346
Test being executed: RegressionTest0.test347
Test being executed: RegressionTest0.test348
Test being executed: RegressionTest0.test349
Test being executed: RegressionTest0.test350
Test being executed: RegressionTest0.test351
Test being executed: RegressionTest0.test352
Test being executed: RegressionTest0.test353
Test being executed: RegressionTest0.test354
Test being executed: RegressionTest0.test355
Test being executed: RegressionTest0.test356
java.lang.AssertionError
	at org.junit.Assert.fail(Assert.java:86)
	at org.junit.Assert.assertTrue(Assert.java:41)
	at org.junit.Assert.assertTrue(Assert.java:52)
	at RegressionTest0.test356(RegressionTest0.java:5427)
	at sun.reflect.NativeMethodAccessorImpl.invoke0(Native Method)
	at sun.reflect.NativeMethodAccessorImpl.invoke(NativeMethodAccessorImpl.java:62)
	at sun.reflect.DelegatingMethodAccessorImpl.invoke(DelegatingMethodAccessorImpl.java:43)
	at java.lang.reflect.Method.invoke(Method.java:498)
	at org.junit.runners.model.FrameworkMethod$1.runReflectiveCall(FrameworkMethod.java:50)
	at org.junit.internal.runners.model.ReflectiveCallable.run(ReflectiveCallable.java:12)
	at org.junit.runners.model.FrameworkMethod.invokeExplosively(FrameworkMethod.java:47)
	at org.junit.internal.runners.statements.InvokeMethod.evaluate(InvokeMethod.java:17)
	at edu.washington.cs.dt.util.JUnitTestRunner.runChild(JUnitTestRunner.java:263)
	at edu.washington.cs.dt.util.JUnitTestRunner.run(JUnitTestRunner.java:66)
	at org.junit.runner.JUnitCore.run(JUnitCore.java:137)
	at edu.washington.cs.dt.util.JUnitTestExecutor.execute(JUnitTestExecutor.java:242)
	at edu.washington.cs.dt.util.JUnitTestExecutor.executeWithJUnit4Runner(JUnitTestExecutor.java:266)
	at edu.washington.cs.dt.util.JUnitTestExecutor.runOrder(JUnitTestExecutor.java:49)
	at edu.washington.cs.dt.util.TestRunnerWrapperFileInputs.runTests(TestRunnerWrapperFileInputs.java:59)
	at edu.washington.cs.dt.util.TestRunnerWrapperFileInputs.main(TestRunnerWrapperFileInputs.java:23)
Test being executed: RegressionTest0.test357
Test being executed: RegressionTest0.test358
Test being executed: RegressionTest0.test359
Test being executed: RegressionTest0.test360
Test being executed: RegressionTest0.test361
Test being executed: RegressionTest0.test362
java.lang.AssertionError
	at org.junit.Assert.fail(Assert.java:86)
	at org.junit.Assert.assertTrue(Assert.java:41)
	at org.junit.Assert.assertTrue(Assert.java:52)
	at RegressionTest0.test362(RegressionTest0.java:5519)
	at sun.reflect.NativeMethodAccessorImpl.invoke0(Native Method)
	at sun.reflect.NativeMethodAccessorImpl.invoke(NativeMethodAccessorImpl.java:62)
	at sun.reflect.DelegatingMethodAccessorImpl.invoke(DelegatingMethodAccessorImpl.java:43)
	at java.lang.reflect.Method.invoke(Method.java:498)
	at org.junit.runners.model.FrameworkMethod$1.runReflectiveCall(FrameworkMethod.java:50)
	at org.junit.internal.runners.model.ReflectiveCallable.run(ReflectiveCallable.java:12)
	at org.junit.runners.model.FrameworkMethod.invokeExplosively(FrameworkMethod.java:47)
	at org.junit.internal.runners.statements.InvokeMethod.evaluate(InvokeMethod.java:17)
	at edu.washington.cs.dt.util.JUnitTestRunner.runChild(JUnitTestRunner.java:263)
	at edu.washington.cs.dt.util.JUnitTestRunner.run(JUnitTestRunner.java:66)
	at org.junit.runner.JUnitCore.run(JUnitCore.java:137)
	at edu.washington.cs.dt.util.JUnitTestExecutor.execute(JUnitTestExecutor.java:242)
	at edu.washington.cs.dt.util.JUnitTestExecutor.executeWithJUnit4Runner(JUnitTestExecutor.java:266)
	at edu.washington.cs.dt.util.JUnitTestExecutor.runOrder(JUnitTestExecutor.java:49)
	at edu.washington.cs.dt.util.TestRunnerWrapperFileInputs.runTests(TestRunnerWrapperFileInputs.java:59)
	at edu.washington.cs.dt.util.TestRunnerWrapperFileInputs.main(TestRunnerWrapperFileInputs.java:23)
Test being executed: RegressionTest0.test363
Test being executed: RegressionTest0.test364
Test being executed: RegressionTest0.test365
Test being executed: RegressionTest0.test366
Test being executed: RegressionTest0.test367
Test being executed: RegressionTest0.test368
Test being executed: RegressionTest0.test369
Test being executed: RegressionTest0.test370
Test being executed: RegressionTest0.test371
Test being executed: RegressionTest0.test372
Test being executed: RegressionTest0.test373
Test being executed: RegressionTest0.test374
Test being executed: RegressionTest0.test375
Test being executed: RegressionTest0.test376
Test being executed: RegressionTest0.test377
Test being executed: RegressionTest0.test378
Test being executed: RegressionTest0.test379
Test being executed: RegressionTest0.test380
Test being executed: RegressionTest0.test381
Test being executed: RegressionTest0.test382
Test being executed: RegressionTest0.test383
Test being executed: RegressionTest0.test384
Test being executed: RegressionTest0.test385
Test being executed: RegressionTest0.test386
java.lang.AssertionError
	at org.junit.Assert.fail(Assert.java:86)
	at org.junit.Assert.assertTrue(Assert.java:41)
	at org.junit.Assert.assertTrue(Assert.java:52)
	at RegressionTest0.test386(RegressionTest0.java:5897)
	at sun.reflect.NativeMethodAccessorImpl.invoke0(Native Method)
	at sun.reflect.NativeMethodAccessorImpl.invoke(NativeMethodAccessorImpl.java:62)
	at sun.reflect.DelegatingMethodAccessorImpl.invoke(DelegatingMethodAccessorImpl.java:43)
	at java.lang.reflect.Method.invoke(Method.java:498)
	at org.junit.runners.model.FrameworkMethod$1.runReflectiveCall(FrameworkMethod.java:50)
	at org.junit.internal.runners.model.ReflectiveCallable.run(ReflectiveCallable.java:12)
	at org.junit.runners.model.FrameworkMethod.invokeExplosively(FrameworkMethod.java:47)
	at org.junit.internal.runners.statements.InvokeMethod.evaluate(InvokeMethod.java:17)
	at edu.washington.cs.dt.util.JUnitTestRunner.runChild(JUnitTestRunner.java:263)
	at edu.washington.cs.dt.util.JUnitTestRunner.run(JUnitTestRunner.java:66)
	at org.junit.runner.JUnitCore.run(JUnitCore.java:137)
	at edu.washington.cs.dt.util.JUnitTestExecutor.execute(JUnitTestExecutor.java:242)
	at edu.washington.cs.dt.util.JUnitTestExecutor.executeWithJUnit4Runner(JUnitTestExecutor.java:266)
	at edu.washington.cs.dt.util.JUnitTestExecutor.runOrder(JUnitTestExecutor.java:49)
	at edu.washington.cs.dt.util.TestRunnerWrapperFileInputs.runTests(TestRunnerWrapperFileInputs.java:59)
	at edu.washington.cs.dt.util.TestRunnerWrapperFileInputs.main(TestRunnerWrapperFileInputs.java:23)
Test being executed: RegressionTest0.test387
Test being executed: RegressionTest0.test388
Test being executed: RegressionTest0.test389
Test being executed: RegressionTest0.test390
Test being executed: RegressionTest0.test391
Test being executed: RegressionTest0.test392
Test being executed: RegressionTest0.test393
Test being executed: RegressionTest0.test394
Test being executed: RegressionTest0.test395
Test being executed: RegressionTest0.test396
Test being executed: RegressionTest0.test397
Test being executed: RegressionTest0.test398
Test being executed: RegressionTest0.test399
Test being executed: RegressionTest0.test400
Test being executed: RegressionTest0.test401
Test being executed: RegressionTest0.test402
Test being executed: RegressionTest0.test403
Test being executed: RegressionTest0.test404
Test being executed: RegressionTest0.test405
Test being executed: RegressionTest0.test406
Test being executed: RegressionTest0.test407
Test being executed: RegressionTest0.test408
Test being executed: RegressionTest0.test409
Test being executed: RegressionTest0.test410
Test being executed: RegressionTest0.test411
Test being executed: RegressionTest0.test412
Test being executed: RegressionTest0.test413
Test being executed: RegressionTest0.test414
Test being executed: RegressionTest0.test415
java.lang.AssertionError
	at org.junit.Assert.fail(Assert.java:86)
	at org.junit.Assert.assertTrue(Assert.java:41)
	at org.junit.Assert.assertTrue(Assert.java:52)
	at RegressionTest0.test415(RegressionTest0.java:6458)
	at sun.reflect.NativeMethodAccessorImpl.invoke0(Native Method)
	at sun.reflect.NativeMethodAccessorImpl.invoke(NativeMethodAccessorImpl.java:62)
	at sun.reflect.DelegatingMethodAccessorImpl.invoke(DelegatingMethodAccessorImpl.java:43)
	at java.lang.reflect.Method.invoke(Method.java:498)
	at org.junit.runners.model.FrameworkMethod$1.runReflectiveCall(FrameworkMethod.java:50)
	at org.junit.internal.runners.model.ReflectiveCallable.run(ReflectiveCallable.java:12)
	at org.junit.runners.model.FrameworkMethod.invokeExplosively(FrameworkMethod.java:47)
	at org.junit.internal.runners.statements.InvokeMethod.evaluate(InvokeMethod.java:17)
	at edu.washington.cs.dt.util.JUnitTestRunner.runChild(JUnitTestRunner.java:263)
	at edu.washington.cs.dt.util.JUnitTestRunner.run(JUnitTestRunner.java:66)
	at org.junit.runner.JUnitCore.run(JUnitCore.java:137)
	at edu.washington.cs.dt.util.JUnitTestExecutor.execute(JUnitTestExecutor.java:242)
	at edu.washington.cs.dt.util.JUnitTestExecutor.executeWithJUnit4Runner(JUnitTestExecutor.java:266)
	at edu.washington.cs.dt.util.JUnitTestExecutor.runOrder(JUnitTestExecutor.java:49)
	at edu.washington.cs.dt.util.TestRunnerWrapperFileInputs.runTests(TestRunnerWrapperFileInputs.java:59)
	at edu.washington.cs.dt.util.TestRunnerWrapperFileInputs.main(TestRunnerWrapperFileInputs.java:23)
Test being executed: RegressionTest0.test416
Test being executed: RegressionTest0.test417
Test being executed: RegressionTest0.test418
Test being executed: RegressionTest0.test419
Test being executed: RegressionTest0.test420
Test being executed: RegressionTest0.test421
Test being executed: RegressionTest0.test422
Test being executed: RegressionTest0.test423
Test being executed: RegressionTest0.test424
Test being executed: RegressionTest0.test425
Test being executed: RegressionTest0.test426
Test being executed: RegressionTest0.test427
Test being executed: RegressionTest0.test428
Test being executed: RegressionTest0.test429
Test being executed: RegressionTest0.test430
Test being executed: RegressionTest0.test431
Test being executed: RegressionTest0.test432
Test being executed: RegressionTest0.test433
Test being executed: RegressionTest0.test434
Test being executed: RegressionTest0.test435
Test being executed: RegressionTest0.test436
Test being executed: RegressionTest0.test437
Test being executed: RegressionTest0.test438
Test being executed: RegressionTest0.test439
Test being executed: RegressionTest0.test440
Test being executed: RegressionTest0.test441
Test being executed: RegressionTest0.test442
Test being executed: RegressionTest0.test443
Test being executed: RegressionTest0.test444
Test being executed: RegressionTest0.test445
Test being executed: RegressionTest0.test446
Test being executed: RegressionTest0.test447
Test being executed: RegressionTest0.test448
Test being executed: RegressionTest0.test449
Test being executed: RegressionTest0.test450
Test being executed: RegressionTest0.test451
Test being executed: RegressionTest0.test452
Test being executed: RegressionTest0.test453
Test being executed: RegressionTest0.test454
Test being executed: RegressionTest0.test455
Test being executed: RegressionTest0.test456
Test being executed: RegressionTest0.test457
Test being executed: RegressionTest0.test458
Test being executed: RegressionTest0.test459
Test being executed: RegressionTest0.test460
Test being executed: RegressionTest0.test461
Test being executed: RegressionTest0.test462
java.lang.AssertionError
	at org.junit.Assert.fail(Assert.java:86)
	at org.junit.Assert.assertTrue(Assert.java:41)
	at org.junit.Assert.assertTrue(Assert.java:52)
	at RegressionTest0.test462(RegressionTest0.java:7221)
	at sun.reflect.NativeMethodAccessorImpl.invoke0(Native Method)
	at sun.reflect.NativeMethodAccessorImpl.invoke(NativeMethodAccessorImpl.java:62)
	at sun.reflect.DelegatingMethodAccessorImpl.invoke(DelegatingMethodAccessorImpl.java:43)
	at java.lang.reflect.Method.invoke(Method.java:498)
	at org.junit.runners.model.FrameworkMethod$1.runReflectiveCall(FrameworkMethod.java:50)
	at org.junit.internal.runners.model.ReflectiveCallable.run(ReflectiveCallable.java:12)
	at org.junit.runners.model.FrameworkMethod.invokeExplosively(FrameworkMethod.java:47)
	at org.junit.internal.runners.statements.InvokeMethod.evaluate(InvokeMethod.java:17)
	at edu.washington.cs.dt.util.JUnitTestRunner.runChild(JUnitTestRunner.java:263)
	at edu.washington.cs.dt.util.JUnitTestRunner.run(JUnitTestRunner.java:66)
	at org.junit.runner.JUnitCore.run(JUnitCore.java:137)
	at edu.washington.cs.dt.util.JUnitTestExecutor.execute(JUnitTestExecutor.java:242)
	at edu.washington.cs.dt.util.JUnitTestExecutor.executeWithJUnit4Runner(JUnitTestExecutor.java:266)
	at edu.washington.cs.dt.util.JUnitTestExecutor.runOrder(JUnitTestExecutor.java:49)
	at edu.washington.cs.dt.util.TestRunnerWrapperFileInputs.runTests(TestRunnerWrapperFileInputs.java:59)
Test being executed: RegressionTest0.test463
	at edu.washington.cs.dt.util.TestRunnerWrapperFileInputs.main(TestRunnerWrapperFileInputs.java:23)
Test being executed: RegressionTest0.test464
Test being executed: RegressionTest0.test465
Test being executed: RegressionTest0.test466
Test being executed: RegressionTest0.test467
Test being executed: RegressionTest0.test468
Test being executed: RegressionTest0.test469
Test being executed: RegressionTest0.test470
Test being executed: RegressionTest0.test471
Test being executed: RegressionTest0.test472
Test being executed: RegressionTest0.test473
Test being executed: RegressionTest0.test474
Test being executed: RegressionTest0.test475
Test being executed: RegressionTest0.test476
Test being executed: RegressionTest0.test477
Test being executed: RegressionTest0.test478
Test being executed: RegressionTest0.test479
Test being executed: RegressionTest0.test480
Test being executed: RegressionTest0.test481
Test being executed: RegressionTest0.test482
java.lang.AssertionError
	at org.junit.Assert.fail(Assert.java:86)
	at org.junit.Assert.assertTrue(Assert.java:41)
	at org.junit.Assert.assertTrue(Assert.java:52)
	at RegressionTest0.test482(RegressionTest0.java:7566)
	at sun.reflect.NativeMethodAccessorImpl.invoke0(Native Method)
	at sun.reflect.NativeMethodAccessorImpl.invoke(NativeMethodAccessorImpl.java:62)
	at sun.reflect.DelegatingMethodAccessorImpl.invoke(DelegatingMethodAccessorImpl.java:43)
	at java.lang.reflect.Method.invoke(Method.java:498)
	at org.junit.runners.model.FrameworkMethod$1.runReflectiveCall(FrameworkMethod.java:50)
	at org.junit.internal.runners.model.ReflectiveCallable.run(ReflectiveCallable.java:12)
	at org.junit.runners.model.FrameworkMethod.invokeExplosively(FrameworkMethod.java:47)
	at org.junit.internal.runners.statements.InvokeMethod.evaluate(InvokeMethod.java:17)
	at edu.washington.cs.dt.util.JUnitTestRunner.runChild(JUnitTestRunner.java:263)
	at edu.washington.cs.dt.util.JUnitTestRunner.run(JUnitTestRunner.java:66)
Test being executed: RegressionTest0.test483
	at org.junit.runner.JUnitCore.run(JUnitCore.java:137)
	at edu.washington.cs.dt.util.JUnitTestExecutor.execute(JUnitTestExecutor.java:242)
	at edu.washington.cs.dt.util.JUnitTestExecutor.executeWithJUnit4Runner(JUnitTestExecutor.java:266)
	at edu.washington.cs.dt.util.JUnitTestExecutor.runOrder(JUnitTestExecutor.java:49)
	at edu.washington.cs.dt.util.TestRunnerWrapperFileInputs.runTests(TestRunnerWrapperFileInputs.java:59)
	at edu.washington.cs.dt.util.TestRunnerWrapperFileInputs.main(TestRunnerWrapperFileInputs.java:23)
java.lang.AssertionError
	at org.junit.Assert.fail(Assert.java:86)
	at org.junit.Assert.assertTrue(Assert.java:41)
	at org.junit.Assert.assertTrue(Assert.java:52)
	at RegressionTest0.test483(RegressionTest0.java:7580)
	at sun.reflect.NativeMethodAccessorImpl.invoke0(Native Method)
	at sun.reflect.NativeMethodAccessorImpl.invoke(NativeMethodAccessorImpl.java:62)
	at sun.reflect.DelegatingMethodAccessorImpl.invoke(DelegatingMethodAccessorImpl.java:43)
	at java.lang.reflect.Method.invoke(Method.java:498)
	at org.junit.runners.model.FrameworkMethod$1.runReflectiveCall(FrameworkMethod.java:50)
	at org.junit.internal.runners.model.ReflectiveCallable.run(ReflectiveCallable.java:12)
	at org.junit.runners.model.FrameworkMethod.invokeExplosively(FrameworkMethod.java:47)
	at org.junit.internal.runners.statements.InvokeMethod.evaluate(InvokeMethod.java:17)
	at edu.washington.cs.dt.util.JUnitTestRunner.runChild(JUnitTestRunner.java:263)
	at edu.washington.cs.dt.util.JUnitTestRunner.run(JUnitTestRunner.java:66)
	at org.junit.runner.JUnitCore.run(JUnitCore.java:137)
	at edu.washington.cs.dt.util.JUnitTestExecutor.execute(JUnitTestExecutor.java:242)
	at edu.washington.cs.dt.util.JUnitTestExecutor.executeWithJUnit4Runner(JUnitTestExecutor.java:266)
	at edu.washington.cs.dt.util.JUnitTestExecutor.runOrder(JUnitTestExecutor.java:49)
	at edu.washington.cs.dt.util.TestRunnerWrapperFileInputs.runTests(TestRunnerWrapperFileInputs.java:59)
Test being executed: RegressionTest0.test484
	at edu.washington.cs.dt.util.TestRunnerWrapperFileInputs.main(TestRunnerWrapperFileInputs.java:23)
Test being executed: RegressionTest0.test485
Test being executed: RegressionTest0.test486
Test being executed: RegressionTest0.test487
Test being executed: RegressionTest0.test488
Test being executed: RegressionTest0.test489
Test being executed: RegressionTest0.test490
Test being executed: RegressionTest0.test491
Test being executed: RegressionTest0.test492
Test being executed: RegressionTest0.test493
Test being executed: RegressionTest0.test494
Test being executed: RegressionTest0.test495
Test being executed: RegressionTest0.test496
Test being executed: RegressionTest0.test497
Test being executed: RegressionTest0.test498
Test being executed: RegressionTest0.test499
Test being executed: RegressionTest0.test500
Test being executed: RegressionTest1.test001
Test being executed: RegressionTest1.test005
Test being executed: RegressionTest1.test034
Test being executed: RegressionTest1.test035
Test being executed: RegressionTest1.test036
Test being executed: RegressionTest1.test037
Test being executed: RegressionTest1.test038
Test being executed: RegressionTest1.test039
Test being executed: RegressionTest1.test040
Test being executed: RegressionTest1.test041
Test being executed: RegressionTest1.test042
Test being executed: RegressionTest1.test043
Test being executed: RegressionTest1.test044
Test being executed: RegressionTest1.test045
Test being executed: RegressionTest1.test046
Test being executed: RegressionTest1.test047
Test being executed: RegressionTest1.test048
Test being executed: RegressionTest1.test012
Test being executed: RegressionTest1.test013
java.lang.AssertionError
	at org.junit.Assert.fail(Assert.java:86)
	at org.junit.Assert.assertTrue(Assert.java:41)
	at org.junit.Assert.assertTrue(Assert.java:52)
	at RegressionTest1.test013(RegressionTest1.java:202)
	at sun.reflect.NativeMethodAccessorImpl.invoke0(Native Method)
	at sun.reflect.NativeMethodAccessorImpl.invoke(NativeMethodAccessorImpl.java:62)
	at sun.reflect.DelegatingMethodAccessorImpl.invoke(DelegatingMethodAccessorImpl.java:43)
	at java.lang.reflect.Method.invoke(Method.java:498)
	at org.junit.runners.model.FrameworkMethod$1.runReflectiveCall(FrameworkMethod.java:50)
	at org.junit.internal.runners.model.ReflectiveCallable.run(ReflectiveCallable.java:12)
	at org.junit.runners.model.FrameworkMethod.invokeExplosively(FrameworkMethod.java:47)
	at org.junit.internal.runners.statements.InvokeMethod.evaluate(InvokeMethod.java:17)
	at edu.washington.cs.dt.util.JUnitTestRunner.runChild(JUnitTestRunner.java:263)
	at edu.washington.cs.dt.util.JUnitTestRunner.run(JUnitTestRunner.java:66)
Test being executed: RegressionTest1.test014
	at org.junit.runner.JUnitCore.run(JUnitCore.java:137)
	at edu.washington.cs.dt.util.JUnitTestExecutor.execute(JUnitTestExecutor.java:242)
	at edu.washington.cs.dt.util.JUnitTestExecutor.executeWithJUnit4Runner(JUnitTestExecutor.java:266)
	at edu.washington.cs.dt.util.JUnitTestExecutor.runOrder(JUnitTestExecutor.java:49)
	at edu.washington.cs.dt.util.TestRunnerWrapperFileInputs.runTests(TestRunnerWrapperFileInputs.java:59)
	at edu.washington.cs.dt.util.TestRunnerWrapperFileInputs.main(TestRunnerWrapperFileInputs.java:23)
Test being executed: RegressionTest1.test015
Test being executed: RegressionTest1.test016
Test being executed: RegressionTest1.test017
Test being executed: RegressionTest1.test018
Test being executed: RegressionTest1.test019
Test being executed: RegressionTest1.test020
Test being executed: RegressionTest1.test021
Test being executed: RegressionTest1.test022
Test being executed: RegressionTest1.test023
Test being executed: RegressionTest1.test024
Test being executed: RegressionTest1.test025
Test being executed: RegressionTest1.test026
Test being executed: RegressionTest1.test027
Test being executed: RegressionTest1.test028
Test being executed: RegressionTest1.test029
Test being executed: RegressionTest1.test030
Test being executed: RegressionTest1.test031
Test being executed: RegressionTest1.test032
Test being executed: RegressionTest1.test033
Test being executed: RegressionTest1.test049
Test being executed: RegressionTest1.test050
Test being executed: RegressionTest1.test051
Test being executed: RegressionTest1.test052
Test being executed: RegressionTest1.test053
Test being executed: RegressionTest1.test054
Test being executed: RegressionTest1.test055
Test being executed: RegressionTest1.test056
Test being executed: RegressionTest1.test057
Test being executed: RegressionTest1.test058
Test being executed: RegressionTest1.test059
java.lang.AssertionError
	at org.junit.Assert.fail(Assert.java:86)
	at org.junit.Assert.assertTrue(Assert.java:41)
	at org.junit.Assert.assertTrue(Assert.java:52)
	at RegressionTest1.test059(RegressionTest1.java:1062)
	at sun.reflect.NativeMethodAccessorImpl.invoke0(Native Method)
	at sun.reflect.NativeMethodAccessorImpl.invoke(NativeMethodAccessorImpl.java:62)
	at sun.reflect.DelegatingMethodAccessorImpl.invoke(DelegatingMethodAccessorImpl.java:43)
	at java.lang.reflect.Method.invoke(Method.java:498)
	at org.junit.runners.model.FrameworkMethod$1.runReflectiveCall(FrameworkMethod.java:50)
	at org.junit.internal.runners.model.ReflectiveCallable.run(ReflectiveCallable.java:12)
	at org.junit.runners.model.FrameworkMethod.invokeExplosively(FrameworkMethod.java:47)
	at org.junit.internal.runners.statements.InvokeMethod.evaluate(InvokeMethod.java:17)
	at edu.washington.cs.dt.util.JUnitTestRunner.runChild(JUnitTestRunner.java:263)
	at edu.washington.cs.dt.util.JUnitTestRunner.run(JUnitTestRunner.java:66)
	at org.junit.runner.JUnitCore.run(JUnitCore.java:137)
	at edu.washington.cs.dt.util.JUnitTestExecutor.execute(JUnitTestExecutor.java:242)
	at edu.washington.cs.dt.util.JUnitTestExecutor.executeWithJUnit4Runner(JUnitTestExecutor.java:266)
	at edu.washington.cs.dt.util.JUnitTestExecutor.runOrder(JUnitTestExecutor.java:49)
	at edu.washington.cs.dt.util.TestRunnerWrapperFileInputs.runTests(TestRunnerWrapperFileInputs.java:59)
	at edu.washington.cs.dt.util.TestRunnerWrapperFileInputs.main(TestRunnerWrapperFileInputs.java:23)
Test being executed: RegressionTest1.test060
Test being executed: RegressionTest1.test061
Test being executed: RegressionTest1.test062
Test being executed: RegressionTest1.test063
Test being executed: RegressionTest1.test064
Test being executed: RegressionTest1.test065
Test being executed: RegressionTest1.test066
Test being executed: RegressionTest1.test067
java.lang.AssertionError
	at org.junit.Assert.fail(Assert.java:86)
	at org.junit.Assert.assertTrue(Assert.java:41)
	at org.junit.Assert.assertTrue(Assert.java:52)
	at RegressionTest1.test067(RegressionTest1.java:1179)
	at sun.reflect.NativeMethodAccessorImpl.invoke0(Native Method)
	at sun.reflect.NativeMethodAccessorImpl.invoke(NativeMethodAccessorImpl.java:62)
	at sun.reflect.DelegatingMethodAccessorImpl.invoke(DelegatingMethodAccessorImpl.java:43)
	at java.lang.reflect.Method.invoke(Method.java:498)
	at org.junit.runners.model.FrameworkMethod$1.runReflectiveCall(FrameworkMethod.java:50)
	at org.junit.internal.runners.model.ReflectiveCallable.run(ReflectiveCallable.java:12)
	at org.junit.runners.model.FrameworkMethod.invokeExplosively(FrameworkMethod.java:47)
	at org.junit.internal.runners.statements.InvokeMethod.evaluate(InvokeMethod.java:17)
	at edu.washington.cs.dt.util.JUnitTestRunner.runChild(JUnitTestRunner.java:263)
	at edu.washington.cs.dt.util.JUnitTestRunner.run(JUnitTestRunner.java:66)
	at org.junit.runner.JUnitCore.run(JUnitCore.java:137)
	at edu.washington.cs.dt.util.JUnitTestExecutor.execute(JUnitTestExecutor.java:242)
	at edu.washington.cs.dt.util.JUnitTestExecutor.executeWithJUnit4Runner(JUnitTestExecutor.java:266)
	at edu.washington.cs.dt.util.JUnitTestExecutor.runOrder(JUnitTestExecutor.java:49)
	at edu.washington.cs.dt.util.TestRunnerWrapperFileInputs.runTests(TestRunnerWrapperFileInputs.java:59)
	at edu.washington.cs.dt.util.TestRunnerWrapperFileInputs.main(TestRunnerWrapperFileInputs.java:23)
Test being executed: RegressionTest1.test068
Test being executed: RegressionTest1.test069
Test being executed: RegressionTest1.test070
Test being executed: RegressionTest1.test071
Test being executed: RegressionTest1.test072
Test being executed: RegressionTest1.test073
Test being executed: RegressionTest1.test074
Test being executed: RegressionTest1.test075
Test being executed: RegressionTest1.test076
Test being executed: RegressionTest1.test077
Test being executed: RegressionTest1.test078
Test being executed: RegressionTest1.test079
Test being executed: RegressionTest1.test080
Test being executed: RegressionTest1.test081
Test being executed: RegressionTest1.test082
Test being executed: RegressionTest1.test083
Test being executed: RegressionTest1.test084
Test being executed: RegressionTest1.test085
Test being executed: RegressionTest1.test086
Test being executed: RegressionTest1.test087
Test being executed: RegressionTest1.test088
Test being executed: RegressionTest1.test089
Test being executed: RegressionTest1.test090
Test being executed: RegressionTest1.test091
Test being executed: RegressionTest1.test092
Test being executed: RegressionTest1.test093
Test being executed: RegressionTest1.test094
java.lang.AssertionError
	at org.junit.Assert.fail(Assert.java:86)
	at org.junit.Assert.assertTrue(Assert.java:41)
	at org.junit.Assert.assertTrue(Assert.java:52)
	at RegressionTest1.test094(RegressionTest1.java:1700)
	at sun.reflect.NativeMethodAccessorImpl.invoke0(Native Method)
	at sun.reflect.NativeMethodAccessorImpl.invoke(NativeMethodAccessorImpl.java:62)
	at sun.reflect.DelegatingMethodAccessorImpl.invoke(DelegatingMethodAccessorImpl.java:43)
	at java.lang.reflect.Method.invoke(Method.java:498)
	at org.junit.runners.model.FrameworkMethod$1.runReflectiveCall(FrameworkMethod.java:50)
	at org.junit.internal.runners.model.ReflectiveCallable.run(ReflectiveCallable.java:12)
	at org.junit.runners.model.FrameworkMethod.invokeExplosively(FrameworkMethod.java:47)
	at org.junit.internal.runners.statements.InvokeMethod.evaluate(InvokeMethod.java:17)
	at edu.washington.cs.dt.util.JUnitTestRunner.runChild(JUnitTestRunner.java:263)
	at edu.washington.cs.dt.util.JUnitTestRunner.run(JUnitTestRunner.java:66)
	at org.junit.runner.JUnitCore.run(JUnitCore.java:137)
	at edu.washington.cs.dt.util.JUnitTestExecutor.execute(JUnitTestExecutor.java:242)
	at edu.washington.cs.dt.util.JUnitTestExecutor.executeWithJUnit4Runner(JUnitTestExecutor.java:266)
	at edu.washington.cs.dt.util.JUnitTestExecutor.runOrder(JUnitTestExecutor.java:49)
	at edu.washington.cs.dt.util.TestRunnerWrapperFileInputs.runTests(TestRunnerWrapperFileInputs.java:59)
	at edu.washington.cs.dt.util.TestRunnerWrapperFileInputs.main(TestRunnerWrapperFileInputs.java:23)
Test being executed: RegressionTest1.test095
Test being executed: RegressionTest1.test096
Test being executed: RegressionTest1.test097
Test being executed: RegressionTest1.test098
Test being executed: RegressionTest1.test099
Test being executed: RegressionTest1.test100
Test being executed: RegressionTest1.test101
Test being executed: RegressionTest1.test102
Test being executed: RegressionTest1.test103
Test being executed: RegressionTest1.test104
Test being executed: RegressionTest1.test004
Test being executed: RegressionTest1.test003
Test being executed: RegressionTest1.test002
Test being executed: RegressionTest1.test006
Test being executed: RegressionTest1.test007
Test being executed: RegressionTest1.test008
Test being executed: RegressionTest1.test009
Test being executed: RegressionTest1.test010
Test being executed: RegressionTest1.test011
Test being executed: RegressionTest1.test105
Test being executed: RegressionTest1.test106
Test being executed: RegressionTest1.test107
Test being executed: RegressionTest1.test108
Test being executed: RegressionTest1.test109
Test being executed: RegressionTest1.test110
Test being executed: RegressionTest1.test111
Test being executed: RegressionTest1.test112
Test being executed: RegressionTest1.test113
Test being executed: RegressionTest1.test114
Test being executed: RegressionTest1.test115
Test being executed: RegressionTest1.test116
Test being executed: RegressionTest1.test117
Test being executed: RegressionTest1.test118
Test being executed: RegressionTest1.test119
Test being executed: RegressionTest1.test120
Test being executed: RegressionTest1.test121
Test being executed: RegressionTest1.test122
Test being executed: RegressionTest1.test123
Test being executed: RegressionTest1.test124
Test being executed: RegressionTest1.test125
Test being executed: RegressionTest1.test126
Test being executed: RegressionTest1.test127
Test being executed: RegressionTest1.test128
Test being executed: RegressionTest1.test129
Test being executed: RegressionTest1.test130
Test being executed: RegressionTest1.test131
Test being executed: RegressionTest1.test132
Test being executed: RegressionTest1.test133
Test being executed: RegressionTest1.test134
Test being executed: RegressionTest1.test135
Test being executed: RegressionTest1.test136
Test being executed: RegressionTest1.test137
Test being executed: RegressionTest1.test138
Test being executed: RegressionTest1.test139
Test being executed: RegressionTest1.test140
Test being executed: RegressionTest1.test141
Test being executed: RegressionTest1.test142
Test being executed: RegressionTest1.test143
Test being executed: RegressionTest1.test144
Test being executed: RegressionTest1.test145
Test being executed: RegressionTest1.test146
Test being executed: RegressionTest1.test147
Test being executed: RegressionTest1.test148
Test being executed: RegressionTest1.test149
Test being executed: RegressionTest1.test150
Test being executed: RegressionTest1.test151
Test being executed: RegressionTest1.test152
Test being executed: RegressionTest1.test153
java.lang.AssertionError
	at org.junit.Assert.fail(Assert.java:86)
	at org.junit.Assert.assertTrue(Assert.java:41)
	at org.junit.Assert.assertTrue(Assert.java:52)
	at RegressionTest1.test153(RegressionTest1.java:2680)
	at sun.reflect.NativeMethodAccessorImpl.invoke0(Native Method)
	at sun.reflect.NativeMethodAccessorImpl.invoke(NativeMethodAccessorImpl.java:62)
	at sun.reflect.DelegatingMethodAccessorImpl.invoke(DelegatingMethodAccessorImpl.java:43)
Test being executed: RegressionTest1.test154
	at java.lang.reflect.Method.invoke(Method.java:498)
	at org.junit.runners.model.FrameworkMethod$1.runReflectiveCall(FrameworkMethod.java:50)
	at org.junit.internal.runners.model.ReflectiveCallable.run(ReflectiveCallable.java:12)
	at org.junit.runners.model.FrameworkMethod.invokeExplosively(FrameworkMethod.java:47)
	at org.junit.internal.runners.statements.InvokeMethod.evaluate(InvokeMethod.java:17)
	at edu.washington.cs.dt.util.JUnitTestRunner.runChild(JUnitTestRunner.java:263)
	at edu.washington.cs.dt.util.JUnitTestRunner.run(JUnitTestRunner.java:66)
	at org.junit.runner.JUnitCore.run(JUnitCore.java:137)
	at edu.washington.cs.dt.util.JUnitTestExecutor.execute(JUnitTestExecutor.java:242)
	at edu.washington.cs.dt.util.JUnitTestExecutor.executeWithJUnit4Runner(JUnitTestExecutor.java:266)
	at edu.washington.cs.dt.util.JUnitTestExecutor.runOrder(JUnitTestExecutor.java:49)
	at edu.washington.cs.dt.util.TestRunnerWrapperFileInputs.runTests(TestRunnerWrapperFileInputs.java:59)
	at edu.washington.cs.dt.util.TestRunnerWrapperFileInputs.main(TestRunnerWrapperFileInputs.java:23)
Test being executed: RegressionTest1.test155
Test being executed: RegressionTest1.test156
Test being executed: RegressionTest1.test157
Test being executed: RegressionTest1.test158
Test being executed: RegressionTest1.test159
Test being executed: RegressionTest1.test160
Test being executed: RegressionTest1.test161
Test being executed: RegressionTest1.test162
Test being executed: RegressionTest1.test163
Test being executed: RegressionTest1.test164
Test being executed: RegressionTest1.test165
Test being executed: RegressionTest1.test166
Test being executed: RegressionTest1.test167
Test being executed: RegressionTest1.test168
Test being executed: RegressionTest1.test169
Test being executed: RegressionTest1.test170
Test being executed: RegressionTest1.test171
Test being executed: RegressionTest1.test172
Test being executed: RegressionTest1.test173
Test being executed: RegressionTest1.test174
Test being executed: RegressionTest1.test175
Test being executed: RegressionTest1.test176
Test being executed: RegressionTest1.test177
Test being executed: RegressionTest1.test178
Test being executed: RegressionTest1.test179
Test being executed: RegressionTest1.test180
Test being executed: RegressionTest1.test181
Test being executed: RegressionTest1.test182
Test being executed: RegressionTest1.test183
Test being executed: RegressionTest1.test184
Test being executed: RegressionTest1.test185
Test being executed: RegressionTest1.test186
Test being executed: RegressionTest1.test187
Test being executed: RegressionTest1.test188
Test being executed: RegressionTest1.test189
Test being executed: RegressionTest1.test190
Test being executed: RegressionTest1.test191
Test being executed: RegressionTest1.test192
Test being executed: RegressionTest1.test193
Test being executed: RegressionTest1.test194
Test being executed: RegressionTest1.test195
Test being executed: RegressionTest1.test196
Test being executed: RegressionTest1.test197
Test being executed: RegressionTest1.test198
Test being executed: RegressionTest1.test199
Test being executed: RegressionTest1.test200
Test being executed: RegressionTest1.test201
Test being executed: RegressionTest1.test202
Test being executed: RegressionTest1.test203
Test being executed: RegressionTest1.test204
Test being executed: RegressionTest1.test205
Test being executed: RegressionTest1.test206
Test being executed: RegressionTest1.test207
Test being executed: RegressionTest1.test208
Test being executed: RegressionTest1.test209
Test being executed: RegressionTest1.test210
java.lang.AssertionError
	at org.junit.Assert.fail(Assert.java:86)
	at org.junit.Assert.assertTrue(Assert.java:41)
	at org.junit.Assert.assertTrue(Assert.java:52)
	at RegressionTest1.test210(RegressionTest1.java:3555)
	at sun.reflect.NativeMethodAccessorImpl.invoke0(Native Method)
	at sun.reflect.NativeMethodAccessorImpl.invoke(NativeMethodAccessorImpl.java:62)
	at sun.reflect.DelegatingMethodAccessorImpl.invoke(DelegatingMethodAccessorImpl.java:43)
	at java.lang.reflect.Method.invoke(Method.java:498)
	at org.junit.runners.model.FrameworkMethod$1.runReflectiveCall(FrameworkMethod.java:50)
	at org.junit.internal.runners.model.ReflectiveCallable.run(ReflectiveCallable.java:12)
	at org.junit.runners.model.FrameworkMethod.invokeExplosively(FrameworkMethod.java:47)
Test being executed: RegressionTest1.test211
	at org.junit.internal.runners.statements.InvokeMethod.evaluate(InvokeMethod.java:17)
	at edu.washington.cs.dt.util.JUnitTestRunner.runChild(JUnitTestRunner.java:263)
	at edu.washington.cs.dt.util.JUnitTestRunner.run(JUnitTestRunner.java:66)
	at org.junit.runner.JUnitCore.run(JUnitCore.java:137)
	at edu.washington.cs.dt.util.JUnitTestExecutor.execute(JUnitTestExecutor.java:242)
	at edu.washington.cs.dt.util.JUnitTestExecutor.executeWithJUnit4Runner(JUnitTestExecutor.java:266)
	at edu.washington.cs.dt.util.JUnitTestExecutor.runOrder(JUnitTestExecutor.java:49)
	at edu.washington.cs.dt.util.TestRunnerWrapperFileInputs.runTests(TestRunnerWrapperFileInputs.java:59)
	at edu.washington.cs.dt.util.TestRunnerWrapperFileInputs.main(TestRunnerWrapperFileInputs.java:23)
Test being executed: RegressionTest1.test212
Test being executed: RegressionTest1.test213
Test being executed: RegressionTest1.test214
Test being executed: RegressionTest1.test215
Test being executed: RegressionTest1.test216
Test being executed: RegressionTest1.test217
Test being executed: RegressionTest1.test218
Test being executed: RegressionTest1.test219
Test being executed: RegressionTest1.test220
Test being executed: RegressionTest1.test221
Test being executed: RegressionTest1.test222
Test being executed: RegressionTest1.test223
Test being executed: RegressionTest1.test224
Test being executed: RegressionTest1.test225
Test being executed: RegressionTest1.test226
Test being executed: RegressionTest1.test227
java.lang.AssertionError
	at org.junit.Assert.fail(Assert.java:86)
	at org.junit.Assert.assertTrue(Assert.java:41)
	at org.junit.Assert.assertTrue(Assert.java:52)
	at RegressionTest1.test227(RegressionTest1.java:3830)
	at sun.reflect.NativeMethodAccessorImpl.invoke0(Native Method)
	at sun.reflect.NativeMethodAccessorImpl.invoke(NativeMethodAccessorImpl.java:62)
	at sun.reflect.DelegatingMethodAccessorImpl.invoke(DelegatingMethodAccessorImpl.java:43)
	at java.lang.reflect.Method.invoke(Method.java:498)
	at org.junit.runners.model.FrameworkMethod$1.runReflectiveCall(FrameworkMethod.java:50)
	at org.junit.internal.runners.model.ReflectiveCallable.run(ReflectiveCallable.java:12)
	at org.junit.runners.model.FrameworkMethod.invokeExplosively(FrameworkMethod.java:47)
	at org.junit.internal.runners.statements.InvokeMethod.evaluate(InvokeMethod.java:17)
	at edu.washington.cs.dt.util.JUnitTestRunner.runChild(JUnitTestRunner.java:263)
	at edu.washington.cs.dt.util.JUnitTestRunner.run(JUnitTestRunner.java:66)
	at org.junit.runner.JUnitCore.run(JUnitCore.java:137)
	at edu.washington.cs.dt.util.JUnitTestExecutor.execute(JUnitTestExecutor.java:242)
	at edu.washington.cs.dt.util.JUnitTestExecutor.executeWithJUnit4Runner(JUnitTestExecutor.java:266)
	at edu.washington.cs.dt.util.JUnitTestExecutor.runOrder(JUnitTestExecutor.java:49)
	at edu.washington.cs.dt.util.TestRunnerWrapperFileInputs.runTests(TestRunnerWrapperFileInputs.java:59)
Test being executed: RegressionTest1.test228
	at edu.washington.cs.dt.util.TestRunnerWrapperFileInputs.main(TestRunnerWrapperFileInputs.java:23)
Test being executed: RegressionTest1.test229
Test being executed: RegressionTest1.test230
Test being executed: RegressionTest1.test231
Test being executed: RegressionTest1.test232
Test being executed: RegressionTest1.test233
Test being executed: RegressionTest1.test234
Test being executed: RegressionTest1.test235
Test being executed: RegressionTest1.test236
Test being executed: RegressionTest1.test237
Test being executed: RegressionTest1.test238
Test being executed: RegressionTest1.test239
Test being executed: RegressionTest1.test240
Test being executed: RegressionTest1.test241
Test being executed: RegressionTest1.test242
Test being executed: RegressionTest1.test243
Test being executed: RegressionTest1.test244
java.lang.AssertionError
	at org.junit.Assert.fail(Assert.java:86)
	at org.junit.Assert.assertTrue(Assert.java:41)
	at org.junit.Assert.assertTrue(Assert.java:52)
	at RegressionTest1.test244(RegressionTest1.java:4223)
	at sun.reflect.NativeMethodAccessorImpl.invoke0(Native Method)
	at sun.reflect.NativeMethodAccessorImpl.invoke(NativeMethodAccessorImpl.java:62)
	at sun.reflect.DelegatingMethodAccessorImpl.invoke(DelegatingMethodAccessorImpl.java:43)
	at java.lang.reflect.Method.invoke(Method.java:498)
	at org.junit.runners.model.FrameworkMethod$1.runReflectiveCall(FrameworkMethod.java:50)
	at org.junit.internal.runners.model.ReflectiveCallable.run(ReflectiveCallable.java:12)
	at org.junit.runners.model.FrameworkMethod.invokeExplosively(FrameworkMethod.java:47)
	at org.junit.internal.runners.statements.InvokeMethod.evaluate(InvokeMethod.java:17)
	at edu.washington.cs.dt.util.JUnitTestRunner.runChild(JUnitTestRunner.java:263)
	at edu.washington.cs.dt.util.JUnitTestRunner.run(JUnitTestRunner.java:66)
	at org.junit.runner.JUnitCore.run(JUnitCore.java:137)
	at edu.washington.cs.dt.util.JUnitTestExecutor.execute(JUnitTestExecutor.java:242)
	at edu.washington.cs.dt.util.JUnitTestExecutor.executeWithJUnit4Runner(JUnitTestExecutor.java:266)
Test being executed: RegressionTest1.test245
	at edu.washington.cs.dt.util.JUnitTestExecutor.runOrder(JUnitTestExecutor.java:49)
	at edu.washington.cs.dt.util.TestRunnerWrapperFileInputs.runTests(TestRunnerWrapperFileInputs.java:59)
	at edu.washington.cs.dt.util.TestRunnerWrapperFileInputs.main(TestRunnerWrapperFileInputs.java:23)
Test being executed: RegressionTest1.test246
Test being executed: RegressionTest1.test247
Test being executed: RegressionTest1.test248
Test being executed: RegressionTest1.test249
Test being executed: RegressionTest1.test250
Test being executed: RegressionTest1.test251
Test being executed: RegressionTest1.test252
Test being executed: RegressionTest1.test253
Test being executed: RegressionTest1.test254
java.lang.AssertionError
	at org.junit.Assert.fail(Assert.java:86)
	at org.junit.Assert.assertTrue(Assert.java:41)
	at org.junit.Assert.assertTrue(Assert.java:52)
	at RegressionTest1.test254(RegressionTest1.java:4406)
	at sun.reflect.NativeMethodAccessorImpl.invoke0(Native Method)
	at sun.reflect.NativeMethodAccessorImpl.invoke(NativeMethodAccessorImpl.java:62)
	at sun.reflect.DelegatingMethodAccessorImpl.invoke(DelegatingMethodAccessorImpl.java:43)
	at java.lang.reflect.Method.invoke(Method.java:498)
	at org.junit.runners.model.FrameworkMethod$1.runReflectiveCall(FrameworkMethod.java:50)
	at org.junit.internal.runners.model.ReflectiveCallable.run(ReflectiveCallable.java:12)
	at org.junit.runners.model.FrameworkMethod.invokeExplosively(FrameworkMethod.java:47)
	at org.junit.internal.runners.statements.InvokeMethod.evaluate(InvokeMethod.java:17)
	at edu.washington.cs.dt.util.JUnitTestRunner.runChild(JUnitTestRunner.java:263)
	at edu.washington.cs.dt.util.JUnitTestRunner.run(JUnitTestRunner.java:66)
	at org.junit.runner.JUnitCore.run(JUnitCore.java:137)
	at edu.washington.cs.dt.util.JUnitTestExecutor.execute(JUnitTestExecutor.java:242)
	at edu.washington.cs.dt.util.JUnitTestExecutor.executeWithJUnit4Runner(JUnitTestExecutor.java:266)
Test being executed: RegressionTest1.test255
	at edu.washington.cs.dt.util.JUnitTestExecutor.runOrder(JUnitTestExecutor.java:49)
	at edu.washington.cs.dt.util.TestRunnerWrapperFileInputs.runTests(TestRunnerWrapperFileInputs.java:59)
	at edu.washington.cs.dt.util.TestRunnerWrapperFileInputs.main(TestRunnerWrapperFileInputs.java:23)
Test being executed: RegressionTest1.test256
Test being executed: RegressionTest1.test257
Test being executed: RegressionTest1.test258
Test being executed: RegressionTest1.test259
Test being executed: RegressionTest1.test260
Test being executed: RegressionTest1.test261
Test being executed: RegressionTest1.test262
Test being executed: RegressionTest1.test263
Test being executed: RegressionTest1.test264
Test being executed: RegressionTest1.test265
Test being executed: RegressionTest1.test266
Test being executed: RegressionTest1.test267
Test being executed: RegressionTest1.test268
Test being executed: RegressionTest1.test269
Test being executed: RegressionTest1.test270
Test being executed: RegressionTest1.test271
Test being executed: RegressionTest1.test272
Test being executed: RegressionTest1.test273
Test being executed: RegressionTest1.test274
Test being executed: RegressionTest1.test275
Test being executed: RegressionTest1.test276
Test being executed: RegressionTest1.test277
Test being executed: RegressionTest1.test278
Test being executed: RegressionTest1.test279
Test being executed: RegressionTest1.test280
Test being executed: RegressionTest1.test281
Test being executed: RegressionTest1.test282
Test being executed: RegressionTest1.test283
Test being executed: RegressionTest1.test284
Test being executed: RegressionTest1.test285
Test being executed: RegressionTest1.test286
java.lang.AssertionError
	at org.junit.Assert.fail(Assert.java:86)
	at org.junit.Assert.assertTrue(Assert.java:41)
	at org.junit.Assert.assertTrue(Assert.java:52)
	at RegressionTest1.test286(RegressionTest1.java:4933)
	at sun.reflect.NativeMethodAccessorImpl.invoke0(Native Method)
	at sun.reflect.NativeMethodAccessorImpl.invoke(NativeMethodAccessorImpl.java:62)
	at sun.reflect.DelegatingMethodAccessorImpl.invoke(DelegatingMethodAccessorImpl.java:43)
	at java.lang.reflect.Method.invoke(Method.java:498)
	at org.junit.runners.model.FrameworkMethod$1.runReflectiveCall(FrameworkMethod.java:50)
	at org.junit.internal.runners.model.ReflectiveCallable.run(ReflectiveCallable.java:12)
	at org.junit.runners.model.FrameworkMethod.invokeExplosively(FrameworkMethod.java:47)
	at org.junit.internal.runners.statements.InvokeMethod.evaluate(InvokeMethod.java:17)
	at edu.washington.cs.dt.util.JUnitTestRunner.runChild(JUnitTestRunner.java:263)
	at edu.washington.cs.dt.util.JUnitTestRunner.run(JUnitTestRunner.java:66)
	at org.junit.runner.JUnitCore.run(JUnitCore.java:137)
	at edu.washington.cs.dt.util.JUnitTestExecutor.execute(JUnitTestExecutor.java:242)
	at edu.washington.cs.dt.util.JUnitTestExecutor.executeWithJUnit4Runner(JUnitTestExecutor.java:266)
	at edu.washington.cs.dt.util.JUnitTestExecutor.runOrder(JUnitTestExecutor.java:49)
	at edu.washington.cs.dt.util.TestRunnerWrapperFileInputs.runTests(TestRunnerWrapperFileInputs.java:59)
	at edu.washington.cs.dt.util.TestRunnerWrapperFileInputs.main(TestRunnerWrapperFileInputs.java:23)
Test being executed: RegressionTest1.test287
Test being executed: RegressionTest1.test288
Test being executed: RegressionTest1.test289
Test being executed: RegressionTest1.test290
Test being executed: RegressionTest1.test291
Test being executed: RegressionTest1.test292
Test being executed: RegressionTest1.test293
Test being executed: RegressionTest1.test294
Test being executed: RegressionTest1.test295
Test being executed: RegressionTest1.test296
Test being executed: RegressionTest1.test297
Test being executed: RegressionTest1.test298
Test being executed: RegressionTest1.test299
Test being executed: RegressionTest1.test300
java.lang.AssertionError
	at org.junit.Assert.fail(Assert.java:86)
	at org.junit.Assert.assertTrue(Assert.java:41)
	at org.junit.Assert.assertTrue(Assert.java:52)
	at RegressionTest1.test300(RegressionTest1.java:5137)
	at sun.reflect.NativeMethodAccessorImpl.invoke0(Native Method)
	at sun.reflect.NativeMethodAccessorImpl.invoke(NativeMethodAccessorImpl.java:62)
	at sun.reflect.DelegatingMethodAccessorImpl.invoke(DelegatingMethodAccessorImpl.java:43)
	at java.lang.reflect.Method.invoke(Method.java:498)
	at org.junit.runners.model.FrameworkMethod$1.runReflectiveCall(FrameworkMethod.java:50)
	at org.junit.internal.runners.model.ReflectiveCallable.run(ReflectiveCallable.java:12)
	at org.junit.runners.model.FrameworkMethod.invokeExplosively(FrameworkMethod.java:47)
	at org.junit.internal.runners.statements.InvokeMethod.evaluate(InvokeMethod.java:17)
	at edu.washington.cs.dt.util.JUnitTestRunner.runChild(JUnitTestRunner.java:263)
	at edu.washington.cs.dt.util.JUnitTestRunner.run(JUnitTestRunner.java:66)
	at org.junit.runner.JUnitCore.run(JUnitCore.java:137)
	at edu.washington.cs.dt.util.JUnitTestExecutor.execute(JUnitTestExecutor.java:242)
	at edu.washington.cs.dt.util.JUnitTestExecutor.executeWithJUnit4Runner(JUnitTestExecutor.java:266)
	at edu.washington.cs.dt.util.JUnitTestExecutor.runOrder(JUnitTestExecutor.java:49)
Test being executed: RegressionTest1.test301
	at edu.washington.cs.dt.util.TestRunnerWrapperFileInputs.runTests(TestRunnerWrapperFileInputs.java:59)
	at edu.washington.cs.dt.util.TestRunnerWrapperFileInputs.main(TestRunnerWrapperFileInputs.java:23)
java.lang.AssertionError
	at org.junit.Assert.fail(Assert.java:86)
	at org.junit.Assert.assertTrue(Assert.java:41)
	at org.junit.Assert.assertTrue(Assert.java:52)
	at RegressionTest1.test301(RegressionTest1.java:5158)
	at sun.reflect.NativeMethodAccessorImpl.invoke0(Native Method)
	at sun.reflect.NativeMethodAccessorImpl.invoke(NativeMethodAccessorImpl.java:62)
	at sun.reflect.DelegatingMethodAccessorImpl.invoke(DelegatingMethodAccessorImpl.java:43)
	at java.lang.reflect.Method.invoke(Method.java:498)
	at org.junit.runners.model.FrameworkMethod$1.runReflectiveCall(FrameworkMethod.java:50)
Test being executed: RegressionTest1.test302
	at org.junit.internal.runners.model.ReflectiveCallable.run(ReflectiveCallable.java:12)
	at org.junit.runners.model.FrameworkMethod.invokeExplosively(FrameworkMethod.java:47)
	at org.junit.internal.runners.statements.InvokeMethod.evaluate(InvokeMethod.java:17)
	at edu.washington.cs.dt.util.JUnitTestRunner.runChild(JUnitTestRunner.java:263)
	at edu.washington.cs.dt.util.JUnitTestRunner.run(JUnitTestRunner.java:66)
	at org.junit.runner.JUnitCore.run(JUnitCore.java:137)
	at edu.washington.cs.dt.util.JUnitTestExecutor.execute(JUnitTestExecutor.java:242)
	at edu.washington.cs.dt.util.JUnitTestExecutor.executeWithJUnit4Runner(JUnitTestExecutor.java:266)
	at edu.washington.cs.dt.util.JUnitTestExecutor.runOrder(JUnitTestExecutor.java:49)
	at edu.washington.cs.dt.util.TestRunnerWrapperFileInputs.runTests(TestRunnerWrapperFileInputs.java:59)
	at edu.washington.cs.dt.util.TestRunnerWrapperFileInputs.main(TestRunnerWrapperFileInputs.java:23)
Test being executed: RegressionTest1.test303
Test being executed: RegressionTest1.test304
Test being executed: RegressionTest1.test305
Test being executed: RegressionTest1.test306
Test being executed: RegressionTest1.test307
Test being executed: RegressionTest1.test308
Test being executed: RegressionTest1.test309
Test being executed: RegressionTest1.test310
Test being executed: RegressionTest1.test311
java.lang.AssertionError
	at org.junit.Assert.fail(Assert.java:86)
	at org.junit.Assert.assertTrue(Assert.java:41)
	at org.junit.Assert.assertTrue(Assert.java:52)
	at RegressionTest1.test311(RegressionTest1.java:5307)
	at sun.reflect.NativeMethodAccessorImpl.invoke0(Native Method)
	at sun.reflect.NativeMethodAccessorImpl.invoke(NativeMethodAccessorImpl.java:62)
	at sun.reflect.DelegatingMethodAccessorImpl.invoke(DelegatingMethodAccessorImpl.java:43)
	at java.lang.reflect.Method.invoke(Method.java:498)
	at org.junit.runners.model.FrameworkMethod$1.runReflectiveCall(FrameworkMethod.java:50)
	at org.junit.internal.runners.model.ReflectiveCallable.run(ReflectiveCallable.java:12)
	at org.junit.runners.model.FrameworkMethod.invokeExplosively(FrameworkMethod.java:47)
	at org.junit.internal.runners.statements.InvokeMethod.evaluate(InvokeMethod.java:17)
	at edu.washington.cs.dt.util.JUnitTestRunner.runChild(JUnitTestRunner.java:263)
	at edu.washington.cs.dt.util.JUnitTestRunner.run(JUnitTestRunner.java:66)
Test being executed: RegressionTest1.test312
	at org.junit.runner.JUnitCore.run(JUnitCore.java:137)
	at edu.washington.cs.dt.util.JUnitTestExecutor.execute(JUnitTestExecutor.java:242)
	at edu.washington.cs.dt.util.JUnitTestExecutor.executeWithJUnit4Runner(JUnitTestExecutor.java:266)
	at edu.washington.cs.dt.util.JUnitTestExecutor.runOrder(JUnitTestExecutor.java:49)
	at edu.washington.cs.dt.util.TestRunnerWrapperFileInputs.runTests(TestRunnerWrapperFileInputs.java:59)
	at edu.washington.cs.dt.util.TestRunnerWrapperFileInputs.main(TestRunnerWrapperFileInputs.java:23)
Test being executed: RegressionTest1.test313
Test being executed: RegressionTest1.test314
Test being executed: RegressionTest1.test315
Test being executed: RegressionTest1.test316
Test being executed: RegressionTest1.test317
Test being executed: RegressionTest1.test318
Test being executed: RegressionTest1.test319
Test being executed: RegressionTest1.test320
Test being executed: RegressionTest1.test321
Test being executed: RegressionTest1.test322
Test being executed: RegressionTest1.test323
Test being executed: RegressionTest1.test324
Test being executed: RegressionTest1.test325
Test being executed: RegressionTest1.test326
Test being executed: RegressionTest1.test327
Test being executed: RegressionTest1.test328
Test being executed: RegressionTest1.test329
Test being executed: RegressionTest1.test330
Test being executed: RegressionTest1.test331
Test being executed: RegressionTest1.test332
Test being executed: RegressionTest1.test333
Test being executed: RegressionTest1.test334
java.lang.AssertionError
	at org.junit.Assert.fail(Assert.java:86)
	at org.junit.Assert.assertTrue(Assert.java:41)
	at org.junit.Assert.assertTrue(Assert.java:52)
	at RegressionTest1.test334(RegressionTest1.java:5692)
	at sun.reflect.NativeMethodAccessorImpl.invoke0(Native Method)
	at sun.reflect.NativeMethodAccessorImpl.invoke(NativeMethodAccessorImpl.java:62)
	at sun.reflect.DelegatingMethodAccessorImpl.invoke(DelegatingMethodAccessorImpl.java:43)
	at java.lang.reflect.Method.invoke(Method.java:498)
	at org.junit.runners.model.FrameworkMethod$1.runReflectiveCall(FrameworkMethod.java:50)
	at org.junit.internal.runners.model.ReflectiveCallable.run(ReflectiveCallable.java:12)
	at org.junit.runners.model.FrameworkMethod.invokeExplosively(FrameworkMethod.java:47)
	at org.junit.internal.runners.statements.InvokeMethod.evaluate(InvokeMethod.java:17)
	at edu.washington.cs.dt.util.JUnitTestRunner.runChild(JUnitTestRunner.java:263)
	at edu.washington.cs.dt.util.JUnitTestRunner.run(JUnitTestRunner.java:66)
Test being executed: RegressionTest1.test335
	at org.junit.runner.JUnitCore.run(JUnitCore.java:137)
	at edu.washington.cs.dt.util.JUnitTestExecutor.execute(JUnitTestExecutor.java:242)
	at edu.washington.cs.dt.util.JUnitTestExecutor.executeWithJUnit4Runner(JUnitTestExecutor.java:266)
	at edu.washington.cs.dt.util.JUnitTestExecutor.runOrder(JUnitTestExecutor.java:49)
	at edu.washington.cs.dt.util.TestRunnerWrapperFileInputs.runTests(TestRunnerWrapperFileInputs.java:59)
	at edu.washington.cs.dt.util.TestRunnerWrapperFileInputs.main(TestRunnerWrapperFileInputs.java:23)
Test being executed: RegressionTest1.test336
Test being executed: RegressionTest1.test337
Test being executed: RegressionTest1.test338
java.lang.AssertionError
	at org.junit.Assert.fail(Assert.java:86)
	at org.junit.Assert.assertTrue(Assert.java:41)
	at org.junit.Assert.assertTrue(Assert.java:52)
	at RegressionTest1.test338(RegressionTest1.java:5748)
	at sun.reflect.NativeMethodAccessorImpl.invoke0(Native Method)
	at sun.reflect.NativeMethodAccessorImpl.invoke(NativeMethodAccessorImpl.java:62)
	at sun.reflect.DelegatingMethodAccessorImpl.invoke(DelegatingMethodAccessorImpl.java:43)
	at java.lang.reflect.Method.invoke(Method.java:498)
	at org.junit.runners.model.FrameworkMethod$1.runReflectiveCall(FrameworkMethod.java:50)
	at org.junit.internal.runners.model.ReflectiveCallable.run(ReflectiveCallable.java:12)
	at org.junit.runners.model.FrameworkMethod.invokeExplosively(FrameworkMethod.java:47)
	at org.junit.internal.runners.statements.InvokeMethod.evaluate(InvokeMethod.java:17)
	at edu.washington.cs.dt.util.JUnitTestRunner.runChild(JUnitTestRunner.java:263)
	at edu.washington.cs.dt.util.JUnitTestRunner.run(JUnitTestRunner.java:66)
	at org.junit.runner.JUnitCore.run(JUnitCore.java:137)
	at edu.washington.cs.dt.util.JUnitTestExecutor.execute(JUnitTestExecutor.java:242)
	at edu.washington.cs.dt.util.JUnitTestExecutor.executeWithJUnit4Runner(JUnitTestExecutor.java:266)
	at edu.washington.cs.dt.util.JUnitTestExecutor.runOrder(JUnitTestExecutor.java:49)
	at edu.washington.cs.dt.util.TestRunnerWrapperFileInputs.runTests(TestRunnerWrapperFileInputs.java:59)
	at edu.washington.cs.dt.util.TestRunnerWrapperFileInputs.main(TestRunnerWrapperFileInputs.java:23)
Test being executed: RegressionTest1.test339
Test being executed: RegressionTest1.test340
java.lang.AssertionError
	at org.junit.Assert.fail(Assert.java:86)
	at org.junit.Assert.assertTrue(Assert.java:41)
	at org.junit.Assert.assertTrue(Assert.java:52)
	at RegressionTest1.test340(RegressionTest1.java:5779)
	at sun.reflect.NativeMethodAccessorImpl.invoke0(Native Method)
	at sun.reflect.NativeMethodAccessorImpl.invoke(NativeMethodAccessorImpl.java:62)
	at sun.reflect.DelegatingMethodAccessorImpl.invoke(DelegatingMethodAccessorImpl.java:43)
	at java.lang.reflect.Method.invoke(Method.java:498)
	at org.junit.runners.model.FrameworkMethod$1.runReflectiveCall(FrameworkMethod.java:50)
	at org.junit.internal.runners.model.ReflectiveCallable.run(ReflectiveCallable.java:12)
	at org.junit.runners.model.FrameworkMethod.invokeExplosively(FrameworkMethod.java:47)
	at org.junit.internal.runners.statements.InvokeMethod.evaluate(InvokeMethod.java:17)
	at edu.washington.cs.dt.util.JUnitTestRunner.runChild(JUnitTestRunner.java:263)
	at edu.washington.cs.dt.util.JUnitTestRunner.run(JUnitTestRunner.java:66)
	at org.junit.runner.JUnitCore.run(JUnitCore.java:137)
	at edu.washington.cs.dt.util.JUnitTestExecutor.execute(JUnitTestExecutor.java:242)
	at edu.washington.cs.dt.util.JUnitTestExecutor.executeWithJUnit4Runner(JUnitTestExecutor.java:266)
	at edu.washington.cs.dt.util.JUnitTestExecutor.runOrder(JUnitTestExecutor.java:49)
	at edu.washington.cs.dt.util.TestRunnerWrapperFileInputs.runTests(TestRunnerWrapperFileInputs.java:59)
Test being executed: RegressionTest1.test341
	at edu.washington.cs.dt.util.TestRunnerWrapperFileInputs.main(TestRunnerWrapperFileInputs.java:23)
Test being executed: RegressionTest1.test342
Test being executed: RegressionTest1.test343
Test being executed: RegressionTest1.test344
Test being executed: RegressionTest1.test345
Test being executed: RegressionTest1.test346
Test being executed: RegressionTest1.test347
Test being executed: RegressionTest1.test348
Test being executed: RegressionTest1.test349
Test being executed: RegressionTest1.test350
Test being executed: RegressionTest1.test351
Test being executed: RegressionTest1.test352
Test being executed: RegressionTest1.test353
Test being executed: RegressionTest1.test354
Test being executed: RegressionTest1.test355
Test being executed: RegressionTest1.test356
Test being executed: RegressionTest1.test357
Test being executed: RegressionTest1.test358
Test being executed: RegressionTest1.test359
Test being executed: RegressionTest1.test360
Test being executed: RegressionTest1.test361
Test being executed: RegressionTest1.test362
Test being executed: RegressionTest1.test363
Test being executed: RegressionTest1.test364
Test being executed: RegressionTest1.test365
Test being executed: RegressionTest1.test366
Test being executed: RegressionTest1.test367
Test being executed: RegressionTest1.test368
Test being executed: RegressionTest1.test369
Test being executed: RegressionTest1.test370
Test being executed: RegressionTest1.test371
Test being executed: RegressionTest1.test372
Test being executed: RegressionTest1.test373
Test being executed: RegressionTest1.test374
Test being executed: RegressionTest1.test375
Test being executed: RegressionTest1.test376
Test being executed: RegressionTest1.test377
Test being executed: RegressionTest1.test378
Test being executed: RegressionTest1.test379
Test being executed: RegressionTest1.test380
Test being executed: RegressionTest1.test381
Test being executed: RegressionTest1.test382
Test being executed: RegressionTest1.test383
Test being executed: RegressionTest1.test384
Test being executed: RegressionTest1.test385
Test being executed: RegressionTest1.test386
Test being executed: RegressionTest1.test387
Test being executed: RegressionTest1.test388
Test being executed: RegressionTest1.test389
Test being executed: RegressionTest1.test390
Test being executed: RegressionTest1.test391
Test being executed: RegressionTest1.test392
Test being executed: RegressionTest1.test393
Test being executed: RegressionTest1.test394
Test being executed: RegressionTest1.test395
Test being executed: RegressionTest1.test396
Test being executed: RegressionTest1.test397
Test being executed: RegressionTest1.test398
Test being executed: RegressionTest1.test399
Test being executed: RegressionTest1.test400
Test being executed: RegressionTest1.test401
Test being executed: RegressionTest1.test402
Test being executed: RegressionTest1.test403
Test being executed: RegressionTest1.test404
Test being executed: RegressionTest1.test405
Test being executed: RegressionTest1.test406
Test being executed: RegressionTest1.test407
Test being executed: RegressionTest1.test408
Test being executed: RegressionTest1.test409
Test being executed: RegressionTest1.test410
Test being executed: RegressionTest1.test411
Test being executed: RegressionTest1.test412
Test being executed: RegressionTest1.test413
Test being executed: RegressionTest1.test414
Test being executed: RegressionTest1.test415
java.lang.AssertionError
	at org.junit.Assert.fail(Assert.java:86)
	at org.junit.Assert.assertTrue(Assert.java:41)
	at org.junit.Assert.assertTrue(Assert.java:52)
	at RegressionTest1.test415(RegressionTest1.java:7151)
	at sun.reflect.NativeMethodAccessorImpl.invoke0(Native Method)
	at sun.reflect.NativeMethodAccessorImpl.invoke(NativeMethodAccessorImpl.java:62)
	at sun.reflect.DelegatingMethodAccessorImpl.invoke(DelegatingMethodAccessorImpl.java:43)
	at java.lang.reflect.Method.invoke(Method.java:498)
	at org.junit.runners.model.FrameworkMethod$1.runReflectiveCall(FrameworkMethod.java:50)
	at org.junit.internal.runners.model.ReflectiveCallable.run(ReflectiveCallable.java:12)
	at org.junit.runners.model.FrameworkMethod.invokeExplosively(FrameworkMethod.java:47)
	at org.junit.internal.runners.statements.InvokeMethod.evaluate(InvokeMethod.java:17)
	at edu.washington.cs.dt.util.JUnitTestRunner.runChild(JUnitTestRunner.java:263)
	at edu.washington.cs.dt.util.JUnitTestRunner.run(JUnitTestRunner.java:66)
Test being executed: RegressionTest1.test416
	at org.junit.runner.JUnitCore.run(JUnitCore.java:137)
	at edu.washington.cs.dt.util.JUnitTestExecutor.execute(JUnitTestExecutor.java:242)
	at edu.washington.cs.dt.util.JUnitTestExecutor.executeWithJUnit4Runner(JUnitTestExecutor.java:266)
	at edu.washington.cs.dt.util.JUnitTestExecutor.runOrder(JUnitTestExecutor.java:49)
	at edu.washington.cs.dt.util.TestRunnerWrapperFileInputs.runTests(TestRunnerWrapperFileInputs.java:59)
	at edu.washington.cs.dt.util.TestRunnerWrapperFileInputs.main(TestRunnerWrapperFileInputs.java:23)
Test being executed: RegressionTest1.test417
Test being executed: RegressionTest1.test418
Test being executed: RegressionTest1.test419
Test being executed: RegressionTest1.test420
Test being executed: RegressionTest1.test421
Test being executed: RegressionTest1.test422
Test being executed: RegressionTest1.test423
Test being executed: RegressionTest1.test424
Test being executed: RegressionTest1.test425
Test being executed: RegressionTest1.test426
Test being executed: RegressionTest1.test427
Test being executed: RegressionTest1.test428
Test being executed: RegressionTest1.test429
Test being executed: RegressionTest1.test430
Test being executed: RegressionTest1.test431
Test being executed: RegressionTest1.test432
Test being executed: RegressionTest1.test433
Test being executed: RegressionTest1.test434
Test being executed: RegressionTest1.test435
Test being executed: RegressionTest1.test436
Test being executed: RegressionTest1.test437
Test being executed: RegressionTest1.test438
Test being executed: RegressionTest1.test439
Test being executed: RegressionTest1.test440
Test being executed: RegressionTest1.test441
Test being executed: RegressionTest1.test442
java.lang.AssertionError
	at org.junit.Assert.fail(Assert.java:86)
	at org.junit.Assert.assertTrue(Assert.java:41)
	at org.junit.Assert.assertTrue(Assert.java:52)
	at RegressionTest1.test442(RegressionTest1.java:7666)
Test being executed: RegressionTest1.test443
	at sun.reflect.NativeMethodAccessorImpl.invoke0(Native Method)
	at sun.reflect.NativeMethodAccessorImpl.invoke(NativeMethodAccessorImpl.java:62)
	at sun.reflect.DelegatingMethodAccessorImpl.invoke(DelegatingMethodAccessorImpl.java:43)
	at java.lang.reflect.Method.invoke(Method.java:498)
	at org.junit.runners.model.FrameworkMethod$1.runReflectiveCall(FrameworkMethod.java:50)
	at org.junit.internal.runners.model.ReflectiveCallable.run(ReflectiveCallable.java:12)
	at org.junit.runners.model.FrameworkMethod.invokeExplosively(FrameworkMethod.java:47)
	at org.junit.internal.runners.statements.InvokeMethod.evaluate(InvokeMethod.java:17)
	at edu.washington.cs.dt.util.JUnitTestRunner.runChild(JUnitTestRunner.java:263)
	at edu.washington.cs.dt.util.JUnitTestRunner.run(JUnitTestRunner.java:66)
	at org.junit.runner.JUnitCore.run(JUnitCore.java:137)
	at edu.washington.cs.dt.util.JUnitTestExecutor.execute(JUnitTestExecutor.java:242)
	at edu.washington.cs.dt.util.JUnitTestExecutor.executeWithJUnit4Runner(JUnitTestExecutor.java:266)
	at edu.washington.cs.dt.util.JUnitTestExecutor.runOrder(JUnitTestExecutor.java:49)
	at edu.washington.cs.dt.util.TestRunnerWrapperFileInputs.runTests(TestRunnerWrapperFileInputs.java:59)
	at edu.washington.cs.dt.util.TestRunnerWrapperFileInputs.main(TestRunnerWrapperFileInputs.java:23)
Test being executed: RegressionTest1.test444
Test being executed: RegressionTest1.test445
Test being executed: RegressionTest1.test446
Test being executed: RegressionTest1.test447
Test being executed: RegressionTest1.test448
java.lang.AssertionError
	at org.junit.Assert.fail(Assert.java:86)
	at org.junit.Assert.assertTrue(Assert.java:41)
	at org.junit.Assert.assertTrue(Assert.java:52)
	at RegressionTest1.test448(RegressionTest1.java:7754)
	at sun.reflect.NativeMethodAccessorImpl.invoke0(Native Method)
	at sun.reflect.NativeMethodAccessorImpl.invoke(NativeMethodAccessorImpl.java:62)
	at sun.reflect.DelegatingMethodAccessorImpl.invoke(DelegatingMethodAccessorImpl.java:43)
	at java.lang.reflect.Method.invoke(Method.java:498)
	at org.junit.runners.model.FrameworkMethod$1.runReflectiveCall(FrameworkMethod.java:50)
	at org.junit.internal.runners.model.ReflectiveCallable.run(ReflectiveCallable.java:12)
	at org.junit.runners.model.FrameworkMethod.invokeExplosively(FrameworkMethod.java:47)
	at org.junit.internal.runners.statements.InvokeMethod.evaluate(InvokeMethod.java:17)
	at edu.washington.cs.dt.util.JUnitTestRunner.runChild(JUnitTestRunner.java:263)
	at edu.washington.cs.dt.util.JUnitTestRunner.run(JUnitTestRunner.java:66)
	at org.junit.runner.JUnitCore.run(JUnitCore.java:137)
	at edu.washington.cs.dt.util.JUnitTestExecutor.execute(JUnitTestExecutor.java:242)
	at edu.washington.cs.dt.util.JUnitTestExecutor.executeWithJUnit4Runner(JUnitTestExecutor.java:266)
	at edu.washington.cs.dt.util.JUnitTestExecutor.runOrder(JUnitTestExecutor.java:49)
	at edu.washington.cs.dt.util.TestRunnerWrapperFileInputs.runTests(TestRunnerWrapperFileInputs.java:59)
	at edu.washington.cs.dt.util.TestRunnerWrapperFileInputs.main(TestRunnerWrapperFileInputs.java:23)
Test being executed: RegressionTest1.test449
Test being executed: RegressionTest1.test450
Test being executed: RegressionTest1.test451
Test being executed: RegressionTest1.test452
Test being executed: RegressionTest1.test453
Test being executed: RegressionTest1.test454
Test being executed: RegressionTest1.test455
Test being executed: RegressionTest1.test456
Test being executed: RegressionTest1.test457
Test being executed: RegressionTest1.test458
Test being executed: RegressionTest1.test459
java.lang.AssertionError
	at org.junit.Assert.fail(Assert.java:86)
	at org.junit.Assert.assertTrue(Assert.java:41)
	at org.junit.Assert.assertTrue(Assert.java:52)
	at RegressionTest1.test459(RegressionTest1.java:7929)
	at sun.reflect.NativeMethodAccessorImpl.invoke0(Native Method)
	at sun.reflect.NativeMethodAccessorImpl.invoke(NativeMethodAccessorImpl.java:62)
	at sun.reflect.DelegatingMethodAccessorImpl.invoke(DelegatingMethodAccessorImpl.java:43)
Test being executed: RegressionTest1.test460
	at java.lang.reflect.Method.invoke(Method.java:498)
	at org.junit.runners.model.FrameworkMethod$1.runReflectiveCall(FrameworkMethod.java:50)
	at org.junit.internal.runners.model.ReflectiveCallable.run(ReflectiveCallable.java:12)
	at org.junit.runners.model.FrameworkMethod.invokeExplosively(FrameworkMethod.java:47)
	at org.junit.internal.runners.statements.InvokeMethod.evaluate(InvokeMethod.java:17)
	at edu.washington.cs.dt.util.JUnitTestRunner.runChild(JUnitTestRunner.java:263)
	at edu.washington.cs.dt.util.JUnitTestRunner.run(JUnitTestRunner.java:66)
	at org.junit.runner.JUnitCore.run(JUnitCore.java:137)
	at edu.washington.cs.dt.util.JUnitTestExecutor.execute(JUnitTestExecutor.java:242)
	at edu.washington.cs.dt.util.JUnitTestExecutor.executeWithJUnit4Runner(JUnitTestExecutor.java:266)
	at edu.washington.cs.dt.util.JUnitTestExecutor.runOrder(JUnitTestExecutor.java:49)
	at edu.washington.cs.dt.util.TestRunnerWrapperFileInputs.runTests(TestRunnerWrapperFileInputs.java:59)
	at edu.washington.cs.dt.util.TestRunnerWrapperFileInputs.main(TestRunnerWrapperFileInputs.java:23)
Test being executed: RegressionTest1.test461
Test being executed: RegressionTest1.test462
Test being executed: RegressionTest1.test463
Test being executed: RegressionTest1.test464
Test being executed: RegressionTest1.test465
Test being executed: RegressionTest1.test466
Test being executed: RegressionTest1.test467
Test being executed: RegressionTest1.test468
Test being executed: RegressionTest1.test469
Test being executed: RegressionTest1.test470
Test being executed: RegressionTest1.test471
Test being executed: RegressionTest1.test472
Test being executed: RegressionTest1.test473
Test being executed: RegressionTest1.test474
Test being executed: RegressionTest1.test475
Test being executed: RegressionTest1.test476
Test being executed: RegressionTest1.test477
Test being executed: RegressionTest1.test478
Test being executed: RegressionTest1.test479
Test being executed: RegressionTest1.test480
Test being executed: RegressionTest1.test481
Test being executed: RegressionTest1.test482
Test being executed: RegressionTest1.test483
Test being executed: RegressionTest1.test484
Test being executed: RegressionTest1.test485
Test being executed: RegressionTest1.test486
java.lang.AssertionError
	at org.junit.Assert.fail(Assert.java:86)
	at org.junit.Assert.assertTrue(Assert.java:41)
	at org.junit.Assert.assertTrue(Assert.java:52)
	at RegressionTest1.test486(RegressionTest1.java:8342)
	at sun.reflect.NativeMethodAccessorImpl.invoke0(Native Method)
	at sun.reflect.NativeMethodAccessorImpl.invoke(NativeMethodAccessorImpl.java:62)
	at sun.reflect.DelegatingMethodAccessorImpl.invoke(DelegatingMethodAccessorImpl.java:43)
	at java.lang.reflect.Method.invoke(Method.java:498)
	at org.junit.runners.model.FrameworkMethod$1.runReflectiveCall(FrameworkMethod.java:50)
	at org.junit.internal.runners.model.ReflectiveCallable.run(ReflectiveCallable.java:12)
	at org.junit.runners.model.FrameworkMethod.invokeExplosively(FrameworkMethod.java:47)
	at org.junit.internal.runners.statements.InvokeMethod.evaluate(InvokeMethod.java:17)
	at edu.washington.cs.dt.util.JUnitTestRunner.runChild(JUnitTestRunner.java:263)
	at edu.washington.cs.dt.util.JUnitTestRunner.run(JUnitTestRunner.java:66)
	at org.junit.runner.JUnitCore.run(JUnitCore.java:137)
	at edu.washington.cs.dt.util.JUnitTestExecutor.execute(JUnitTestExecutor.java:242)
	at edu.washington.cs.dt.util.JUnitTestExecutor.executeWithJUnit4Runner(JUnitTestExecutor.java:266)
	at edu.washington.cs.dt.util.JUnitTestExecutor.runOrder(JUnitTestExecutor.java:49)
	at edu.washington.cs.dt.util.TestRunnerWrapperFileInputs.runTests(TestRunnerWrapperFileInputs.java:59)
	at edu.washington.cs.dt.util.TestRunnerWrapperFileInputs.main(TestRunnerWrapperFileInputs.java:23)
Test being executed: RegressionTest1.test487
Test being executed: RegressionTest1.test488
Test being executed: RegressionTest1.test489
Test being executed: RegressionTest1.test490
Test being executed: RegressionTest1.test491
Test being executed: RegressionTest1.test492
Test being executed: RegressionTest1.test493
Test being executed: RegressionTest1.test494
Test being executed: RegressionTest1.test495
Test being executed: RegressionTest1.test496
Test being executed: RegressionTest1.test497
Test being executed: RegressionTest1.test498
Test being executed: RegressionTest1.test499
java.lang.AssertionError
	at org.junit.Assert.fail(Assert.java:86)
	at org.junit.Assert.assertTrue(Assert.java:41)
	at org.junit.Assert.assertTrue(Assert.java:52)
	at RegressionTest1.test499(RegressionTest1.java:8515)
	at sun.reflect.NativeMethodAccessorImpl.invoke0(Native Method)
	at sun.reflect.NativeMethodAccessorImpl.invoke(NativeMethodAccessorImpl.java:62)
	at sun.reflect.DelegatingMethodAccessorImpl.invoke(DelegatingMethodAccessorImpl.java:43)
	at java.lang.reflect.Method.invoke(Method.java:498)
	at org.junit.runners.model.FrameworkMethod$1.runReflectiveCall(FrameworkMethod.java:50)
	at org.junit.internal.runners.model.ReflectiveCallable.run(ReflectiveCallable.java:12)
	at org.junit.runners.model.FrameworkMethod.invokeExplosively(FrameworkMethod.java:47)
	at org.junit.internal.runners.statements.InvokeMethod.evaluate(InvokeMethod.java:17)
	at edu.washington.cs.dt.util.JUnitTestRunner.runChild(JUnitTestRunner.java:263)
	at edu.washington.cs.dt.util.JUnitTestRunner.run(JUnitTestRunner.java:66)
	at org.junit.runner.JUnitCore.run(JUnitCore.java:137)
	at edu.washington.cs.dt.util.JUnitTestExecutor.execute(JUnitTestExecutor.java:242)
	at edu.washington.cs.dt.util.JUnitTestExecutor.executeWithJUnit4Runner(JUnitTestExecutor.java:266)
	at edu.washington.cs.dt.util.JUnitTestExecutor.runOrder(JUnitTestExecutor.java:49)
	at edu.washington.cs.dt.util.TestRunnerWrapperFileInputs.runTests(TestRunnerWrapperFileInputs.java:59)
	at edu.washington.cs.dt.util.TestRunnerWrapperFileInputs.main(TestRunnerWrapperFileInputs.java:23)
Test being executed: RegressionTest1.test500
Test being executed: RegressionTest2.test001
Test being executed: RegressionTest2.test005
Test being executed: RegressionTest2.test034
Test being executed: RegressionTest2.test035
Test being executed: RegressionTest2.test036
Test being executed: RegressionTest2.test037
Test being executed: RegressionTest2.test038
Test being executed: RegressionTest2.test039
Test being executed: RegressionTest2.test040
Test being executed: RegressionTest2.test041
Test being executed: RegressionTest2.test042
Test being executed: RegressionTest2.test043
Test being executed: RegressionTest2.test044
Test being executed: RegressionTest2.test045
Test being executed: RegressionTest2.test046
Test being executed: RegressionTest2.test047
Test being executed: RegressionTest2.test048
Test being executed: RegressionTest2.test012
Test being executed: RegressionTest2.test013
Test being executed: RegressionTest2.test014
Test being executed: RegressionTest2.test015
Test being executed: RegressionTest2.test016
Test being executed: RegressionTest2.test017
Test being executed: RegressionTest2.test018
Test being executed: RegressionTest2.test019
Test being executed: RegressionTest2.test020
Test being executed: RegressionTest2.test021
Test being executed: RegressionTest2.test022
Test being executed: RegressionTest2.test023
Test being executed: RegressionTest2.test024
Test being executed: RegressionTest2.test025
Test being executed: RegressionTest2.test026
Test being executed: RegressionTest2.test027
Test being executed: RegressionTest2.test028
Test being executed: RegressionTest2.test029
Test being executed: RegressionTest2.test030
Test being executed: RegressionTest2.test031
Test being executed: RegressionTest2.test032
java.lang.AssertionError
	at org.junit.Assert.fail(Assert.java:86)
	at org.junit.Assert.assertTrue(Assert.java:41)
	at org.junit.Assert.assertTrue(Assert.java:52)
	at RegressionTest2.test032(RegressionTest2.java:618)
	at sun.reflect.NativeMethodAccessorImpl.invoke0(Native Method)
	at sun.reflect.NativeMethodAccessorImpl.invoke(NativeMethodAccessorImpl.java:62)
	at sun.reflect.DelegatingMethodAccessorImpl.invoke(DelegatingMethodAccessorImpl.java:43)
	at java.lang.reflect.Method.invoke(Method.java:498)
	at org.junit.runners.model.FrameworkMethod$1.runReflectiveCall(FrameworkMethod.java:50)
	at org.junit.internal.runners.model.ReflectiveCallable.run(ReflectiveCallable.java:12)
	at org.junit.runners.model.FrameworkMethod.invokeExplosively(FrameworkMethod.java:47)
	at org.junit.internal.runners.statements.InvokeMethod.evaluate(InvokeMethod.java:17)
	at edu.washington.cs.dt.util.JUnitTestRunner.runChild(JUnitTestRunner.java:263)
	at edu.washington.cs.dt.util.JUnitTestRunner.run(JUnitTestRunner.java:66)
	at org.junit.runner.JUnitCore.run(JUnitCore.java:137)
	at edu.washington.cs.dt.util.JUnitTestExecutor.execute(JUnitTestExecutor.java:242)
	at edu.washington.cs.dt.util.JUnitTestExecutor.executeWithJUnit4Runner(JUnitTestExecutor.java:266)
Test being executed: RegressionTest2.test033
	at edu.washington.cs.dt.util.JUnitTestExecutor.runOrder(JUnitTestExecutor.java:49)
	at edu.washington.cs.dt.util.TestRunnerWrapperFileInputs.runTests(TestRunnerWrapperFileInputs.java:59)
	at edu.washington.cs.dt.util.TestRunnerWrapperFileInputs.main(TestRunnerWrapperFileInputs.java:23)
Test being executed: RegressionTest2.test049
Test being executed: RegressionTest2.test050
Test being executed: RegressionTest2.test051
Test being executed: RegressionTest2.test052
Test being executed: RegressionTest2.test053
Test being executed: RegressionTest2.test054
Test being executed: RegressionTest2.test055
Test being executed: RegressionTest2.test056
Test being executed: RegressionTest2.test057
Test being executed: RegressionTest2.test058
Test being executed: RegressionTest2.test059
Test being executed: RegressionTest2.test060
Test being executed: RegressionTest2.test061
Test being executed: RegressionTest2.test062
Test being executed: RegressionTest2.test063
Test being executed: RegressionTest2.test064
Test being executed: RegressionTest2.test065
Test being executed: RegressionTest2.test066
Test being executed: RegressionTest2.test067
Test being executed: RegressionTest2.test068
Test being executed: RegressionTest2.test069
Test being executed: RegressionTest2.test070
Test being executed: RegressionTest2.test071
java.lang.AssertionError
	at org.junit.Assert.fail(Assert.java:86)
	at org.junit.Assert.assertTrue(Assert.java:41)
	at org.junit.Assert.assertTrue(Assert.java:52)
	at RegressionTest2.test071(RegressionTest2.java:1193)
	at sun.reflect.NativeMethodAccessorImpl.invoke0(Native Method)
	at sun.reflect.NativeMethodAccessorImpl.invoke(NativeMethodAccessorImpl.java:62)
	at sun.reflect.DelegatingMethodAccessorImpl.invoke(DelegatingMethodAccessorImpl.java:43)
	at java.lang.reflect.Method.invoke(Method.java:498)
	at org.junit.runners.model.FrameworkMethod$1.runReflectiveCall(FrameworkMethod.java:50)
	at org.junit.internal.runners.model.ReflectiveCallable.run(ReflectiveCallable.java:12)
	at org.junit.runners.model.FrameworkMethod.invokeExplosively(FrameworkMethod.java:47)
	at org.junit.internal.runners.statements.InvokeMethod.evaluate(InvokeMethod.java:17)
	at edu.washington.cs.dt.util.JUnitTestRunner.runChild(JUnitTestRunner.java:263)
	at edu.washington.cs.dt.util.JUnitTestRunner.run(JUnitTestRunner.java:66)
	at org.junit.runner.JUnitCore.run(JUnitCore.java:137)
	at edu.washington.cs.dt.util.JUnitTestExecutor.execute(JUnitTestExecutor.java:242)
Test being executed: RegressionTest2.test072
	at edu.washington.cs.dt.util.JUnitTestExecutor.executeWithJUnit4Runner(JUnitTestExecutor.java:266)
	at edu.washington.cs.dt.util.JUnitTestExecutor.runOrder(JUnitTestExecutor.java:49)
	at edu.washington.cs.dt.util.TestRunnerWrapperFileInputs.runTests(TestRunnerWrapperFileInputs.java:59)
	at edu.washington.cs.dt.util.TestRunnerWrapperFileInputs.main(TestRunnerWrapperFileInputs.java:23)
Test being executed: RegressionTest2.test073
java.lang.AssertionError
	at org.junit.Assert.fail(Assert.java:86)
	at org.junit.Assert.assertTrue(Assert.java:41)
	at org.junit.Assert.assertTrue(Assert.java:52)
	at RegressionTest2.test073(RegressionTest2.java:1233)
	at sun.reflect.NativeMethodAccessorImpl.invoke0(Native Method)
	at sun.reflect.NativeMethodAccessorImpl.invoke(NativeMethodAccessorImpl.java:62)
	at sun.reflect.DelegatingMethodAccessorImpl.invoke(DelegatingMethodAccessorImpl.java:43)
	at java.lang.reflect.Method.invoke(Method.java:498)
	at org.junit.runners.model.FrameworkMethod$1.runReflectiveCall(FrameworkMethod.java:50)
	at org.junit.internal.runners.model.ReflectiveCallable.run(ReflectiveCallable.java:12)
Test being executed: RegressionTest2.test074
	at org.junit.runners.model.FrameworkMethod.invokeExplosively(FrameworkMethod.java:47)
	at org.junit.internal.runners.statements.InvokeMethod.evaluate(InvokeMethod.java:17)
	at edu.washington.cs.dt.util.JUnitTestRunner.runChild(JUnitTestRunner.java:263)
	at edu.washington.cs.dt.util.JUnitTestRunner.run(JUnitTestRunner.java:66)
	at org.junit.runner.JUnitCore.run(JUnitCore.java:137)
	at edu.washington.cs.dt.util.JUnitTestExecutor.execute(JUnitTestExecutor.java:242)
	at edu.washington.cs.dt.util.JUnitTestExecutor.executeWithJUnit4Runner(JUnitTestExecutor.java:266)
	at edu.washington.cs.dt.util.JUnitTestExecutor.runOrder(JUnitTestExecutor.java:49)
	at edu.washington.cs.dt.util.TestRunnerWrapperFileInputs.runTests(TestRunnerWrapperFileInputs.java:59)
	at edu.washington.cs.dt.util.TestRunnerWrapperFileInputs.main(TestRunnerWrapperFileInputs.java:23)
Test being executed: RegressionTest2.test075
Test being executed: RegressionTest2.test076
Test being executed: RegressionTest2.test077
Test being executed: RegressionTest2.test078
Test being executed: RegressionTest2.test079
Test being executed: RegressionTest2.test080
Test being executed: RegressionTest2.test081
Test being executed: RegressionTest2.test082
Test being executed: RegressionTest2.test083
Test being executed: RegressionTest2.test084
Test being executed: RegressionTest2.test085
Test being executed: RegressionTest2.test086
Test being executed: RegressionTest2.test087
Test being executed: RegressionTest2.test088
Test being executed: RegressionTest2.test089
Test being executed: RegressionTest2.test090
java.lang.AssertionError
	at org.junit.Assert.fail(Assert.java:86)
	at org.junit.Assert.assertTrue(Assert.java:41)
	at org.junit.Assert.assertTrue(Assert.java:52)
	at RegressionTest2.test090(RegressionTest2.java:1499)
	at sun.reflect.NativeMethodAccessorImpl.invoke0(Native Method)
	at sun.reflect.NativeMethodAccessorImpl.invoke(NativeMethodAccessorImpl.java:62)
	at sun.reflect.DelegatingMethodAccessorImpl.invoke(DelegatingMethodAccessorImpl.java:43)
	at java.lang.reflect.Method.invoke(Method.java:498)
	at org.junit.runners.model.FrameworkMethod$1.runReflectiveCall(FrameworkMethod.java:50)
	at org.junit.internal.runners.model.ReflectiveCallable.run(ReflectiveCallable.java:12)
	at org.junit.runners.model.FrameworkMethod.invokeExplosively(FrameworkMethod.java:47)
	at org.junit.internal.runners.statements.InvokeMethod.evaluate(InvokeMethod.java:17)
	at edu.washington.cs.dt.util.JUnitTestRunner.runChild(JUnitTestRunner.java:263)
	at edu.washington.cs.dt.util.JUnitTestRunner.run(JUnitTestRunner.java:66)
	at org.junit.runner.JUnitCore.run(JUnitCore.java:137)
	at edu.washington.cs.dt.util.JUnitTestExecutor.execute(JUnitTestExecutor.java:242)
	at edu.washington.cs.dt.util.JUnitTestExecutor.executeWithJUnit4Runner(JUnitTestExecutor.java:266)
	at edu.washington.cs.dt.util.JUnitTestExecutor.runOrder(JUnitTestExecutor.java:49)
Test being executed: RegressionTest2.test091
	at edu.washington.cs.dt.util.TestRunnerWrapperFileInputs.runTests(TestRunnerWrapperFileInputs.java:59)
	at edu.washington.cs.dt.util.TestRunnerWrapperFileInputs.main(TestRunnerWrapperFileInputs.java:23)
Test being executed: RegressionTest2.test092
Test being executed: RegressionTest2.test093
Test being executed: RegressionTest2.test094
Test being executed: RegressionTest2.test095
Test being executed: RegressionTest2.test096
Test being executed: RegressionTest2.test097
Test being executed: RegressionTest2.test098
Test being executed: RegressionTest2.test099
Test being executed: RegressionTest2.test100
Test being executed: RegressionTest2.test101
Test being executed: RegressionTest2.test102
Test being executed: RegressionTest2.test103
Test being executed: RegressionTest2.test104
Test being executed: RegressionTest2.test004
Test being executed: RegressionTest2.test003
Test being executed: RegressionTest2.test002
Test being executed: RegressionTest2.test006
Test being executed: RegressionTest2.test007
Test being executed: RegressionTest2.test008
Test being executed: RegressionTest2.test009
Test being executed: RegressionTest2.test010
Test being executed: RegressionTest2.test011
Test being executed: RegressionTest2.test105
Test being executed: RegressionTest2.test106
Test being executed: RegressionTest2.test107
Test being executed: RegressionTest2.test108
Test being executed: RegressionTest2.test109
java.lang.AssertionError
	at org.junit.Assert.fail(Assert.java:86)
	at org.junit.Assert.assertTrue(Assert.java:41)
	at org.junit.Assert.assertTrue(Assert.java:52)
	at RegressionTest2.test109(RegressionTest2.java:1833)
	at sun.reflect.NativeMethodAccessorImpl.invoke0(Native Method)
	at sun.reflect.NativeMethodAccessorImpl.invoke(NativeMethodAccessorImpl.java:62)
	at sun.reflect.DelegatingMethodAccessorImpl.invoke(DelegatingMethodAccessorImpl.java:43)
	at java.lang.reflect.Method.invoke(Method.java:498)
	at org.junit.runners.model.FrameworkMethod$1.runReflectiveCall(FrameworkMethod.java:50)
	at org.junit.internal.runners.model.ReflectiveCallable.run(ReflectiveCallable.java:12)
	at org.junit.runners.model.FrameworkMethod.invokeExplosively(FrameworkMethod.java:47)
	at org.junit.internal.runners.statements.InvokeMethod.evaluate(InvokeMethod.java:17)
	at edu.washington.cs.dt.util.JUnitTestRunner.runChild(JUnitTestRunner.java:263)
	at edu.washington.cs.dt.util.JUnitTestRunner.run(JUnitTestRunner.java:66)
	at org.junit.runner.JUnitCore.run(JUnitCore.java:137)
	at edu.washington.cs.dt.util.JUnitTestExecutor.execute(JUnitTestExecutor.java:242)
	at edu.washington.cs.dt.util.JUnitTestExecutor.executeWithJUnit4Runner(JUnitTestExecutor.java:266)
	at edu.washington.cs.dt.util.JUnitTestExecutor.runOrder(JUnitTestExecutor.java:49)
Test being executed: RegressionTest2.test110
	at edu.washington.cs.dt.util.TestRunnerWrapperFileInputs.runTests(TestRunnerWrapperFileInputs.java:59)
	at edu.washington.cs.dt.util.TestRunnerWrapperFileInputs.main(TestRunnerWrapperFileInputs.java:23)
Test being executed: RegressionTest2.test111
Test being executed: RegressionTest2.test112
Test being executed: RegressionTest2.test113
Test being executed: RegressionTest2.test114
Test being executed: RegressionTest2.test115
Test being executed: RegressionTest2.test116
Test being executed: RegressionTest2.test117
Test being executed: RegressionTest2.test118
Test being executed: RegressionTest2.test119
Test being executed: RegressionTest2.test120
Test being executed: RegressionTest2.test121
Test being executed: RegressionTest2.test122
Test being executed: RegressionTest2.test123
Test being executed: RegressionTest2.test124
Test being executed: RegressionTest2.test125
Test being executed: RegressionTest2.test126
Test being executed: RegressionTest2.test127
Test being executed: RegressionTest2.test128
Test being executed: RegressionTest2.test129
Test being executed: RegressionTest2.test130
Test being executed: RegressionTest2.test131
Test being executed: RegressionTest2.test132
Test being executed: RegressionTest2.test133
Test being executed: RegressionTest2.test134
Test being executed: RegressionTest2.test135
Test being executed: RegressionTest2.test136
Test being executed: RegressionTest2.test137
Test being executed: RegressionTest2.test138
Test being executed: RegressionTest2.test139
Test being executed: RegressionTest2.test140
Test being executed: RegressionTest2.test141
Test being executed: RegressionTest2.test142
Test being executed: RegressionTest2.test143
Test being executed: RegressionTest2.test144
Test being executed: RegressionTest2.test145
Test being executed: RegressionTest2.test146
Test being executed: RegressionTest2.test147
Test being executed: RegressionTest2.test148
Test being executed: RegressionTest2.test149
Test being executed: RegressionTest2.test150
Test being executed: RegressionTest2.test151
java.lang.AssertionError
	at org.junit.Assert.fail(Assert.java:86)
	at org.junit.Assert.assertTrue(Assert.java:41)
	at org.junit.Assert.assertTrue(Assert.java:52)
	at RegressionTest2.test151(RegressionTest2.java:2750)
	at sun.reflect.NativeMethodAccessorImpl.invoke0(Native Method)
	at sun.reflect.NativeMethodAccessorImpl.invoke(NativeMethodAccessorImpl.java:62)
	at sun.reflect.DelegatingMethodAccessorImpl.invoke(DelegatingMethodAccessorImpl.java:43)
	at java.lang.reflect.Method.invoke(Method.java:498)
	at org.junit.runners.model.FrameworkMethod$1.runReflectiveCall(FrameworkMethod.java:50)
	at org.junit.internal.runners.model.ReflectiveCallable.run(ReflectiveCallable.java:12)
	at org.junit.runners.model.FrameworkMethod.invokeExplosively(FrameworkMethod.java:47)
	at org.junit.internal.runners.statements.InvokeMethod.evaluate(InvokeMethod.java:17)
	at edu.washington.cs.dt.util.JUnitTestRunner.runChild(JUnitTestRunner.java:263)
	at edu.washington.cs.dt.util.JUnitTestRunner.run(JUnitTestRunner.java:66)
	at org.junit.runner.JUnitCore.run(JUnitCore.java:137)
Test being executed: RegressionTest2.test152
	at edu.washington.cs.dt.util.JUnitTestExecutor.execute(JUnitTestExecutor.java:242)
	at edu.washington.cs.dt.util.JUnitTestExecutor.executeWithJUnit4Runner(JUnitTestExecutor.java:266)
	at edu.washington.cs.dt.util.JUnitTestExecutor.runOrder(JUnitTestExecutor.java:49)
	at edu.washington.cs.dt.util.TestRunnerWrapperFileInputs.runTests(TestRunnerWrapperFileInputs.java:59)
	at edu.washington.cs.dt.util.TestRunnerWrapperFileInputs.main(TestRunnerWrapperFileInputs.java:23)
Test being executed: RegressionTest2.test153
Test being executed: RegressionTest2.test154
Test being executed: RegressionTest2.test155
Test being executed: RegressionTest2.test156
Test being executed: RegressionTest2.test157
Test being executed: RegressionTest2.test158
Test being executed: RegressionTest2.test159
java.lang.AssertionError
	at org.junit.Assert.fail(Assert.java:86)
	at org.junit.Assert.assertTrue(Assert.java:41)
	at org.junit.Assert.assertTrue(Assert.java:52)
	at RegressionTest2.test159(RegressionTest2.java:2853)
	at sun.reflect.NativeMethodAccessorImpl.invoke0(Native Method)
	at sun.reflect.NativeMethodAccessorImpl.invoke(NativeMethodAccessorImpl.java:62)
	at sun.reflect.DelegatingMethodAccessorImpl.invoke(DelegatingMethodAccessorImpl.java:43)
	at java.lang.reflect.Method.invoke(Method.java:498)
	at org.junit.runners.model.FrameworkMethod$1.runReflectiveCall(FrameworkMethod.java:50)
	at org.junit.internal.runners.model.ReflectiveCallable.run(ReflectiveCallable.java:12)
	at org.junit.runners.model.FrameworkMethod.invokeExplosively(FrameworkMethod.java:47)
	at org.junit.internal.runners.statements.InvokeMethod.evaluate(InvokeMethod.java:17)
	at edu.washington.cs.dt.util.JUnitTestRunner.runChild(JUnitTestRunner.java:263)
	at edu.washington.cs.dt.util.JUnitTestRunner.run(JUnitTestRunner.java:66)
	at org.junit.runner.JUnitCore.run(JUnitCore.java:137)
	at edu.washington.cs.dt.util.JUnitTestExecutor.execute(JUnitTestExecutor.java:242)
	at edu.washington.cs.dt.util.JUnitTestExecutor.executeWithJUnit4Runner(JUnitTestExecutor.java:266)
	at edu.washington.cs.dt.util.JUnitTestExecutor.runOrder(JUnitTestExecutor.java:49)
Test being executed: RegressionTest2.test160
	at edu.washington.cs.dt.util.TestRunnerWrapperFileInputs.runTests(TestRunnerWrapperFileInputs.java:59)
	at edu.washington.cs.dt.util.TestRunnerWrapperFileInputs.main(TestRunnerWrapperFileInputs.java:23)
Test being executed: RegressionTest2.test161
Test being executed: RegressionTest2.test162
Test being executed: RegressionTest2.test163
Test being executed: RegressionTest2.test164
Test being executed: RegressionTest2.test165
Test being executed: RegressionTest2.test166
Test being executed: RegressionTest2.test167
Test being executed: RegressionTest2.test168
Test being executed: RegressionTest2.test169
Test being executed: RegressionTest2.test170
Test being executed: RegressionTest2.test171
Test being executed: RegressionTest2.test172
java.lang.AssertionError
	at org.junit.Assert.fail(Assert.java:86)
	at org.junit.Assert.assertTrue(Assert.java:41)
	at org.junit.Assert.assertTrue(Assert.java:52)
	at RegressionTest2.test172(RegressionTest2.java:3047)
	at sun.reflect.NativeMethodAccessorImpl.invoke0(Native Method)
	at sun.reflect.NativeMethodAccessorImpl.invoke(NativeMethodAccessorImpl.java:62)
	at sun.reflect.DelegatingMethodAccessorImpl.invoke(DelegatingMethodAccessorImpl.java:43)
	at java.lang.reflect.Method.invoke(Method.java:498)
	at org.junit.runners.model.FrameworkMethod$1.runReflectiveCall(FrameworkMethod.java:50)
	at org.junit.internal.runners.model.ReflectiveCallable.run(ReflectiveCallable.java:12)
	at org.junit.runners.model.FrameworkMethod.invokeExplosively(FrameworkMethod.java:47)
	at org.junit.internal.runners.statements.InvokeMethod.evaluate(InvokeMethod.java:17)
	at edu.washington.cs.dt.util.JUnitTestRunner.runChild(JUnitTestRunner.java:263)
Test being executed: RegressionTest2.test173
	at edu.washington.cs.dt.util.JUnitTestRunner.run(JUnitTestRunner.java:66)
	at org.junit.runner.JUnitCore.run(JUnitCore.java:137)
	at edu.washington.cs.dt.util.JUnitTestExecutor.execute(JUnitTestExecutor.java:242)
	at edu.washington.cs.dt.util.JUnitTestExecutor.executeWithJUnit4Runner(JUnitTestExecutor.java:266)
	at edu.washington.cs.dt.util.JUnitTestExecutor.runOrder(JUnitTestExecutor.java:49)
	at edu.washington.cs.dt.util.TestRunnerWrapperFileInputs.runTests(TestRunnerWrapperFileInputs.java:59)
	at edu.washington.cs.dt.util.TestRunnerWrapperFileInputs.main(TestRunnerWrapperFileInputs.java:23)
Test being executed: RegressionTest2.test174
Test being executed: RegressionTest2.test175
Test being executed: RegressionTest2.test176
java.lang.AssertionError
	at org.junit.Assert.fail(Assert.java:86)
	at org.junit.Assert.assertTrue(Assert.java:41)
	at org.junit.Assert.assertTrue(Assert.java:52)
	at RegressionTest2.test176(RegressionTest2.java:3105)
	at sun.reflect.NativeMethodAccessorImpl.invoke0(Native Method)
	at sun.reflect.NativeMethodAccessorImpl.invoke(NativeMethodAccessorImpl.java:62)
	at sun.reflect.DelegatingMethodAccessorImpl.invoke(DelegatingMethodAccessorImpl.java:43)
	at java.lang.reflect.Method.invoke(Method.java:498)
	at org.junit.runners.model.FrameworkMethod$1.runReflectiveCall(FrameworkMethod.java:50)
	at org.junit.internal.runners.model.ReflectiveCallable.run(ReflectiveCallable.java:12)
	at org.junit.runners.model.FrameworkMethod.invokeExplosively(FrameworkMethod.java:47)
	at org.junit.internal.runners.statements.InvokeMethod.evaluate(InvokeMethod.java:17)
	at edu.washington.cs.dt.util.JUnitTestRunner.runChild(JUnitTestRunner.java:263)
Test being executed: RegressionTest2.test177
	at edu.washington.cs.dt.util.JUnitTestRunner.run(JUnitTestRunner.java:66)
	at org.junit.runner.JUnitCore.run(JUnitCore.java:137)
	at edu.washington.cs.dt.util.JUnitTestExecutor.execute(JUnitTestExecutor.java:242)
	at edu.washington.cs.dt.util.JUnitTestExecutor.executeWithJUnit4Runner(JUnitTestExecutor.java:266)
	at edu.washington.cs.dt.util.JUnitTestExecutor.runOrder(JUnitTestExecutor.java:49)
	at edu.washington.cs.dt.util.TestRunnerWrapperFileInputs.runTests(TestRunnerWrapperFileInputs.java:59)
	at edu.washington.cs.dt.util.TestRunnerWrapperFileInputs.main(TestRunnerWrapperFileInputs.java:23)
Test being executed: RegressionTest2.test178
Test being executed: RegressionTest2.test179
Test being executed: RegressionTest2.test180
java.lang.AssertionError
	at org.junit.Assert.fail(Assert.java:86)
	at org.junit.Assert.assertTrue(Assert.java:41)
	at org.junit.Assert.assertTrue(Assert.java:52)
	at RegressionTest2.test180(RegressionTest2.java:3169)
	at sun.reflect.NativeMethodAccessorImpl.invoke0(Native Method)
	at sun.reflect.NativeMethodAccessorImpl.invoke(NativeMethodAccessorImpl.java:62)
	at sun.reflect.DelegatingMethodAccessorImpl.invoke(DelegatingMethodAccessorImpl.java:43)
	at java.lang.reflect.Method.invoke(Method.java:498)
	at org.junit.runners.model.FrameworkMethod$1.runReflectiveCall(FrameworkMethod.java:50)
	at org.junit.internal.runners.model.ReflectiveCallable.run(ReflectiveCallable.java:12)
	at org.junit.runners.model.FrameworkMethod.invokeExplosively(FrameworkMethod.java:47)
	at org.junit.internal.runners.statements.InvokeMethod.evaluate(InvokeMethod.java:17)
	at edu.washington.cs.dt.util.JUnitTestRunner.runChild(JUnitTestRunner.java:263)
	at edu.washington.cs.dt.util.JUnitTestRunner.run(JUnitTestRunner.java:66)
	at org.junit.runner.JUnitCore.run(JUnitCore.java:137)
	at edu.washington.cs.dt.util.JUnitTestExecutor.execute(JUnitTestExecutor.java:242)
	at edu.washington.cs.dt.util.JUnitTestExecutor.executeWithJUnit4Runner(JUnitTestExecutor.java:266)
	at edu.washington.cs.dt.util.JUnitTestExecutor.runOrder(JUnitTestExecutor.java:49)
	at edu.washington.cs.dt.util.TestRunnerWrapperFileInputs.runTests(TestRunnerWrapperFileInputs.java:59)
	at edu.washington.cs.dt.util.TestRunnerWrapperFileInputs.main(TestRunnerWrapperFileInputs.java:23)
Test being executed: RegressionTest2.test181
Test being executed: RegressionTest2.test182
Test being executed: RegressionTest2.test183
Test being executed: RegressionTest2.test184
Test being executed: RegressionTest2.test185
Test being executed: RegressionTest2.test186
Test being executed: RegressionTest2.test187
Test being executed: RegressionTest2.test188
Test being executed: RegressionTest2.test189
Test being executed: RegressionTest2.test190
Test being executed: RegressionTest2.test191
java.lang.AssertionError
	at org.junit.Assert.fail(Assert.java:86)
	at org.junit.Assert.assertTrue(Assert.java:41)
	at org.junit.Assert.assertTrue(Assert.java:52)
	at RegressionTest2.test191(RegressionTest2.java:3358)
	at sun.reflect.NativeMethodAccessorImpl.invoke0(Native Method)
	at sun.reflect.NativeMethodAccessorImpl.invoke(NativeMethodAccessorImpl.java:62)
	at sun.reflect.DelegatingMethodAccessorImpl.invoke(DelegatingMethodAccessorImpl.java:43)
	at java.lang.reflect.Method.invoke(Method.java:498)
	at org.junit.runners.model.FrameworkMethod$1.runReflectiveCall(FrameworkMethod.java:50)
	at org.junit.internal.runners.model.ReflectiveCallable.run(ReflectiveCallable.java:12)
	at org.junit.runners.model.FrameworkMethod.invokeExplosively(FrameworkMethod.java:47)
	at org.junit.internal.runners.statements.InvokeMethod.evaluate(InvokeMethod.java:17)
	at edu.washington.cs.dt.util.JUnitTestRunner.runChild(JUnitTestRunner.java:263)
	at edu.washington.cs.dt.util.JUnitTestRunner.run(JUnitTestRunner.java:66)
	at org.junit.runner.JUnitCore.run(JUnitCore.java:137)
	at edu.washington.cs.dt.util.JUnitTestExecutor.execute(JUnitTestExecutor.java:242)
	at edu.washington.cs.dt.util.JUnitTestExecutor.executeWithJUnit4Runner(JUnitTestExecutor.java:266)
	at edu.washington.cs.dt.util.JUnitTestExecutor.runOrder(JUnitTestExecutor.java:49)
	at edu.washington.cs.dt.util.TestRunnerWrapperFileInputs.runTests(TestRunnerWrapperFileInputs.java:59)
Test being executed: RegressionTest2.test192
	at edu.washington.cs.dt.util.TestRunnerWrapperFileInputs.main(TestRunnerWrapperFileInputs.java:23)
Test being executed: RegressionTest2.test193
Test being executed: RegressionTest2.test194
Test being executed: RegressionTest2.test195
Test being executed: RegressionTest2.test196
Test being executed: RegressionTest2.test197
Test being executed: RegressionTest2.test198
Test being executed: RegressionTest2.test199
Test being executed: RegressionTest2.test200
Test being executed: RegressionTest2.test201
Test being executed: RegressionTest2.test202
Test being executed: RegressionTest2.test203
Test being executed: RegressionTest2.test204
java.lang.AssertionError
	at org.junit.Assert.fail(Assert.java:86)
	at org.junit.Assert.assertTrue(Assert.java:41)
	at org.junit.Assert.assertTrue(Assert.java:52)
	at RegressionTest2.test204(RegressionTest2.java:3602)
	at sun.reflect.NativeMethodAccessorImpl.invoke0(Native Method)
Test being executed: RegressionTest2.test205
	at sun.reflect.NativeMethodAccessorImpl.invoke(NativeMethodAccessorImpl.java:62)
	at sun.reflect.DelegatingMethodAccessorImpl.invoke(DelegatingMethodAccessorImpl.java:43)
	at java.lang.reflect.Method.invoke(Method.java:498)
	at org.junit.runners.model.FrameworkMethod$1.runReflectiveCall(FrameworkMethod.java:50)
	at org.junit.internal.runners.model.ReflectiveCallable.run(ReflectiveCallable.java:12)
	at org.junit.runners.model.FrameworkMethod.invokeExplosively(FrameworkMethod.java:47)
	at org.junit.internal.runners.statements.InvokeMethod.evaluate(InvokeMethod.java:17)
	at edu.washington.cs.dt.util.JUnitTestRunner.runChild(JUnitTestRunner.java:263)
	at edu.washington.cs.dt.util.JUnitTestRunner.run(JUnitTestRunner.java:66)
	at org.junit.runner.JUnitCore.run(JUnitCore.java:137)
	at edu.washington.cs.dt.util.JUnitTestExecutor.execute(JUnitTestExecutor.java:242)
	at edu.washington.cs.dt.util.JUnitTestExecutor.executeWithJUnit4Runner(JUnitTestExecutor.java:266)
	at edu.washington.cs.dt.util.JUnitTestExecutor.runOrder(JUnitTestExecutor.java:49)
	at edu.washington.cs.dt.util.TestRunnerWrapperFileInputs.runTests(TestRunnerWrapperFileInputs.java:59)
	at edu.washington.cs.dt.util.TestRunnerWrapperFileInputs.main(TestRunnerWrapperFileInputs.java:23)
Test being executed: RegressionTest2.test206
Test being executed: RegressionTest2.test207
Test being executed: RegressionTest2.test208
Test being executed: RegressionTest2.test209
Test being executed: RegressionTest2.test210
Test being executed: RegressionTest2.test211
Test being executed: RegressionTest2.test212
Test being executed: RegressionTest2.test213
Test being executed: RegressionTest2.test214
Test being executed: RegressionTest2.test215
Test being executed: RegressionTest2.test216
Test being executed: RegressionTest2.test217
Test being executed: RegressionTest2.test218
Test being executed: RegressionTest2.test219
Test being executed: RegressionTest2.test220
Test being executed: RegressionTest2.test221
Test being executed: RegressionTest2.test222
Test being executed: RegressionTest2.test223
Test being executed: RegressionTest2.test224
Test being executed: RegressionTest2.test225
Test being executed: RegressionTest2.test226
Test being executed: RegressionTest2.test227
Test being executed: RegressionTest2.test228
Test being executed: RegressionTest2.test229
Test being executed: RegressionTest2.test230
Test being executed: RegressionTest2.test231
Test being executed: RegressionTest2.test232
Test being executed: RegressionTest2.test233
Test being executed: RegressionTest2.test234
Test being executed: RegressionTest2.test235
Test being executed: RegressionTest2.test236
Test being executed: RegressionTest2.test237
Test being executed: RegressionTest2.test238
Test being executed: RegressionTest2.test239
Test being executed: RegressionTest2.test240
Test being executed: RegressionTest2.test241
Test being executed: RegressionTest2.test242
Test being executed: RegressionTest2.test243
Test being executed: RegressionTest2.test244
Test being executed: RegressionTest2.test245
Test being executed: RegressionTest2.test246
Test being executed: RegressionTest2.test247
Test being executed: RegressionTest2.test248
Test being executed: RegressionTest2.test249
Test being executed: RegressionTest2.test250
Test being executed: RegressionTest2.test251
java.lang.AssertionError
	at org.junit.Assert.fail(Assert.java:86)
	at org.junit.Assert.assertTrue(Assert.java:41)
	at org.junit.Assert.assertTrue(Assert.java:52)
	at RegressionTest2.test251(RegressionTest2.java:4458)
	at sun.reflect.NativeMethodAccessorImpl.invoke0(Native Method)
	at sun.reflect.NativeMethodAccessorImpl.invoke(NativeMethodAccessorImpl.java:62)
	at sun.reflect.DelegatingMethodAccessorImpl.invoke(DelegatingMethodAccessorImpl.java:43)
	at java.lang.reflect.Method.invoke(Method.java:498)
	at org.junit.runners.model.FrameworkMethod$1.runReflectiveCall(FrameworkMethod.java:50)
	at org.junit.internal.runners.model.ReflectiveCallable.run(ReflectiveCallable.java:12)
	at org.junit.runners.model.FrameworkMethod.invokeExplosively(FrameworkMethod.java:47)
	at org.junit.internal.runners.statements.InvokeMethod.evaluate(InvokeMethod.java:17)
	at edu.washington.cs.dt.util.JUnitTestRunner.runChild(JUnitTestRunner.java:263)
	at edu.washington.cs.dt.util.JUnitTestRunner.run(JUnitTestRunner.java:66)
	at org.junit.runner.JUnitCore.run(JUnitCore.java:137)
	at edu.washington.cs.dt.util.JUnitTestExecutor.execute(JUnitTestExecutor.java:242)
	at edu.washington.cs.dt.util.JUnitTestExecutor.executeWithJUnit4Runner(JUnitTestExecutor.java:266)
	at edu.washington.cs.dt.util.JUnitTestExecutor.runOrder(JUnitTestExecutor.java:49)
	at edu.washington.cs.dt.util.TestRunnerWrapperFileInputs.runTests(TestRunnerWrapperFileInputs.java:59)
	at edu.washington.cs.dt.util.TestRunnerWrapperFileInputs.main(TestRunnerWrapperFileInputs.java:23)
Test being executed: RegressionTest2.test252
Test being executed: RegressionTest2.test253
java.lang.AssertionError
	at org.junit.Assert.fail(Assert.java:86)
	at org.junit.Assert.assertTrue(Assert.java:41)
	at org.junit.Assert.assertTrue(Assert.java:52)
	at RegressionTest2.test253(RegressionTest2.java:4489)
	at sun.reflect.NativeMethodAccessorImpl.invoke0(Native Method)
	at sun.reflect.NativeMethodAccessorImpl.invoke(NativeMethodAccessorImpl.java:62)
	at sun.reflect.DelegatingMethodAccessorImpl.invoke(DelegatingMethodAccessorImpl.java:43)
	at java.lang.reflect.Method.invoke(Method.java:498)
	at org.junit.runners.model.FrameworkMethod$1.runReflectiveCall(FrameworkMethod.java:50)
	at org.junit.internal.runners.model.ReflectiveCallable.run(ReflectiveCallable.java:12)
	at org.junit.runners.model.FrameworkMethod.invokeExplosively(FrameworkMethod.java:47)
	at org.junit.internal.runners.statements.InvokeMethod.evaluate(InvokeMethod.java:17)
	at edu.washington.cs.dt.util.JUnitTestRunner.runChild(JUnitTestRunner.java:263)
	at edu.washington.cs.dt.util.JUnitTestRunner.run(JUnitTestRunner.java:66)
Test being executed: RegressionTest2.test254
	at org.junit.runner.JUnitCore.run(JUnitCore.java:137)
	at edu.washington.cs.dt.util.JUnitTestExecutor.execute(JUnitTestExecutor.java:242)
	at edu.washington.cs.dt.util.JUnitTestExecutor.executeWithJUnit4Runner(JUnitTestExecutor.java:266)
	at edu.washington.cs.dt.util.JUnitTestExecutor.runOrder(JUnitTestExecutor.java:49)
	at edu.washington.cs.dt.util.TestRunnerWrapperFileInputs.runTests(TestRunnerWrapperFileInputs.java:59)
	at edu.washington.cs.dt.util.TestRunnerWrapperFileInputs.main(TestRunnerWrapperFileInputs.java:23)
Test being executed: RegressionTest2.test255
Test being executed: RegressionTest2.test256
java.lang.AssertionError
	at org.junit.Assert.fail(Assert.java:86)
	at org.junit.Assert.assertTrue(Assert.java:41)
	at org.junit.Assert.assertTrue(Assert.java:52)
	at RegressionTest2.test256(RegressionTest2.java:4537)
	at sun.reflect.NativeMethodAccessorImpl.invoke0(Native Method)
	at sun.reflect.NativeMethodAccessorImpl.invoke(NativeMethodAccessorImpl.java:62)
	at sun.reflect.DelegatingMethodAccessorImpl.invoke(DelegatingMethodAccessorImpl.java:43)
	at java.lang.reflect.Method.invoke(Method.java:498)
	at org.junit.runners.model.FrameworkMethod$1.runReflectiveCall(FrameworkMethod.java:50)
	at org.junit.internal.runners.model.ReflectiveCallable.run(ReflectiveCallable.java:12)
	at org.junit.runners.model.FrameworkMethod.invokeExplosively(FrameworkMethod.java:47)
	at org.junit.internal.runners.statements.InvokeMethod.evaluate(InvokeMethod.java:17)
	at edu.washington.cs.dt.util.JUnitTestRunner.runChild(JUnitTestRunner.java:263)
	at edu.washington.cs.dt.util.JUnitTestRunner.run(JUnitTestRunner.java:66)
	at org.junit.runner.JUnitCore.run(JUnitCore.java:137)
	at edu.washington.cs.dt.util.JUnitTestExecutor.execute(JUnitTestExecutor.java:242)
	at edu.washington.cs.dt.util.JUnitTestExecutor.executeWithJUnit4Runner(JUnitTestExecutor.java:266)
	at edu.washington.cs.dt.util.JUnitTestExecutor.runOrder(JUnitTestExecutor.java:49)
	at edu.washington.cs.dt.util.TestRunnerWrapperFileInputs.runTests(TestRunnerWrapperFileInputs.java:59)
	at edu.washington.cs.dt.util.TestRunnerWrapperFileInputs.main(TestRunnerWrapperFileInputs.java:23)
Test being executed: RegressionTest2.test257
Test being executed: RegressionTest2.test258
Test being executed: RegressionTest2.test259
Test being executed: RegressionTest2.test260
Test being executed: RegressionTest2.test261
Test being executed: RegressionTest2.test262
Test being executed: RegressionTest2.test263
Test being executed: RegressionTest2.test264
Test being executed: RegressionTest2.test265
Test being executed: RegressionTest2.test266
Test being executed: RegressionTest2.test267
Test being executed: RegressionTest2.test268
Test being executed: RegressionTest2.test269
Test being executed: RegressionTest2.test270
Test being executed: RegressionTest2.test271
Test being executed: RegressionTest2.test272
Test being executed: RegressionTest2.test273
Test being executed: RegressionTest2.test274
Test being executed: RegressionTest2.test275
Test being executed: RegressionTest2.test276
java.lang.AssertionError
	at org.junit.Assert.fail(Assert.java:86)
	at org.junit.Assert.assertTrue(Assert.java:41)
	at org.junit.Assert.assertTrue(Assert.java:52)
	at RegressionTest2.test276(RegressionTest2.java:4945)
	at sun.reflect.NativeMethodAccessorImpl.invoke0(Native Method)
	at sun.reflect.NativeMethodAccessorImpl.invoke(NativeMethodAccessorImpl.java:62)
	at sun.reflect.DelegatingMethodAccessorImpl.invoke(DelegatingMethodAccessorImpl.java:43)
	at java.lang.reflect.Method.invoke(Method.java:498)
	at org.junit.runners.model.FrameworkMethod$1.runReflectiveCall(FrameworkMethod.java:50)
	at org.junit.internal.runners.model.ReflectiveCallable.run(ReflectiveCallable.java:12)
	at org.junit.runners.model.FrameworkMethod.invokeExplosively(FrameworkMethod.java:47)
	at org.junit.internal.runners.statements.InvokeMethod.evaluate(InvokeMethod.java:17)
	at edu.washington.cs.dt.util.JUnitTestRunner.runChild(JUnitTestRunner.java:263)
	at edu.washington.cs.dt.util.JUnitTestRunner.run(JUnitTestRunner.java:66)
	at org.junit.runner.JUnitCore.run(JUnitCore.java:137)
Test being executed: RegressionTest2.test277
	at edu.washington.cs.dt.util.JUnitTestExecutor.execute(JUnitTestExecutor.java:242)
	at edu.washington.cs.dt.util.JUnitTestExecutor.executeWithJUnit4Runner(JUnitTestExecutor.java:266)
	at edu.washington.cs.dt.util.JUnitTestExecutor.runOrder(JUnitTestExecutor.java:49)
	at edu.washington.cs.dt.util.TestRunnerWrapperFileInputs.runTests(TestRunnerWrapperFileInputs.java:59)
	at edu.washington.cs.dt.util.TestRunnerWrapperFileInputs.main(TestRunnerWrapperFileInputs.java:23)
Test being executed: RegressionTest2.test278
Test being executed: RegressionTest2.test279
Test being executed: RegressionTest2.test280
Test being executed: RegressionTest2.test281
Total execution time: 4330948600

Pass: 1234, Fail: 0, Error: 48, Skipped: 0, Ignored: 0
{RegressionTest2.test150=71706, RegressionTest2.test219=42165, RegressionTest2.test137=47162, RegressionTest0.test293=351013, RegressionTest0.test211=396425, RegressionTest0.test208=70048, RegressionTest2.test228=92345, RegressionTest1.test394=220172, RegressionTest0.test396=56826, RegressionTest0.test391=342726, RegressionTest0.test357=305051, RegressionTest0.test493=69292, RegressionTest2.test098=65468, RegressionTest0.test332=120640, RegressionTest2.test130=41972, RegressionTest0.test481=54985, RegressionTest1.test430=202040, RegressionTest1.test073=57736, RegressionTest1.test270=87363, RegressionTest0.test010=107249, RegressionTest0.test044=56212, RegressionTest0.test428=386804, RegressionTest2.test171=45685, RegressionTest0.test120=463728, RegressionTest1.test301=868384, RegressionTest1.test367=33521, RegressionTest1.test320=277132, RegressionTest2.test032=256145, RegressionTest1.test089=318537, RegressionTest1.test121=276994, RegressionTest1.test461=98224, RegressionTest2.test085=71746, RegressionTest1.test226=74684, RegressionTest0.test186=93248, RegressionTest0.test124=590765, RegressionTest0.test296=211250, RegressionTest0.test112=129439, RegressionTest0.test371=91113, RegressionTest1.test142=288061, RegressionTest2.test166=200489, RegressionTest0.test344=396850, RegressionTest0.test008=544564, RegressionTest0.test134=230225, RegressionTest2.test044=42886, RegressionTest1.test245=34912, RegressionTest1.test281=240281, RegressionTest1.test276=45031, RegressionTest1.test489=51383, RegressionTest2.test252=250325, RegressionTest2.test011=229149, RegressionTest0.test053=686427, RegressionTest0.test495=342054, RegressionTest1.test141=284828, RegressionTest0.test068=86740, RegressionTest2.test022=205887, RegressionTest0.test107=537896, RegressionTest0.test172=104144, RegressionTest1.test092=306669, RegressionTest0.test192=60966, RegressionTest1.test040=89126, RegressionTest2.test230=236955, RegressionTest0.test079=508945, RegressionTest1.test016=93692, RegressionTest0.test280=76496, RegressionTest0.test459=290024, RegressionTest0.test178=393547, RegressionTest1.test158=61062, RegressionTest1.test162=304972, RegressionTest2.test092=41140, RegressionTest0.test055=477105, RegressionTest1.test239=44307, RegressionTest0.test103=124699, RegressionTest1.test481=84071, RegressionTest0.test404=57417, RegressionTest2.test006=37580, RegressionTest1.test321=230335, RegressionTest1.test027=320988, RegressionTest1.test042=103340, RegressionTest1.test372=234544, RegressionTest0.test074=61101, RegressionTest0.test349=85081, RegressionTest1.test238=368594, RegressionTest1.test259=255876, RegressionTest2.test029=42586, RegressionTest1.test297=241154, RegressionTest1.test490=74409, RegressionTest1.test284=39742, RegressionTest1.test300=304604, RegressionTest2.test184=42590, RegressionTest1.test008=86418, RegressionTest2.test181=59289, RegressionTest1.test263=275834, RegressionTest0.test470=82353, RegressionTest1.test091=378567, RegressionTest1.test012=374397, RegressionTest2.test127=229922, RegressionTest2.test081=43015, RegressionTest0.test398=315742, RegressionTest0.test111=554260, RegressionTest0.test434=78661, RegressionTest1.test269=301392, RegressionTest1.test409=246603, RegressionTest0.test060=693125, RegressionTest1.test283=65427, RegressionTest0.test105=715818, RegressionTest1.test203=279241, RegressionTest0.test375=85901, RegressionTest2.test245=55975, RegressionTest1.test274=246194, RegressionTest2.test270=76366, RegressionTest2.test017=86123, RegressionTest1.test426=76770, RegressionTest1.test334=311189, RegressionTest2.test129=202137, RegressionTest0.test378=288260, RegressionTest0.test130=526738, RegressionTest0.test257=397071, RegressionTest2.test206=43935, RegressionTest1.test386=40425, RegressionTest0.test472=31368, RegressionTest1.test280=78515, RegressionTest0.test431=301209, RegressionTest1.test235=81598, RegressionTest1.test237=307597, RegressionTest0.test223=360984, RegressionTest0.test239=170876, RegressionTest0.test021=78749, RegressionTest0.test270=131218, RegressionTest0.test466=71891, RegressionTest2.test083=195105, RegressionTest2.test234=58420, RegressionTest1.test168=326396, RegressionTest2.test080=54313, RegressionTest0.test448=326688, RegressionTest0.test106=587471, RegressionTest0.test003=528673, RegressionTest1.test064=466271, RegressionTest0.test059=1576171, RegressionTest0.test214=317221, RegressionTest1.test053=560058, RegressionTest1.test051=88605, RegressionTest0.test117=497223, RegressionTest0.test422=79099, RegressionTest1.test393=262453, RegressionTest0.test410=299097, RegressionTest0.test323=434744, RegressionTest0.test135=600737, RegressionTest0.test294=293278, RegressionTest0.test272=330200, RegressionTest1.test368=71582, RegressionTest1.test384=384165, RegressionTest0.test057=713682, RegressionTest2.test049=40198, RegressionTest1.test450=226221, RegressionTest1.test410=72575, RegressionTest0.test255=487858, RegressionTest1.test187=54469, RegressionTest2.test112=75723, RegressionTest0.test318=65838, RegressionTest2.test132=233059, RegressionTest0.test262=91290, RegressionTest1.test381=81789, RegressionTest1.test151=297408, RegressionTest2.test198=56681, RegressionTest1.test120=270837, RegressionTest1.test431=53697, RegressionTest2.test203=211740, RegressionTest0.test401=53598, RegressionTest0.test405=49523, RegressionTest2.test070=41579, RegressionTest1.test314=251522, RegressionTest1.test485=64674, RegressionTest0.test252=417604, RegressionTest0.test195=421423, RegressionTest0.test397=89376, RegressionTest0.test260=358257, RegressionTest2.test162=233784, RegressionTest0.test289=1049932, RegressionTest0.test345=86827, RegressionTest0.test113=444872, RegressionTest1.test423=65244, RegressionTest0.test276=74896, RegressionTest1.test210=388833, RegressionTest1.test428=236875, RegressionTest1.test167=36267, RegressionTest1.test175=33342, RegressionTest2.test110=62859, RegressionTest1.test128=278697, RegressionTest0.test370=30980, RegressionTest1.test487=246497, RegressionTest2.test281=63498, RegressionTest0.test328=546246, RegressionTest1.test041=158184, RegressionTest1.test132=301691, RegressionTest1.test013=366179, RegressionTest0.test153=448458, RegressionTest2.test066=277433, RegressionTest2.test058=75118, RegressionTest1.test228=616410, RegressionTest1.test240=38540, RegressionTest1.test445=37606, RegressionTest2.test063=39280, RegressionTest2.test057=70446, RegressionTest0.test365=49166, RegressionTest2.test250=66806, RegressionTest0.test091=608851, RegressionTest0.test385=488074, RegressionTest0.test176=371608, RegressionTest1.test467=35932, RegressionTest1.test126=262439, RegressionTest0.test177=97502, RegressionTest0.test482=363685, RegressionTest0.test467=323235, RegressionTest1.test156=92798, RegressionTest0.test002=103616, RegressionTest0.test038=2067781, RegressionTest1.test497=36280, RegressionTest2.test218=62982, RegressionTest1.test065=216437, RegressionTest1.test484=103746, RegressionTest2.test142=64197, RegressionTest1.test253=77167, RegressionTest1.test466=69872, RegressionTest2.test021=266552, RegressionTest2.test211=72392, RegressionTest0.test031=692485, RegressionTest2.test091=40799, RegressionTest1.test455=237977, RegressionTest0.test253=399931, RegressionTest1.test199=84571, RegressionTest1.test122=267111, RegressionTest0.test227=69267, RegressionTest1.test492=223314, RegressionTest0.test402=108473, RegressionTest0.test023=607019, RegressionTest1.test069=411979, RegressionTest1.test067=464592, RegressionTest2.test262=230860, RegressionTest0.test169=144900, RegressionTest0.test024=808454, RegressionTest2.test031=70593, RegressionTest2.test200=42278, RegressionTest0.test366=334675, RegressionTest1.test249=63368, RegressionTest0.test445=59635, RegressionTest0.test438=35193, RegressionTest2.test020=196317, RegressionTest0.test062=561223, RegressionTest1.test441=44718, RegressionTest0.test343=371876, RegressionTest0.test219=388684, RegressionTest0.test241=748431, RegressionTest1.test422=42382, RegressionTest1.test415=326545, RegressionTest1.test009=309862, RegressionTest0.test427=63155, RegressionTest1.test078=83500, RegressionTest0.test382=79374, RegressionTest0.test147=431747, RegressionTest2.test111=49824, RegressionTest0.test367=35987, RegressionTest1.test131=88640, RegressionTest0.test362=265539, RegressionTest1.test273=73318, RegressionTest1.test448=264354, RegressionTest1.test421=227604, RegressionTest2.test217=209554, RegressionTest2.test176=280259, RegressionTest0.test204=89383, RegressionTest0.test424=118670, RegressionTest2.test082=73064, RegressionTest2.test205=220143, RegressionTest0.test198=354186, RegressionTest1.test414=43220, RegressionTest1.test330=40384, RegressionTest0.test242=168714, RegressionTest0.test437=68472, RegressionTest0.test473=286071, RegressionTest1.test404=46466, RegressionTest1.test076=105868, RegressionTest1.test063=100268, RegressionTest1.test332=66656, RegressionTest1.test229=319960, RegressionTest2.test114=214900, RegressionTest2.test087=104230, RegressionTest0.test115=86731, RegressionTest2.test103=216155, RegressionTest0.test054=1771651, RegressionTest1.test341=90279, RegressionTest1.test331=252911, RegressionTest0.test455=43679, RegressionTest0.test167=153227, RegressionTest1.test230=263354, RegressionTest1.test400=65437, RegressionTest2.test064=101843, RegressionTest0.test461=319683, RegressionTest0.test045=547241, RegressionTest0.test190=362343, RegressionTest1.test452=217344, RegressionTest0.test263=381895, RegressionTest1.test362=102665, RegressionTest0.test380=294648, RegressionTest0.test035=1359957, RegressionTest1.test286=316280, RegressionTest1.test278=72606, RegressionTest0.test386=1308068, RegressionTest1.test134=62603, RegressionTest1.test322=228468, RegressionTest1.test479=35053, RegressionTest0.test281=73824, RegressionTest2.test038=87156, RegressionTest0.test322=63863, RegressionTest0.test361=284821, RegressionTest1.test261=238231, RegressionTest0.test389=315671, RegressionTest0.test264=364814, RegressionTest0.test259=87617, RegressionTest0.test042=27157073, RegressionTest0.test077=583638, RegressionTest1.test287=254402, RegressionTest1.test214=257165, RegressionTest1.test113=304041, RegressionTest1.test311=281273, RegressionTest1.test186=91542, RegressionTest1.test146=58654, RegressionTest2.test051=46705, RegressionTest1.test130=75251, RegressionTest2.test216=71821, RegressionTest1.test336=38495, RegressionTest2.test030=231626, RegressionTest0.test384=364686, RegressionTest1.test357=332608, RegressionTest2.test037=105211, RegressionTest0.test442=323650, RegressionTest1.test305=215985, RegressionTest1.test103=60735, RegressionTest1.test361=125477, RegressionTest0.test104=521808, RegressionTest0.test222=349948, RegressionTest1.test382=42344, RegressionTest1.test456=79034, RegressionTest0.test383=533401, RegressionTest1.test318=99936, RegressionTest0.test235=94010, RegressionTest1.test315=68069, RegressionTest2.test159=243259, RegressionTest2.test207=96493, RegressionTest1.test001=316652, RegressionTest1.test266=71796, RegressionTest0.test193=211163, RegressionTest2.test255=42386, RegressionTest2.test279=44478, RegressionTest2.test134=601791, RegressionTest0.test254=115109, RegressionTest2.test121=232701, RegressionTest1.test173=236719, RegressionTest2.test094=80290, RegressionTest0.test244=438766, RegressionTest1.test029=346504, RegressionTest1.test062=477192, RegressionTest0.test056=90623, RegressionTest0.test230=86139, RegressionTest0.test155=1805481, RegressionTest0.test118=724492, RegressionTest1.test307=34545, RegressionTest2.test145=96641, RegressionTest0.test189=438562, RegressionTest2.test179=275306, RegressionTest1.test255=302641, RegressionTest1.test144=41795, RegressionTest1.test420=72041, RegressionTest1.test061=128134, RegressionTest1.test093=59762, RegressionTest0.test005=4814437, RegressionTest2.test062=52739, RegressionTest2.test258=289789, RegressionTest0.test183=550135, RegressionTest1.test358=261022, RegressionTest2.test054=236509, RegressionTest0.test116=1026908, RegressionTest0.test073=772331, RegressionTest1.test074=342152, RegressionTest0.test374=68795, RegressionTest1.test106=100154, RegressionTest1.test104=294792, RegressionTest2.test172=227583, RegressionTest2.test104=234192, RegressionTest0.test418=309997, RegressionTest1.test500=291301, RegressionTest1.test474=95028, RegressionTest1.test028=92976, RegressionTest2.test251=295360, RegressionTest0.test478=73726, RegressionTest0.test403=324000, RegressionTest0.test463=312316, RegressionTest2.test116=222014, RegressionTest1.test088=289204, RegressionTest1.test086=371923, RegressionTest0.test393=160111, RegressionTest0.test199=1206521, RegressionTest1.test272=59389, RegressionTest1.test350=342412, RegressionTest2.test239=232093, RegressionTest0.test311=200475355, RegressionTest0.test202=79331, RegressionTest1.test337=236976, RegressionTest2.test274=211152, RegressionTest0.test229=392349, RegressionTest0.test099=1369444, RegressionTest2.test076=292112, RegressionTest1.test070=347436, RegressionTest0.test392=30639, RegressionTest0.test314=588525, RegressionTest1.test084=67739, RegressionTest0.test283=79351, RegressionTest2.test265=216606, RegressionTest1.test188=265834, RegressionTest2.test107=212113, RegressionTest0.test302=297664, RegressionTest1.test302=346086, RegressionTest1.test293=261710, RegressionTest0.test197=330094, RegressionTest1.test081=306261, RegressionTest1.test219=80395, RegressionTest1.test288=262064, RegressionTest1.test325=41370, RegressionTest2.test149=47821, RegressionTest0.test012=74640, RegressionTest0.test356=348941, RegressionTest0.test175=515337, RegressionTest1.test268=324568, RegressionTest1.test399=67559, RegressionTest0.test417=50670, RegressionTest0.test315=79692, RegressionTest0.test009=76367, RegressionTest0.test233=383595, RegressionTest0.test039=62552, RegressionTest2.test026=69069, RegressionTest0.test369=33022, RegressionTest1.test434=216937, RegressionTest1.test189=274534, RegressionTest1.test438=239080, RegressionTest1.test242=303587, RegressionTest1.test026=346007, RegressionTest0.test449=296596, RegressionTest0.test066=106295, RegressionTest1.test021=373656, RegressionTest1.test243=183739, RegressionTest1.test011=280727, RegressionTest2.test266=46856, RegressionTest2.test278=47557, RegressionTest1.test310=252226, RegressionTest0.test313=101071, RegressionTest0.test188=369878, RegressionTest2.test014=40077, RegressionTest1.test388=245567, RegressionTest0.test090=497786, RegressionTest0.test218=358372, RegressionTest1.test183=35585, RegressionTest2.test023=43915, RegressionTest1.test220=291598, RegressionTest1.test380=232913, RegressionTest0.test458=334727, RegressionTest2.test160=38210, RegressionTest0.test226=104869, RegressionTest2.test212=63366, RegressionTest1.test194=306434, RegressionTest1.test007=185486, RegressionTest1.test340=220734, RegressionTest0.test299=289505, RegressionTest0.test330=292420, RegressionTest0.test196=436718, RegressionTest1.test351=64843, RegressionTest1.test478=35988, RegressionTest0.test295=310052, RegressionTest2.test053=277647, RegressionTest1.test260=260962, RegressionTest2.test140=213594, RegressionTest2.test074=75904, RegressionTest0.test275=44755, RegressionTest1.test355=35822, RegressionTest1.test396=65298, RegressionTest1.test154=366601, RegressionTest1.test476=68458, RegressionTest2.test223=88574, RegressionTest1.test491=34696, RegressionTest0.test089=67111, RegressionTest2.test125=40020, RegressionTest2.test073=291976, RegressionTest0.test426=66854, RegressionTest1.test374=299810, RegressionTest1.test323=267459, RegressionTest1.test463=272151, RegressionTest0.test441=68979, RegressionTest2.test277=42602, RegressionTest1.test184=74011, RegressionTest2.test261=63730, RegressionTest1.test209=255259, RegressionTest2.test194=300929, RegressionTest2.test188=220784, RegressionTest2.test173=221017, RegressionTest0.test051=829174, RegressionTest0.test033=715226, RegressionTest0.test347=355493, RegressionTest1.test206=267024, RegressionTest2.test268=212049, RegressionTest0.test069=788205, RegressionTest1.test387=234987, RegressionTest1.test459=332553, RegressionTest1.test446=44710, RegressionTest0.test451=434589, RegressionTest2.test099=217075, RegressionTest1.test458=55059, RegressionTest0.test119=489795, RegressionTest1.test023=410411, RegressionTest0.test180=83608, RegressionTest0.test142=459196, RegressionTest0.test452=65521, RegressionTest0.test093=881125, RegressionTest1.test145=34301, RegressionTest2.test071=253864, RegressionTest0.test030=719819, RegressionTest1.test303=248484, RegressionTest2.test078=37597, RegressionTest0.test335=399534, RegressionTest0.test350=84042, RegressionTest1.test291=65792, RegressionTest2.test237=100340, RegressionTest0.test132=879102, RegressionTest2.test197=71274, RegressionTest0.test086=94688, RegressionTest2.test183=217766, RegressionTest1.test306=51248, RegressionTest1.test464=42239, RegressionTest1.test264=253362, RegressionTest1.test359=264128, RegressionTest0.test489=289152, RegressionTest0.test022=923734, RegressionTest0.test215=367984, RegressionTest2.test135=89368, RegressionTest0.test360=310456, RegressionTest1.test192=60404, RegressionTest0.test278=364728, RegressionTest1.test077=85633, RegressionTest0.test310=308303, RegressionTest0.test377=34302, RegressionTest0.test160=2608460, RegressionTest2.test259=96732, RegressionTest1.test488=209108, RegressionTest0.test250=376260, RegressionTest1.test072=86042, RegressionTest1.test347=539431, RegressionTest1.test343=1931996, RegressionTest1.test047=129978, RegressionTest1.test405=213702, RegressionTest0.test300=75865, RegressionTest1.test123=88207, RegressionTest2.test122=247727, RegressionTest0.test309=373396, RegressionTest1.test215=137439, RegressionTest2.test182=106361, RegressionTest2.test190=112643, RegressionTest1.test402=233643, RegressionTest2.test012=78739, RegressionTest2.test055=272700, RegressionTest0.test351=306918, RegressionTest1.test319=138747, RegressionTest0.test411=300368, RegressionTest1.test019=101714, RegressionTest0.test416=382444, RegressionTest2.test267=42625, RegressionTest0.test082=514394, RegressionTest2.test232=64266, RegressionTest1.test370=173229, RegressionTest2.test079=217013, RegressionTest0.test400=288338, RegressionTest0.test271=485085, RegressionTest2.test247=221881, RegressionTest1.test498=48965, RegressionTest1.test295=67959, RegressionTest0.test266=75886, RegressionTest1.test339=78722, RegressionTest1.test017=367049, RegressionTest1.test389=65475, RegressionTest0.test337=380917, RegressionTest1.test470=244699, RegressionTest1.test039=545675, RegressionTest1.test161=36244, RegressionTest1.test114=66782, RegressionTest0.test207=75061, RegressionTest2.test045=207025, RegressionTest0.test179=1608210, RegressionTest2.test264=55773, RegressionTest0.test500=1819252, RegressionTest1.test257=51147, RegressionTest1.test037=93813, RegressionTest0.test165=351956, RegressionTest0.test292=78318, RegressionTest1.test098=65051, RegressionTest0.test191=75061, RegressionTest2.test138=274966, RegressionTest1.test447=224758, RegressionTest0.test027=7680855, RegressionTest1.test003=104923, RegressionTest0.test421=74852, RegressionTest1.test100=308334, RegressionTest1.test267=248404, RegressionTest1.test453=245772, RegressionTest2.test240=69529, RegressionTest1.test066=285901, RegressionTest0.test128=441419, RegressionTest0.test159=380760, RegressionTest1.test002=67845, RegressionTest2.test046=339837, RegressionTest0.test101=186117, RegressionTest0.test097=501503, RegressionTest2.test243=58272, RegressionTest0.test185=47354, RegressionTest1.test454=53553, RegressionTest1.test451=41371, RegressionTest1.test022=68361, RegressionTest0.test210=87576, RegressionTest2.test269=209397, RegressionTest0.test163=343349, RegressionTest2.test209=39319, RegressionTest0.test217=325400, RegressionTest0.test067=122502, RegressionTest0.test228=68979, RegressionTest1.test244=316775, RegressionTest1.test262=54764, RegressionTest1.test444=94762, RegressionTest0.test150=10744757, RegressionTest1.test471=59057, RegressionTest1.test425=36024, RegressionTest1.test105=101710, RegressionTest1.test378=41475, RegressionTest2.test008=88419, RegressionTest0.test083=100240, RegressionTest0.test490=291696, RegressionTest1.test353=80045, RegressionTest1.test312=48248, RegressionTest2.test180=265352, RegressionTest2.test191=273488, RegressionTest1.test429=66873, RegressionTest2.test072=43440, RegressionTest1.test299=78068, RegressionTest0.test499=298091, RegressionTest1.test391=34351, RegressionTest2.test084=64331, RegressionTest1.test495=35952, RegressionTest0.test225=86049, RegressionTest0.test164=88348, RegressionTest0.test096=464245, RegressionTest1.test153=486476, RegressionTest2.test153=37706, RegressionTest0.test076=565357, RegressionTest2.test105=226716, RegressionTest1.test294=256320, RegressionTest1.test010=300732, RegressionTest1.test344=69343, RegressionTest2.test088=56558, RegressionTest0.test063=1491082, RegressionTest0.test353=290703, RegressionTest1.test097=99841, RegressionTest0.test019=51562, RegressionTest1.test477=189410, RegressionTest0.test157=74621, RegressionTest2.test195=238348, RegressionTest1.test254=260755, RegressionTest1.test165=244450, RegressionTest0.test484=286299, RegressionTest0.test498=291413, RegressionTest0.test406=69745, RegressionTest0.test301=330203, RegressionTest1.test449=230744, RegressionTest0.test339=220941, RegressionTest1.test207=60361, RegressionTest0.test285=327041, RegressionTest0.test137=550430, RegressionTest1.test252=39290, RegressionTest0.test173=52878, RegressionTest2.test196=43303, RegressionTest2.test065=38578, RegressionTest0.test007=125118, RegressionTest1.test432=251076, RegressionTest1.test102=70905, RegressionTest0.test306=320694, RegressionTest0.test282=285964, RegressionTest1.test213=31178, RegressionTest1.test182=266837, RegressionTest0.test321=174392, RegressionTest0.test317=394071, RegressionTest2.test133=36563, RegressionTest1.test174=82403, RegressionTest1.test443=311035, RegressionTest0.test184=236814, RegressionTest0.test026=101368, RegressionTest1.test327=244743, RegressionTest2.test143=39535, RegressionTest0.test168=493912, RegressionTest1.test436=234550, RegressionTest1.test241=92568, RegressionTest1.test462=44089, RegressionTest1.test118=274273, RegressionTest1.test112=113803, RegressionTest0.test095=470705, RegressionTest2.test164=213999, RegressionTest2.test047=255133, RegressionTest1.test392=480291, RegressionTest1.test465=48445, RegressionTest0.test015=49466, RegressionTest0.test429=303379, RegressionTest0.test102=584543, RegressionTest0.test354=85457, RegressionTest2.test050=248385, RegressionTest2.test059=82477, RegressionTest1.test304=237269, RegressionTest2.test106=84003, RegressionTest0.test213=363348, RegressionTest2.test257=50028, RegressionTest1.test371=228215, RegressionTest0.test395=77020, RegressionTest1.test212=32871, RegressionTest0.test013=13652354, RegressionTest1.test152=39800, RegressionTest0.test333=486160, RegressionTest1.test472=242975, RegressionTest0.test312=203573, RegressionTest0.test334=65693, RegressionTest2.test249=65918, RegressionTest1.test045=55812, RegressionTest0.test070=2137980, RegressionTest1.test373=232137, RegressionTest2.test033=301297, RegressionTest1.test204=57200, RegressionTest1.test057=432090, RegressionTest2.test124=36763, RegressionTest1.test363=746872, RegressionTest1.test138=295192, RegressionTest2.test254=45517, RegressionTest1.test290=266433, RegressionTest2.test034=252495, RegressionTest1.test108=305021, RegressionTest1.test202=65410, RegressionTest2.test144=43425, RegressionTest0.test247=76483, RegressionTest0.test269=465976, RegressionTest0.test017=46801, RegressionTest0.test336=110262, RegressionTest0.test080=617893, RegressionTest1.test277=246661, RegressionTest1.test496=34804, RegressionTest0.test071=117840, RegressionTest0.test268=108515, RegressionTest2.test229=42763, RegressionTest0.test258=60379, RegressionTest0.test049=660182, RegressionTest1.test035=136855, RegressionTest0.test138=77722, RegressionTest2.test131=191853, RegressionTest1.test383=63417, RegressionTest0.test408=190641, RegressionTest1.test139=56982, RegressionTest2.test040=53699, RegressionTest0.test028=57054, RegressionTest1.test217=334920, RegressionTest1.test401=229276, RegressionTest0.test151=568698, RegressionTest0.test327=367499, RegressionTest1.test211=280532, RegressionTest0.test407=347996, RegressionTest0.test435=297845, RegressionTest0.test256=394570, RegressionTest0.test425=33961, RegressionTest1.test075=66738, RegressionTest1.test033=69647, RegressionTest2.test108=769629, RegressionTest1.test197=321622, RegressionTest0.test485=289019, RegressionTest2.test003=196661, RegressionTest0.test331=148939, RegressionTest0.test419=307449, RegressionTest2.test041=47342, RegressionTest0.test126=438452, RegressionTest1.test050=97519, RegressionTest1.test030=401246, RegressionTest0.test232=465371, RegressionTest1.test296=269372, RegressionTest1.test085=86883, ErrorTest0.test1=43539979, RegressionTest0.test265=142394, RegressionTest1.test475=36824, RegressionTest1.test424=212264, RegressionTest0.test075=574228, RegressionTest2.test242=229034, RegressionTest2.test241=89069, RegressionTest0.test364=143830, RegressionTest1.test324=248660, RegressionTest1.test190=32104, RegressionTest0.test249=91751, RegressionTest0.test139=79975, RegressionTest0.test133=525565, RegressionTest1.test094=1080687, RegressionTest2.test236=110585, RegressionTest0.test161=422321, RegressionTest2.test086=208795, RegressionTest0.test052=57558, RegressionTest0.test156=85685, RegressionTest1.test439=224312, RegressionTest0.test123=92273, RegressionTest2.test263=40819, RegressionTest0.test460=423554, RegressionTest1.test164=267106, RegressionTest1.test256=287892, RegressionTest1.test412=63119, RegressionTest1.test223=255125, RegressionTest1.test080=150694, RegressionTest0.test084=2051019, RegressionTest0.test248=371237, RegressionTest0.test288=327387, RegressionTest1.test049=249088, RegressionTest2.test220=96471, RegressionTest2.test170=223319, RegressionTest0.test246=425072, RegressionTest1.test435=74689, RegressionTest2.test244=48225, RegressionTest2.test238=257824, RegressionTest1.test170=301715, RegressionTest1.test136=74907, RegressionTest2.test117=42982, RegressionTest1.test046=319951, RegressionTest0.test251=100372, RegressionTest2.test036=213981, RegressionTest1.test191=73299, RegressionTest2.test115=220743, RegressionTest2.test280=277875, RegressionTest2.test151=265536, RegressionTest2.test007=644228, RegressionTest1.test005=669899, RegressionTest1.test166=58689, RegressionTest1.test185=262576, RegressionTest0.test444=48205, RegressionTest2.test235=227298, RegressionTest0.test326=81505, RegressionTest1.test271=231542, RegressionTest1.test317=42183, RegressionTest1.test417=75106, RegressionTest0.test415=441602, RegressionTest1.test127=65636, RegressionTest0.test048=3428046, RegressionTest0.test399=54590, RegressionTest2.test154=37539, RegressionTest0.test200=150447, RegressionTest0.test447=279577, RegressionTest0.test018=2372345, RegressionTest0.test081=84738, RegressionTest2.test016=67707, RegressionTest1.test179=272446, RegressionTest0.test129=91339, RegressionTest1.test015=372810, RegressionTest0.test462=344902, RegressionTest2.test095=58259, RegressionTest1.test020=337749, RegressionTest1.test258=342505, RegressionTest0.test471=58599, RegressionTest0.test342=316387, RegressionTest1.test171=71138, RegressionTest0.test486=315416, RegressionTest2.test048=235989, RegressionTest0.test220=229292, RegressionTest0.test412=72553, RegressionTest1.test163=247242, RegressionTest2.test061=981491, RegressionTest0.test098=87496, RegressionTest1.test236=230508, RegressionTest0.test212=88424, RegressionTest0.test182=100315, RegressionTest0.test174=388640, RegressionTest1.test025=505783, RegressionTest0.test001=147908, RegressionTest1.test083=105824, RegressionTest2.test005=91468, RegressionTest0.test100=140720, RegressionTest1.test043=439352, RegressionTest1.test494=205279, RegressionTest0.test162=77840, RegressionTest0.test043=1076064, RegressionTest0.test144=80679, RegressionTest2.test043=212318, RegressionTest2.test226=224447, RegressionTest2.test204=241462, RegressionTest1.test232=419586, RegressionTest0.test468=288554, RegressionTest0.test145=371775, RegressionTest1.test149=33789, RegressionTest2.test025=74362, RegressionTest0.test206=341425, RegressionTest1.test407=211602, RegressionTest0.test453=274019, RegressionTest0.test014=55839, RegressionTest2.test156=61984, RegressionTest1.test397=238155, RegressionTest1.test419=43093, RegressionTest0.test143=395373, RegressionTest2.test018=48127, RegressionTest2.test102=216817, RegressionTest0.test388=59618, RegressionTest1.test116=306093, RegressionTest1.test176=31584, RegressionTest0.test108=734899, RegressionTest1.test349=505682, RegressionTest0.test122=401584, RegressionTest2.test027=47397, RegressionTest0.test340=372954, RegressionTest1.test143=257319, RegressionTest0.test121=447854, RegressionTest2.test158=68734, RegressionTest2.test097=48739, RegressionTest1.test398=224342, RegressionTest1.test024=80360, RegressionTest0.test456=292536, RegressionTest2.test227=233498, RegressionTest1.test427=236381, RegressionTest2.test093=71941, RegressionTest1.test014=124873, RegressionTest2.test042=48756, RegressionTest1.test169=46101, RegressionTest1.test298=67983, RegressionTest1.test231=251068, RegressionTest0.test234=96245, RegressionTest2.test067=42362, RegressionTest0.test394=39750, RegressionTest0.test298=56698, RegressionTest2.test139=236055, RegressionTest0.test290=478197, RegressionTest2.test075=74781, RegressionTest0.test390=65159, RegressionTest1.test048=79977, RegressionTest1.test482=83543, RegressionTest1.test354=87648, RegressionTest0.test469=59152, RegressionTest0.test387=421917, RegressionTest0.test058=110291, RegressionTest2.test187=210608, RegressionTest0.test020=48800, RegressionTest0.test475=35243, RegressionTest1.test279=76670, RegressionTest1.test499=272444, RegressionTest0.test267=547076, RegressionTest1.test411=37784, RegressionTest0.test363=328560, RegressionTest0.test149=73721, RegressionTest1.test148=58687, RegressionTest0.test029=51609, RegressionTest0.test420=93751, RegressionTest0.test305=51958, RegressionTest2.test163=40922, RegressionTest0.test348=309052, RegressionTest0.test224=74092, RegressionTest0.test236=367560, RegressionTest1.test147=92940, RegressionTest2.test248=42690, RegressionTest0.test359=305967, RegressionTest0.test376=321694, RegressionTest1.test109=67224, RegressionTest0.test140=516526, RegressionTest2.test120=205646, RegressionTest2.test035=81787, RegressionTest0.test379=34909, RegressionTest1.test493=37402, RegressionTest1.test416=111578, RegressionTest0.test110=425066, RegressionTest0.test092=99739, RegressionTest1.test379=250126, RegressionTest2.test089=205837, RegressionTest2.test015=79629, RegressionTest1.test195=238225, RegressionTest1.test437=209652, RegressionTest1.test356=427766, RegressionTest0.test187=389355, RegressionTest1.test346=68923, RegressionTest0.test346=78219, RegressionTest1.test036=308923, RegressionTest0.test319=323385, RegressionTest2.test221=114298, RegressionTest1.test247=305953, RegressionTest1.test480=200174, RegressionTest2.test185=64664, RegressionTest2.test175=67183, RegressionTest1.test395=70609, RegressionTest1.test111=298326, RegressionTest0.test409=150376, RegressionTest1.test140=288513, RegressionTest1.test338=230573, RegressionTest2.test169=51407, RegressionTest0.test381=73814, RegressionTest0.test037=1856153, RegressionTest1.test058=98708, RegressionTest1.test099=62779, RegressionTest1.test079=332209, RegressionTest0.test287=326823, RegressionTest1.test248=63282, RegressionTest1.test377=82831, RegressionTest0.test440=59561, RegressionTest0.test065=6678328, RegressionTest0.test477=298808, RegressionTest0.test325=116882, RegressionTest2.test246=53715, RegressionTest0.test050=667599, RegressionTest0.test324=93134, RegressionTest1.test342=259053, RegressionTest2.test004=66899, RegressionTest1.test483=59800, RegressionTest1.test376=40283, RegressionTest0.test170=360656, RegressionTest1.test059=372438, RegressionTest0.test341=108330, RegressionTest1.test018=424597, RegressionTest1.test413=73035, RegressionTest2.test002=36648, RegressionTest0.test158=391100, RegressionTest2.test118=215230, RegressionTest0.test433=281713, RegressionTest1.test119=115092, RegressionTest1.test308=251899, RegressionTest1.test056=378838, RegressionTest0.test041=75918, RegressionTest0.test358=30080, RegressionTest1.test006=111538, RegressionTest0.test496=66447, RegressionTest2.test068=236682, RegressionTest1.test155=1311551, RegressionTest2.test148=215131, RegressionTest1.test137=31180, RegressionTest2.test189=199805, RegressionTest1.test408=39466, RegressionTest0.test439=76447, RegressionTest1.test345=408916, RegressionTest0.test443=266504, RegressionTest0.test423=402507, RegressionTest1.test159=80463, RegressionTest0.test088=174525, RegressionTest0.test277=113605, RegressionTest0.test127=724912, RegressionTest1.test440=44726, RegressionTest2.test141=72458, RegressionTest0.test154=86472, RegressionTest0.test078=511488, RegressionTest1.test473=199687, RegressionTest2.test119=203047, RegressionTest2.test056=219464, RegressionTest0.test109=1256190, RegressionTest1.test178=32972, RegressionTest1.test289=64301, RegressionTest0.test492=74128, RegressionTest1.test129=104156, RegressionTest0.test034=714329414, RegressionTest0.test304=103750, RegressionTest0.test414=288772, RegressionTest0.test148=6947180, RegressionTest1.test365=47615, RegressionTest0.test450=70869, RegressionTest1.test201=33486, RegressionTest1.test044=106765, RegressionTest1.test326=61376, RegressionTest1.test133=61994, RegressionTest1.test082=81193, RegressionTest2.test152=64900, RegressionTest1.test032=398329, RegressionTest0.test308=339055, RegressionTest1.test418=273464, RegressionTest2.test060=190727, RegressionTest1.test282=287719, RegressionTest2.test146=43013, RegressionTest1.test060=95804, RegressionTest1.test221=70594, RegressionTest2.test123=51519, RegressionTest1.test224=36644, RegressionTest0.test491=270530, RegressionTest0.test194=81502, RegressionTest1.test054=981907, RegressionTest1.test360=317089, RegressionTest2.test273=226437, RegressionTest0.test355=67584, RegressionTest1.test385=110942, RegressionTest1.test328=39899, RegressionTest0.test291=61638, RegressionTest1.test442=565262, RegressionTest2.test113=226878, RegressionTest1.test309=64889, RegressionTest2.test201=43979, RegressionTest0.test085=68206, RegressionTest0.test413=342397, RegressionTest0.test152=56826, RegressionTest0.test141=1257123, RegressionTest1.test193=51836, RegressionTest0.test497=33758, RegressionTest1.test403=203755, RegressionTest0.test216=111157, RegressionTest1.test468=37374, RegressionTest2.test215=219310, RegressionTest1.test227=291718, RegressionTest0.test238=110793, RegressionTest2.test010=39569, RegressionTest1.test333=34431, RegressionTest1.test034=260274, RegressionTest2.test272=123676, RegressionTest0.test338=121862, RegressionTest1.test233=312104, RegressionTest1.test004=89613, RegressionTest2.test013=82420, RegressionTest0.test476=267511, RegressionTest1.test222=77766, RegressionTest1.test177=268478, RegressionTest2.test165=210525, RegressionTest0.test046=1204022, RegressionTest0.test114=1015276, RegressionTest1.test375=75980, RegressionTest0.test203=454697, RegressionTest1.test125=74417, RegressionTest2.test136=257619, RegressionTest1.test329=34300, RegressionTest0.test243=360395, RegressionTest0.test274=72655, RegressionTest2.test009=94847, RegressionTest2.test231=74934, RegressionTest1.test038=87431, RegressionTest0.test205=389742, RegressionTest0.test201=71753, RegressionTest1.test055=131021, RegressionTest0.test273=340569, RegressionTest1.test369=282943, RegressionTest1.test110=331647, RegressionTest1.test225=270125, RegressionTest1.test469=58014, RegressionTest1.test216=86023, RegressionTest2.test256=322193, RegressionTest0.test221=97526, RegressionTest1.test246=156291, RegressionTest0.test479=56656, RegressionTest0.test286=81641, RegressionTest1.test234=279571, RegressionTest0.test040=1703623, RegressionTest0.test261=335856, RegressionTest1.test218=50123, RegressionTest1.test486=332328, RegressionTest2.test271=52783, RegressionTest0.test231=527885, RegressionTest0.test025=62822, RegressionTest0.test303=294108, RegressionTest0.test131=397214, RegressionTest0.test072=2296188, RegressionTest2.test090=260971, RegressionTest0.test245=351922, RegressionTest2.test213=62836, RegressionTest2.test199=67425, RegressionTest2.test222=60442, RegressionTest0.test279=338733, RegressionTest0.test297=884053, RegressionTest0.test436=60139, RegressionTest1.test348=75751, RegressionTest2.test174=38816, RegressionTest2.test157=62820, RegressionTest1.test101=290765, RegressionTest2.test109=279105, RegressionTest2.test224=45770, RegressionTest2.test024=88591, RegressionTest1.test457=215269, RegressionTest0.test094=628596, RegressionTest1.test096=320782, RegressionTest2.test161=53323, RegressionTest2.test069=59522, RegressionTest2.test028=72091, RegressionTest1.test352=40010, RegressionTest1.test390=95253, RegressionTest0.test372=340387, RegressionTest2.test128=232791, RegressionTest0.test061=105487, RegressionTest0.test480=82001, RegressionTest0.test016=58428, RegressionTest0.test483=238371, RegressionTest1.test157=300401, RegressionTest0.test464=71672, RegressionTest2.test096=226440, RegressionTest1.test031=136258, RegressionTest2.test101=78214, RegressionTest0.test329=378388, RegressionTest1.test250=36230, RegressionTest1.test090=347886, RegressionTest2.test186=215758, RegressionTest2.test192=40245, RegressionTest1.test433=256828, RegressionTest0.test494=301265, RegressionTest2.test275=56802, RegressionTest0.test488=60536, RegressionTest0.test432=328569, RegressionTest1.test285=253678, RegressionTest1.test316=43116, RegressionTest1.test460=39346, RegressionTest0.test430=35593, RegressionTest0.test307=79876, RegressionTest0.test006=220267, RegressionTest0.test136=517706, RegressionTest2.test193=52481, RegressionTest0.test446=55419, RegressionTest1.test135=249539, RegressionTest2.test039=232861, RegressionTest2.test155=39635, RegressionTest2.test077=38016, RegressionTest2.test202=38764, RegressionTest1.test335=301075, RegressionTest2.test100=55836, RegressionTest1.test052=82432, RegressionTest2.test260=63573, RegressionTest0.test284=72132, RegressionTest0.test166=137743, RegressionTest1.test265=344277, RegressionTest1.test292=72862, RegressionTest1.test180=87529, RegressionTest1.test160=32653, RegressionTest2.test276=241593, RegressionTest1.test200=92341, RegressionTest1.test205=61438, RegressionTest1.test198=351326, RegressionTest2.test147=83914, RegressionTest2.test168=66013, RegressionTest1.test172=236869, RegressionTest0.test146=71391, RegressionTest2.test225=82967, RegressionTest2.test052=198811, RegressionTest2.test177=271972, RegressionTest0.test352=360872, RegressionTest0.test125=484758, RegressionTest2.test001=277297, RegressionTest1.test406=240122, RegressionTest0.test320=343324, RegressionTest0.test240=87443, RegressionTest0.test373=303669, RegressionTest2.test167=264166, RegressionTest1.test366=65042, RegressionTest1.test196=83022, RegressionTest0.test047=809850, RegressionTest1.test117=243399, RegressionTest2.test233=229461, RegressionTest2.test253=229339, RegressionTest0.test457=59683, RegressionTest0.test087=590929, RegressionTest0.test474=283963, RegressionTest1.test208=49718, RegressionTest0.test064=65302, RegressionTest0.test316=129230, RegressionTest1.test251=38896, RegressionTest0.test171=69872, RegressionTest1.test313=258605, RegressionTest2.test126=225797, RegressionTest1.test115=125145, RegressionTest1.test107=313283, RegressionTest1.test150=55179, RegressionTest0.test004=483916, RegressionTest0.test368=270543, RegressionTest1.test181=286368, RegressionTest0.test011=71310, RegressionTest1.test087=341729, RegressionTest1.test095=544466, RegressionTest0.test209=74366, RegressionTest0.test181=1287245, RegressionTest2.test210=44428, RegressionTest2.test208=41441, RegressionTest1.test364=380097, RegressionTest0.test237=100841640, RegressionTest1.test071=86739, RegressionTest0.test036=2819750, RegressionTest2.test019=35454, RegressionTest1.test068=103354, RegressionTest0.test465=365570, RegressionTest0.test487=305737, RegressionTest1.test124=243381, RegressionTest2.test214=278272, RegressionTest0.test454=281855, RegressionTest0.test032=1197106, RegressionTest2.test178=39515, RegressionTest1.test275=53289}

