.
Time: 0.156

OK (1 test)

.
Time: 0.003

OK (1 test)

.
Time: 0.003

OK (1 test)

.
Time: 0.003

OK (1 test)

.
Time: 0.003

OK (1 test)

.
Time: 0.002

OK (1 test)

.
Time: 0.291

OK (1 test)

.
Time: 0.011

OK (1 test)

.
Time: 0.012

OK (1 test)

.
Time: 0.001

OK (1 test)

.
Time: 0.026

OK (1 test)

.
Time: 0.009

OK (1 test)

.
Time: 0.009

OK (1 test)

.
Time: 0.009

OK (1 test)

.
Time: 0.008

OK (1 test)

.
Time: 0.011

OK (1 test)

.
Time: 0.013

OK (1 test)

.
Time: 0.003

OK (1 test)

.
Time: 0

OK (1 test)

.
Time: 0

OK (1 test)

.
Time: 0

OK (1 test)

.
Time: 0

OK (1 test)

.
Time: 0

OK (1 test)

.E
Time: 0.003
There was 1 error:
1) test_Y4_stripped(org.apache.xml.security.test.c14n.implementations.C14NInterop)java.io.FileNotFoundException: /home/winglam/dependent-tests-impact/experiments/xml-security-orig-v1/data/interop/c14n/Y4/signatureStripped.xml (No such file or directory)
	at java.io.FileInputStream.open(Native Method)
	at java.io.FileInputStream.<init>(FileInputStream.java:146)
	at java.io.FileInputStream.<init>(FileInputStream.java:101)
	at sun.net.www.protocol.file.FileURLConnection.connect(FileURLConnection.java:90)
	at sun.net.www.protocol.file.FileURLConnection.getInputStream(FileURLConnection.java:188)
	at java.net.URL.openStream(URL.java:1048)
	at org.apache.xerces.impl.XMLEntityManager.startEntity(XMLEntityManager.java:731)
	at org.apache.xerces.impl.XMLEntityManager.startDocumentEntity(XMLEntityManager.java:676)
	at org.apache.xerces.impl.XMLDocumentScannerImpl.setInputSource(XMLDocumentScannerImpl.java:252)
	at org.apache.xerces.parsers.StandardParserConfiguration.parse(StandardParserConfiguration.java:499)
	at org.apache.xerces.parsers.StandardParserConfiguration.parse(StandardParserConfiguration.java:581)
	at org.apache.xerces.parsers.XMLParser.parse(XMLParser.java:147)
	at org.apache.xerces.parsers.DOMParser.parse(DOMParser.java:221)
	at org.apache.xerces.jaxp.DocumentBuilderImpl.parse(DocumentBuilderImpl.java:209)
	at javax.xml.parsers.DocumentBuilder.parse(DocumentBuilder.java:205)
	at org.apache.xml.security.test.c14n.implementations.C14NInterop.t(C14NInterop.java:210)
	at org.apache.xml.security.test.c14n.implementations.C14NInterop.test_Y4_stripped(C14NInterop.java:188)
	at sun.reflect.NativeMethodAccessorImpl.invoke0(Native Method)
	at sun.reflect.NativeMethodAccessorImpl.invoke(NativeMethodAccessorImpl.java:57)
	at sun.reflect.DelegatingMethodAccessorImpl.invoke(DelegatingMethodAccessorImpl.java:43)
	at edu.washington.cs.dt.util.TestRunnerWrapper.main(TestRunnerWrapper.java:56)

FAILURES!!!
Tests run: 1,  Failures: 0,  Errors: 1

.
Time: 0.197

OK (1 test)

.
Time: 0.002

OK (1 test)

.
Time: 0.001

OK (1 test)

.
Time: 0.001

OK (1 test)

.
Time: 0.002

OK (1 test)

.
Time: 0.013

OK (1 test)

.
Time: 0.002

OK (1 test)

.
Time: 0.002

OK (1 test)

.
Time: 0.003

OK (1 test)

.
Time: 0.002

OK (1 test)

.
Time: 0.003

OK (1 test)

.
Time: 0.002

OK (1 test)

.
Time: 0.007

OK (1 test)

.
Time: 0.008

OK (1 test)

.
Time: 0.001

OK (1 test)

.
Time: 0.028

OK (1 test)

.

Time: 0.003

OK (1 test)

.
Time: 0.002

OK (1 test)

.
Time: 0.001

OK (1 test)

.
Time: 0.048

OK (1 test)

.
Time: 0.13

OK (1 test)

.
Time: 0.129

OK (1 test)

.F
Time: 2.18
There was 1 failure:
1) test_Y5(org.apache.xml.security.test.c14n.implementations.ExclusiveC14NInterop)junit.framework.AssertionFailedError: 8 10 19 24 26
	at org.apache.xml.security.test.c14n.implementations.ExclusiveC14NInterop.test_Y5(ExclusiveC14NInterop.java:201)
	at sun.reflect.NativeMethodAccessorImpl.invoke0(Native Method)
	at sun.reflect.NativeMethodAccessorImpl.invoke(NativeMethodAccessorImpl.java:57)
	at sun.reflect.DelegatingMethodAccessorImpl.invoke(DelegatingMethodAccessorImpl.java:43)
	at edu.washington.cs.dt.util.TestRunnerWrapper.main(TestRunnerWrapper.java:56)

FAILURES!!!
Tests run: 1,  Failures: 1,  Errors: 0

.
Time: 0.001

OK (1 test)

.
Time: 0.001

OK (1 test)

.
Time: 0.001

OK (1 test)

.
Time: 0.001

OK (1 test)

.
Time: 0.001

OK (1 test)

.
Time: 0.001

OK (1 test)

.
Time: 0.001

OK (1 test)

.
Time: 0.001

OK (1 test)

.
Time: 0.002

OK (1 test)

.
Time: 0.001

OK (1 test)

.
Time: 0

OK (1 test)

.
Time: 0.01

OK (1 test)

.
Time: 0.009

OK (1 test)

.
Time: 0.015

OK (1 test)

.
Time: 0.015

OK (1 test)

.
Time: 0.012

OK (1 test)

.
Time: 0.022

OK (1 test)

.
Time: 0.018

OK (1 test)

.
Time: 0.013

OK (1 test)

.
Time: 0.186

OK (1 test)

.
Time: 0.004

OK (1 test)

.
Time: 0.004

OK (1 test)

.
Time: 0.007

OK (1 test)

.
Time: 0.01

OK (1 test)

.
Time: 0.021

OK (1 test)

.
Time: 0.006

OK (1 test)

.
Time: 0.007

OK (1 test)

.
Time: 0.005

OK (1 test)

.
Time: 0.006

OK (1 test)

.
Time: 0.01

OK (1 test)

.
Time: 0.008

OK (1 test)

.
Time: 0.013

OK (1 test)

.E
Time: 0
There was 1 error:
1) test_enveloping_hmac(org.apache.xml.security.test.interop.IBMTest)java.io.FileNotFoundException: data/com/ibm/xss4j-20011029/enveloping-hmac.key (No such file or directory)
	at java.io.FileInputStream.open(Native Method)
	at java.io.FileInputStream.<init>(FileInputStream.java:146)
	at java.io.FileInputStream.<init>(FileInputStream.java:101)
	at org.apache.xml.security.utils.JavaUtils.getBytesFromFile(JavaUtils.java:232)
	at org.apache.xml.security.test.interop.IBMTest.test_enveloping_hmac(IBMTest.java:157)
	at sun.reflect.NativeMethodAccessorImpl.invoke0(Native Method)
	at sun.reflect.NativeMethodAccessorImpl.invoke(NativeMethodAccessorImpl.java:57)
	at sun.reflect.DelegatingMethodAccessorImpl.invoke(DelegatingMethodAccessorImpl.java:43)
	at edu.washington.cs.dt.util.TestRunnerWrapper.main(TestRunnerWrapper.java:56)

FAILURES!!!
Tests run: 1,  Failures: 0,  Errors: 1

.E
Time: 0.001
There was 1 error:
1) test_detached_dsa(org.apache.xml.security.test.interop.IBMTest)java.io.FileNotFoundException: data/com/ibm/xss4j-20011029/detached-dsa.sig (No such file or directory)
	at java.io.FileInputStream.open(Native Method)
	at java.io.FileInputStream.<init>(FileInputStream.java:146)
	at org.apache.xml.security.test.interop.InteropTest.verify(InteropTest.java:117)
	at org.apache.xml.security.test.interop.IBMTest.test_detached_dsa(IBMTest.java:186)
	at sun.reflect.NativeMethodAccessorImpl.invoke0(Native Method)
	at sun.reflect.NativeMethodAccessorImpl.invoke(NativeMethodAccessorImpl.java:57)
	at sun.reflect.DelegatingMethodAccessorImpl.invoke(DelegatingMethodAccessorImpl.java:43)
	at edu.washington.cs.dt.util.TestRunnerWrapper.main(TestRunnerWrapper.java:56)

FAILURES!!!
Tests run: 1,  Failures: 0,  Errors: 1

.
E
Time: 0.001
There was 1 error:
1) test_detached_rsa(org.apache.xml.security.test.interop.IBMTest)java.io.FileNotFoundException: data/com/ibm/xss4j-20011029/detached-rsa.sig (No such file or directory)
	at java.io.FileInputStream.open(Native Method)
	at java.io.FileInputStream.<init>(FileInputStream.java:146)
	at org.apache.xml.security.test.interop.InteropTest.verify(InteropTest.java:117)
	at org.apache.xml.security.test.interop.IBMTest.test_detached_rsa(IBMTest.java:211)
	at sun.reflect.NativeMethodAccessorImpl.invoke0(Native Method)
	at sun.reflect.NativeMethodAccessorImpl.invoke(NativeMethodAccessorImpl.java:57)
	at sun.reflect.DelegatingMethodAccessorImpl.invoke(DelegatingMethodAccessorImpl.java:43)
	at edu.washington.cs.dt.util.TestRunnerWrapper.main(TestRunnerWrapper.java:56)

FAILURES!!!
Tests run: 1,  Failures: 0,  Errors: 1

.E
Time: 0.001
There was 1 error:
1) test_enveloped_dsa(org.apache.xml.security.test.interop.IBMTest)java.io.FileNotFoundException: data/com/ibm/xss4j-20011029/enveloped-dsa.sig (No such file or directory)
	at java.io.FileInputStream.open(Native Method)
	at java.io.FileInputStream.<init>(FileInputStream.java:146)
	at org.apache.xml.security.test.interop.InteropTest.verify(InteropTest.java:117)
	at org.apache.xml.security.test.interop.IBMTest.test_enveloped_dsa(IBMTest.java:236)
	at sun.reflect.NativeMethodAccessorImpl.invoke0(Native Method)
	at sun.reflect.NativeMethodAccessorImpl.invoke(NativeMethodAccessorImpl.java:57)
	at sun.reflect.DelegatingMethodAccessorImpl.invoke(DelegatingMethodAccessorImpl.java:43)
	at edu.washington.cs.dt.util.TestRunnerWrapper.main(TestRunnerWrapper.java:56)

FAILURES!!!
Tests run: 1,  Failures: 0,  Errors: 1

.E
Time: 0.001
There was 1 error:
1) test_enveloped_rsa(org.apache.xml.security.test.interop.IBMTest)java.io.FileNotFoundException: data/com/ibm/xss4j-20011029/enveloped-rsa.sig (No such file or directory)
	at java.io.FileInputStream.open(Native Method)
	at java.io.FileInputStream.<init>(FileInputStream.java:146)
	at org.apache.xml.security.test.interop.InteropTest.verify(InteropTest.java:117)
	at org.apache.xml.security.test.interop.IBMTest.test_enveloped_rsa(IBMTest.java:261)
	at sun.reflect.NativeMethodAccessorImpl.invoke0(Native Method)
	at sun.reflect.NativeMethodAccessorImpl.invoke(NativeMethodAccessorImpl.java:57)
	at sun.reflect.DelegatingMethodAccessorImpl.invoke(DelegatingMethodAccessorImpl.java:43)
	at edu.washington.cs.dt.util.TestRunnerWrapper.main(TestRunnerWrapper.java:56)

FAILURES!!!
Tests run: 1,  Failures: 0,  Errors: 1

.E
Time: 0.001
There was 1 error:
1) test_enveloping_dsa(org.apache.xml.security.test.interop.IBMTest)java.io.FileNotFoundException: data/com/ibm/xss4j-20011029/enveloping-dsa.sig (No such file or directory)
	at java.io.FileInputStream.open(Native Method)
	at java.io.FileInputStream.<init>(FileInputStream.java:146)
	at org.apache.xml.security.test.interop.InteropTest.verify(InteropTest.java:117)
	at org.apache.xml.security.test.interop.IBMTest.test_enveloping_dsa(IBMTest.java:286)
	at sun.reflect.NativeMethodAccessorImpl.invoke0(Native Method)
	at sun.reflect.NativeMethodAccessorImpl.invoke(NativeMethodAccessorImpl.java:57)
	at sun.reflect.DelegatingMethodAccessorImpl.invoke(DelegatingMethodAccessorImpl.java:43)
	at edu.washington.cs.dt.util.TestRunnerWrapper.main(TestRunnerWrapper.java:56)

FAILURES!!!
Tests run: 1,  Failures: 0,  Errors: 1

.E
Time: 0.001
There was 1 error:
1) test_enveloping_rsa(org.apache.xml.security.test.interop.IBMTest)java.io.FileNotFoundException: data/com/ibm/xss4j-20011029/enveloping-rsa.sig (No such file or directory)
	at java.io.FileInputStream.open(Native Method)
	at java.io.FileInputStream.<init>(FileInputStream.java:146)
	at org.apache.xml.security.test.interop.InteropTest.verify(InteropTest.java:117)
	at org.apache.xml.security.test.interop.IBMTest.test_enveloping_rsa(IBMTest.java:311)
	at sun.reflect.NativeMethodAccessorImpl.invoke0(Native Method)
	at sun.reflect.NativeMethodAccessorImpl.invoke(NativeMethodAccessorImpl.java:57)
	at sun.reflect.DelegatingMethodAccessorImpl.invoke(DelegatingMethodAccessorImpl.java:43)
	at edu.washington.cs.dt.util.TestRunnerWrapper.main(TestRunnerWrapper.java:56)

FAILURES!!!
Tests run: 1,  Failures: 0,  Errors: 1

.E
Time: 0.001
There was 1 error:
1) test_enveloping_dsa_soaped_broken(org.apache.xml.security.test.interop.IBMTest)java.io.FileNotFoundException: data/com/ibm/xss4j-20011029/enveloping-dsa-soaped-broken.sig (No such file or directory)
	at java.io.FileInputStream.open(Native Method)
	at java.io.FileInputStream.<init>(FileInputStream.java:146)
	at org.apache.xml.security.test.interop.InteropTest.verify(InteropTest.java:117)
	at org.apache.xml.security.test.interop.IBMTest.test_enveloping_dsa_soaped_broken(IBMTest.java:336)
	at sun.reflect.NativeMethodAccessorImpl.invoke0(Native Method)
	at sun.reflect.NativeMethodAccessorImpl.invoke(NativeMethodAccessorImpl.java:57)
	at sun.reflect.DelegatingMethodAccessorImpl.invoke(DelegatingMethodAccessorImpl.java:43)
	at edu.washington.cs.dt.util.TestRunnerWrapper.main(TestRunnerWrapper.java:56)

FAILURES!!!
Tests run: 1,  Failures: 0,  Errors: 1

.
Time: 0.007

OK (1 test)

.
Time: 0.006

OK (1 test)

.
Time: 0

OK (1 test)

.
Time: 0.005

OK (1 test)

.
Time: 0.001

OK (1 test)

.
Time: 0.001

OK (1 test)

.
Time: 0.002

OK (1 test)

.
Time: 0.001

OK (1 test)

.
Time: 0.001

OK (1 test)

.
Time: 0

OK (1 test)

.
Time: 0

OK (1 test)

.
Time: 0

OK (1 test)

.
Time: 0.001

OK (1 test)

.
Time: 0

OK (1 test)

.
Time: 0.001

OK (1 test)

.
Time: 0.001

OK (1 test)

.
Time: 0.001

OK (1 test)

.
Time: 0.003

OK (1 test)

.
Time: 0

OK (1 test)

.
Time: 0

OK (1 test)

.
Time: 0.002

OK (1 test)

Execution time: 3957287492
0-th run
Pass: 98, Fail: 1, Error: 9
{org.apache.xml.security.test.algorithms.implementations.AESWrapperTest.test41=164445668, org.apache.xml.security.test.algorithms.implementations.AESWrapperTest.test42=2681286, org.apache.xml.security.test.algorithms.implementations.AESWrapperTest.test43=2914897, org.apache.xml.security.test.algorithms.implementations.AESWrapperTest.test44=3517492, org.apache.xml.security.test.algorithms.implementations.AESWrapperTest.test45=3279610, org.apache.xml.security.test.algorithms.implementations.AESWrapperTest.test46=2753131, org.apache.xml.security.test.algorithms.implementations.BlockEncryptionTest.test_AES128=290522008, org.apache.xml.security.test.algorithms.implementations.BlockEncryptionTest.test_AES192=11327774, org.apache.xml.security.test.algorithms.implementations.BlockEncryptionTest.test_AES256=11615186, org.apache.xml.security.test.algorithms.implementations.BlockEncryptionTest.test_3DES=1169769, org.apache.xml.security.test.algorithms.implementations.KeyWrapTest.test_3DES=26198874, org.apache.xml.security.test.algorithms.implementations.KeyWrapTest.test_AES_41=9475267, org.apache.xml.security.test.algorithms.implementations.KeyWrapTest.test_AES_42=9100363, org.apache.xml.security.test.algorithms.implementations.KeyWrapTest.test_AES_43=8741421, org.apache.xml.security.test.algorithms.implementations.KeyWrapTest.test_AES_44=8518999, org.apache.xml.security.test.algorithms.implementations.KeyWrapTest.test_AES_45=10682241, org.apache.xml.security.test.algorithms.implementations.KeyWrapTest.test_AES_46=12809061, org.apache.xml.security.test.algorithms.implementations.TripleDESWrapperTest.test34=3424072, org.apache.xml.security.test.c14n.helper.C14nHelperTest.testNamespaceIsAbsolute01=858070, org.apache.xml.security.test.c14n.helper.C14nHelperTest.testNamespaceIsAbsolute02=298126, org.apache.xml.security.test.c14n.helper.C14nHelperTest.testNamespaceIsAbsolute03=279602, org.apache.xml.security.test.c14n.helper.C14nHelperTest.testNamespaceIsRelative01=245299, org.apache.xml.security.test.c14n.helper.C14nHelperTest.testNamespaceIsRelative02=232628, org.apache.xml.security.test.c14n.implementations.C14NInterop.test_Y4_stripped=5005610, org.apache.xml.security.test.c14n.implementations.Canonicalizer20010315ExclusiveTest.testA=196628647, org.apache.xml.security.test.c14n.implementations.Canonicalizer20010315ExclusiveTest.test221=1764621, org.apache.xml.security.test.c14n.implementations.Canonicalizer20010315ExclusiveTest.test222=1650613, org.apache.xml.security.test.c14n.implementations.Canonicalizer20010315ExclusiveTest.test221excl=1554469, org.apache.xml.security.test.c14n.implementations.Canonicalizer20010315ExclusiveTest.test222excl=1841857, org.apache.xml.security.test.c14n.implementations.Canonicalizer20010315Test.test31withComments=13823667, org.apache.xml.security.test.c14n.implementations.Canonicalizer20010315Test.test31=1672620, org.apache.xml.security.test.c14n.implementations.Canonicalizer20010315Test.test32=1593933, org.apache.xml.security.test.c14n.implementations.Canonicalizer20010315Test.test33=3781564, org.apache.xml.security.test.c14n.implementations.Canonicalizer20010315Test.test34validatingParser=2657929, org.apache.xml.security.test.c14n.implementations.Canonicalizer20010315Test.test35=2973766, org.apache.xml.security.test.c14n.implementations.Canonicalizer20010315Test.test36=2472532, org.apache.xml.security.test.c14n.implementations.Canonicalizer20010315Test.test37=7902912, org.apache.xml.security.test.c14n.implementations.Canonicalizer20010315Test.test37byNodeList=8929856, org.apache.xml.security.test.c14n.implementations.Canonicalizer20010315Test.testRelativeNSbehaviour=1292181, org.apache.xml.security.test.c14n.implementations.Canonicalizer20010315Test.testTranslationFromUTF16toUTF8=28327108, org.apache.xml.security.test.c14n.implementations.Canonicalizer20010315Test.testXMLAttributes1=2748229, org.apache.xml.security.test.c14n.implementations.Canonicalizer20010315Test.testXMLAttributes2=1807141, org.apache.xml.security.test.c14n.implementations.Canonicalizer20010315Test.testXMLAttributes3=1812585, org.apache.xml.security.test.c14n.implementations.ExclusiveC14NInterop.test_Y1=48233857, org.apache.xml.security.test.c14n.implementations.ExclusiveC14NInterop.test_Y2=129779819, org.apache.xml.security.test.c14n.implementations.ExclusiveC14NInterop.test_Y3=129609594, org.apache.xml.security.test.c14n.implementations.ExclusiveC14NInterop.test_Y5=2181551345, org.apache.xml.security.test.external.org.apache.xalan.XPathAPI.AttributeAncestorOrSelf.test01=1497350, org.apache.xml.security.test.external.org.apache.xalan.XPathAPI.AttributeAncestorOrSelf.test02=1191145, org.apache.xml.security.test.external.org.apache.xalan.XPathAPI.AttributeAncestorOrSelf.test03=1054975, org.apache.xml.security.test.external.org.apache.xalan.XPathAPI.XalanBug1425Test.testBad01=1282992, org.apache.xml.security.test.external.org.apache.xalan.XPathAPI.XalanBug1425Test.testBad02=1145739, org.apache.xml.security.test.external.org.apache.xalan.XPathAPI.XalanBug1425Test.testBad03=1266281, org.apache.xml.security.test.external.org.apache.xalan.XPathAPI.XalanBug1425Test.testGood01=1122199, org.apache.xml.security.test.external.org.apache.xalan.XPathAPI.XalanBug1425Test.testGood02=989594, org.apache.xml.security.test.external.org.apache.xalan.XPathAPI.XalanBug1425Test.testGood03=1129887, org.apache.xml.security.test.external.org.apache.xalan.XPathAPI.XalanBug1425Test.testGood04=968422, org.apache.xml.security.test.external.org.apache.xalan.XPathAPI.XalanBug1425Test.testGood05=964001, org.apache.xml.security.test.interop.BaltimoreTest.test_fifteen_enveloping_hmac_sha1=9875838, org.apache.xml.security.test.interop.BaltimoreTest.test_fifteen_enveloping_hmac_sha1_40=9310796, org.apache.xml.security.test.interop.BaltimoreTest.test_fifteen_enveloped_dsa=14704304, org.apache.xml.security.test.interop.BaltimoreTest.test_fifteen_enveloping_b64_dsa=15187942, org.apache.xml.security.test.interop.BaltimoreTest.test_fifteen_enveloping_dsa=11758393, org.apache.xml.security.test.interop.BaltimoreTest.test_fifteen_enveloping_rsa=21937222, org.apache.xml.security.test.interop.BaltimoreTest.test_fifteen_external_b64_dsa=18241467, org.apache.xml.security.test.interop.BaltimoreTest.test_fifteen_external_dsa=13339571, org.apache.xml.security.test.interop.BaltimoreTest.test_sixteen_external_dsa=186266005, org.apache.xml.security.test.interop.IAIKTest.test_signatureAlgorithms_signatures_hMACShortSignature=5027602, org.apache.xml.security.test.interop.IAIKTest.test_signatureAlgorithms_signatures_hMACSignature=4719762, org.apache.xml.security.test.interop.IAIKTest.test_coreFeatures_signatures_manifestSignature_core=6632303, org.apache.xml.security.test.interop.IAIKTest.test_coreFeatures_signatures_manifestSignature_manifest=9646719, org.apache.xml.security.test.interop.IAIKTest.test_coreFeatures_signatures_signatureTypesSignature=21763947, org.apache.xml.security.test.interop.IAIKTest.test_coreFeatures_signatures_anonymousReferenceSignature=5956896, org.apache.xml.security.test.interop.IAIKTest.test_signatureAlgorithms_signatures_dSASignature=6703264, org.apache.xml.security.test.interop.IAIKTest.test_signatureAlgorithms_signatures_rSASignature=5194978, org.apache.xml.security.test.interop.IAIKTest.test_transforms_signatures_base64DecodeSignature=5542528, org.apache.xml.security.test.interop.IAIKTest.test_transforms_signatures_c14nSignature=9995626, org.apache.xml.security.test.interop.IAIKTest.test_transforms_signatures_envelopedSignatureSignature=8033730, org.apache.xml.security.test.interop.IAIKTest.test_transforms_signatures_xPathSignature=13531687, org.apache.xml.security.test.interop.IBMTest.test_enveloping_hmac=801808, org.apache.xml.security.test.interop.IBMTest.test_detached_dsa=1056113, org.apache.xml.security.test.interop.IBMTest.test_detached_rsa=1013801, org.apache.xml.security.test.interop.IBMTest.test_enveloped_dsa=1000867, org.apache.xml.security.test.interop.IBMTest.test_enveloped_rsa=1019475, org.apache.xml.security.test.interop.IBMTest.test_enveloping_dsa=982454, org.apache.xml.security.test.interop.IBMTest.test_enveloping_rsa=1030159, org.apache.xml.security.test.interop.IBMTest.test_enveloping_dsa_soaped_broken=1028397, org.apache.xml.security.test.interop.RSASecurityTest.test_enveloping=7370708, org.apache.xml.security.test.interop.RSASecurityTest.test_enveloped=6075684, org.apache.xml.security.test.signature.XMLSignatureInputTest.testSetOctetStreamGetOctetStream=336801, org.apache.xml.security.test.signature.XMLSignatureInputTest.testSetOctetStreamGetNodeSet1=4740295, org.apache.xml.security.test.signature.XMLSignatureInputTest.testSetOctetStreamGetNodeSet2=1026280, org.apache.xml.security.test.signature.XMLSignatureInputTest.testSetOctetStreamGetNodeSet3=992950, org.apache.xml.security.test.signature.XMLSignatureInputTest.testSetOctetStreamGetNodeSet4=2159071, org.apache.xml.security.test.signature.XMLSignatureInputTest.testSetNodeSetGetNodeSet1=968234, org.apache.xml.security.test.signature.XMLSignatureInputTest.testSetNodeSetGetOctetStream1=952181, org.apache.xml.security.test.signature.XMLSignatureInputTest.testIsInitializedWithOctetStream=201687, org.apache.xml.security.test.signature.XMLSignatureInputTest.testOctetStreamIsOctetStream=165950, org.apache.xml.security.test.signature.XMLSignatureInputTest.testOctetStreamIsNotNodeSet=201792, org.apache.xml.security.test.signature.XMLSignatureInputTest.testIsInitializedWithNodeSet=834510, org.apache.xml.security.test.signature.XMLSignatureInputTest.testNodeSetIsNotOctetStream=737721, org.apache.xml.security.test.signature.XMLSignatureInputTest.testNodeSetIsNodeSet=749016, org.apache.xml.security.test.transforms.implementations.TransformBase64DecodeTest.test1=1384086, org.apache.xml.security.test.transforms.implementations.TransformBase64DecodeTest.test2=1485410, org.apache.xml.security.test.transforms.implementations.TransformBase64DecodeTest.test3=2866104, org.apache.xml.security.test.utils.Base64Test.testA1=242114, org.apache.xml.security.test.utils.resolver.ResourceResolverSpiTest.testExpandSystemId_1=228850, org.apache.xml.security.test.utils.resolver.ResourceResolverSpiTest.testExpandSystemId_2=1792387}

