Test: RegressionTest0.test379
Intended behavior: FAILURE
when executed after: [RegressionTest0.test322]
The revealed different behavior: PASS
when executed after: []

Test: RegressionTest0.test301
Intended behavior: FAILURE
when executed after: [RegressionTest0.test289]
The revealed different behavior: PASS
when executed after: []

Test: RegressionTest0.test322
Intended behavior: FAILURE
when executed after: [RegressionTest0.test320]
The revealed different behavior: PASS
when executed after: []

Test: RegressionTest0.test320
Intended behavior: FAILURE
when executed after: [RegressionTest0.test301]
The revealed different behavior: PASS
when executed after: []

Test: RegressionTest0.test053
Intended behavior: FAILURE
when executed after: [RegressionTest0.test207]
The revealed different behavior: PASS
when executed after: []

Test: RegressionTest0.test085
Intended behavior: FAILURE
when executed after: [RegressionTest2.test49]
The revealed different behavior: PASS
when executed after: []

Test: RegressionTest0.test110
Intended behavior: FAILURE
when executed after: [RegressionTest0.test001]
The revealed different behavior: PASS
when executed after: []

