Test: RegressionTest0.test296
Intended behavior: FAILURE
when executed after: [RegressionTest0.test222]
The revealed different behavior: PASS
when executed after: []

Test: RegressionTest0.test376
Intended behavior: FAILURE
when executed after: [RegressionTest0.test127]
The revealed different behavior: PASS
when executed after: []

Test: RegressionTest0.test420
Intended behavior: FAILURE
when executed after: [RegressionTest0.test296]
The revealed different behavior: PASS
when executed after: []

Test: RegressionTest0.test405
Intended behavior: FAILURE
when executed after: [RegressionTest0.test171]
The revealed different behavior: PASS
when executed after: []

Test: RegressionTest1.test167
Intended behavior: FAILURE
when executed after: [RegressionTest1.test159]
The revealed different behavior: PASS
when executed after: []

Test: RegressionTest1.test159
Intended behavior: FAILURE
when executed after: [RegressionTest0.test390]
The revealed different behavior: PASS
when executed after: []

Test: RegressionTest1.test140
Intended behavior: FAILURE
when executed after: [RegressionTest0.test376]
The revealed different behavior: PASS
when executed after: []

Test: RegressionTest1.test203
Intended behavior: FAILURE
when executed after: [RegressionTest1.test123]
The revealed different behavior: PASS
when executed after: []

Test: RegressionTest1.test065
Intended behavior: FAILURE
when executed after: [RegressionTest1.test063]
The revealed different behavior: PASS
when executed after: []

Test: RegressionTest1.test063
Intended behavior: FAILURE
when executed after: [RegressionTest0.test420]
The revealed different behavior: PASS
when executed after: []

Test: RegressionTest1.test244
Intended behavior: FAILURE
when executed after: [RegressionTest1.test233]
The revealed different behavior: PASS
when executed after: []

Test: RegressionTest1.test233
Intended behavior: FAILURE
when executed after: [RegressionTest1.test065]
The revealed different behavior: PASS
when executed after: []

Test: RegressionTest0.test222
Intended behavior: FAILURE
when executed after: [RegressionTest0.test090]
The revealed different behavior: PASS
when executed after: []

Test: RegressionTest1.test325
Intended behavior: FAILURE
when executed after: [RegressionTest1.test252]
The revealed different behavior: PASS
when executed after: []

Test: RegressionTest1.test123
Intended behavior: FAILURE
when executed after: [RegressionTest1.test120]
The revealed different behavior: PASS
when executed after: []

Test: RegressionTest1.test252
Intended behavior: FAILURE
when executed after: [RegressionTest1.test203]
The revealed different behavior: PASS
when executed after: []

Test: RegressionTest1.test314
Intended behavior: FAILURE
when executed after: [RegressionTest1.test296]
The revealed different behavior: PASS
when executed after: []

Test: RegressionTest1.test296
Intended behavior: FAILURE
when executed after: [RegressionTest1.test244]
The revealed different behavior: PASS
when executed after: []

Test: RegressionTest1.test357
Intended behavior: FAILURE
when executed after: [RegressionTest1.test221]
The revealed different behavior: PASS
when executed after: []

Test: RegressionTest1.test356
Intended behavior: FAILURE
when executed after: [RegressionTest1.test167]
The revealed different behavior: PASS
when executed after: []

Test: RegressionTest1.test490
Intended behavior: FAILURE
when executed after: [RegressionTest1.test356]
The revealed different behavior: PASS
when executed after: []

Test: RegressionTest2.test33
Intended behavior: FAILURE
when executed after: [RegressionTest0.test424]
The revealed different behavior: PASS
when executed after: []

