Test: RegressionTest1.test203
Intended behavior: FAILURE
when executed after: [RegressionTest1.test120]
The revealed different behavior: PASS
when executed after: []

Test: RegressionTest1.test120
Intended behavior: FAILURE
when executed after: [RegressionTest0.test405]
The revealed different behavior: PASS
when executed after: []

Test: RegressionTest1.test498
Intended behavior: FAILURE
when executed after: [RegressionTest1.test429]
The revealed different behavior: PASS
when executed after: []

Test: RegressionTest0.test222
Intended behavior: FAILURE
when executed after: [RegressionTest0.test116]
The revealed different behavior: PASS
when executed after: []

Test: RegressionTest1.test244
Intended behavior: FAILURE
when executed after: [RegressionTest0.test438]
The revealed different behavior: PASS
when executed after: []

Test: RegressionTest0.test296
Intended behavior: FAILURE
when executed after: [RegressionTest0.test291]
The revealed different behavior: PASS
when executed after: []

Test: RegressionTest0.test068
Intended behavior: FAILURE
when executed after: [ErrorTest0.test13]
The revealed different behavior: PASS
when executed after: []

Test: RegressionTest0.test291
Intended behavior: FAILURE
when executed after: [RegressionTest0.test239]
The revealed different behavior: PASS
when executed after: []

Test: RegressionTest1.test429
Intended behavior: FAILURE
when executed after: [RegressionTest1.test244]
The revealed different behavior: PASS
when executed after: []

Test: RegressionTest0.test405
Intended behavior: FAILURE
when executed after: [RegressionTest0.test171]
The revealed different behavior: PASS
when executed after: []

Test: RegressionTest0.test438
Intended behavior: FAILURE
when executed after: [RegressionTest0.test426]
The revealed different behavior: PASS
when executed after: []

Test: RegressionTest0.test106
Intended behavior: FAILURE
when executed after: [RegressionTest0.test068]
The revealed different behavior: PASS
when executed after: []

Test: RegressionTest0.test239
Intended behavior: FAILURE
when executed after: [RegressionTest0.test222]
The revealed different behavior: PASS
when executed after: []

Test: RegressionTest0.test426
Intended behavior: FAILURE
when executed after: [RegressionTest0.test296]
The revealed different behavior: PASS
when executed after: []

Test: RegressionTest0.test116
Intended behavior: FAILURE
when executed after: [RegressionTest0.test106]
The revealed different behavior: PASS
when executed after: []

