Test: RegressionTest1.test203
Intended behavior: FAILURE
when executed after: [RegressionTest1.test123]
The revealed different behavior: PASS
when executed after: []

Test: RegressionTest1.test120
Intended behavior: FAILURE
when executed after: [RegressionTest1.test080]
The revealed different behavior: PASS
when executed after: []

Test: RegressionTest1.test498
Intended behavior: FAILURE
when executed after: [RegressionTest1.test441]
The revealed different behavior: PASS
when executed after: []

Test: RegressionTest0.test222
Intended behavior: FAILURE
when executed after: [RegressionTest0.test116]
The revealed different behavior: PASS
when executed after: []

Test: RegressionTest0.test068
Intended behavior: FAILURE
when executed after: [ErrorTest0.test13]
The revealed different behavior: PASS
when executed after: []

Test: RegressionTest1.test325
Intended behavior: FAILURE
when executed after: [RegressionTest1.test252]
The revealed different behavior: PASS
when executed after: []

Test: RegressionTest1.test123
Intended behavior: FAILURE
when executed after: [RegressionTest1.test120]
The revealed different behavior: PASS
when executed after: []

Test: RegressionTest1.test252
Intended behavior: FAILURE
when executed after: [RegressionTest1.test236]
The revealed different behavior: PASS
when executed after: []

Test: RegressionTest1.test080
Intended behavior: FAILURE
when executed after: [RegressionTest0.test405]
The revealed different behavior: PASS
when executed after: []

Test: RegressionTest1.test236
Intended behavior: FAILURE
when executed after: [RegressionTest1.test203]
The revealed different behavior: PASS
when executed after: []

Test: RegressionTest0.test291
Intended behavior: FAILURE
when executed after: [RegressionTest0.test239]
The revealed different behavior: PASS
when executed after: []

Test: RegressionTest0.test405
Intended behavior: FAILURE
when executed after: [RegressionTest0.test171]
The revealed different behavior: PASS
when executed after: []

Test: RegressionTest0.test106
Intended behavior: FAILURE
when executed after: [RegressionTest0.test068]
The revealed different behavior: PASS
when executed after: []

Test: RegressionTest0.test239
Intended behavior: FAILURE
when executed after: [RegressionTest0.test222]
The revealed different behavior: PASS
when executed after: []

Test: RegressionTest0.test426
Intended behavior: FAILURE
when executed after: [RegressionTest0.test291]
The revealed different behavior: PASS
when executed after: []

Test: RegressionTest2.test06
Intended behavior: FAILURE
when executed after: [RegressionTest1.test481]
The revealed different behavior: PASS
when executed after: []

Test: RegressionTest1.test167
Intended behavior: FAILURE
when executed after: [RegressionTest0.test390]
The revealed different behavior: PASS
when executed after: []

Test: RegressionTest1.test480
Intended behavior: FAILURE
when executed after: [RegressionTest1.test167]
The revealed different behavior: PASS
when executed after: []

Test: RegressionTest1.test481
Intended behavior: FAILURE
when executed after: [RegressionTest1.test480]
The revealed different behavior: PASS
when executed after: []

Test: RegressionTest1.test429
Intended behavior: FAILURE
when executed after: [RegressionTest0.test438]
The revealed different behavior: PASS
when executed after: []

Test: RegressionTest0.test438
Intended behavior: FAILURE
when executed after: [RegressionTest0.test426]
The revealed different behavior: PASS
when executed after: []

Test: RegressionTest1.test441
Intended behavior: FAILURE
when executed after: [RegressionTest1.test429]
The revealed different behavior: PASS
when executed after: []

Test: RegressionTest0.test116
Intended behavior: FAILURE
when executed after: [RegressionTest0.test106]
The revealed different behavior: PASS
when executed after: []

