Test: org.apache.zeppelin.notebook.NotebookTest.testExportAndImportNote
Intended behavior: FAILURE
when executed after: [org.apache.zeppelin.notebook.NoteInterpreterLoaderTest.testNoteInterpreterCloseForAll]
The revealed different behavior: PASS
when executed after: []

Test: org.apache.zeppelin.notebook.NoteInterpreterLoaderTest.testNoteInterpreterCloseForAll
Intended behavior: FAILURE
when executed after: [org.apache.zeppelin.notebook.NoteInterpreterLoaderTest.testNotePerInterpreterProcess]
The revealed different behavior: PASS
when executed after: []

Test: org.apache.zeppelin.notebook.NoteInterpreterLoaderTest.testNotePerInterpreterProcess
Intended behavior: FAILURE
when executed after: [org.apache.zeppelin.notebook.NoteInterpreterLoaderTest.testNoteSession]
The revealed different behavior: PASS
when executed after: []

Test: org.apache.zeppelin.notebook.NoteInterpreterLoaderTest.testNoteSession
Intended behavior: FAILURE
when executed after: [org.apache.zeppelin.notebook.NoteInterpreterLoaderTest.testGetInterpreter]
The revealed different behavior: PASS
when executed after: []

