Test: RegressionTest1.test407
Intended behavior: FAILURE
when executed after: [RegressionTest1.test448]
The revealed different behavior: PASS
when executed after: []

Test: RegressionTest2.test032
Intended behavior: FAILURE
when executed after: [RegressionTest2.test030]
The revealed different behavior: PASS
when executed after: []

Test: RegressionTest1.test448
Intended behavior: FAILURE
when executed after: [RegressionTest1.test435]
The revealed different behavior: PASS
when executed after: []

Test: RegressionTest1.test435
Intended behavior: FAILURE
when executed after: [ErrorTest0.test8]
The revealed different behavior: PASS
when executed after: []

Test: ErrorTest0.test8
Intended behavior: FAILURE
when executed after: [RegressionTest0.test364]
The revealed different behavior: PASS
when executed after: []

Test: RegressionTest0.test034
Intended behavior: FAILURE
when executed after: [RegressionTest0.test092]
The revealed different behavior: PASS
when executed after: []

Test: RegressionTest0.test364
Intended behavior: FAILURE
when executed after: [RegressionTest0.test306]
The revealed different behavior: PASS
when executed after: []

Test: RegressionTest0.test306
Intended behavior: FAILURE
when executed after: [RegressionTest0.test022]
The revealed different behavior: PASS
when executed after: []

Test: RegressionTest0.test022
Intended behavior: FAILURE
when executed after: [RegressionTest2.test032]
The revealed different behavior: PASS
when executed after: []

Test: RegressionTest1.test162
Intended behavior: FAILURE
when executed after: [RegressionTest1.test149]
The revealed different behavior: PASS
when executed after: []

Test: RegressionTest1.test149
Intended behavior: FAILURE
when executed after: [RegressionTest1.test147]
The revealed different behavior: PASS
when executed after: []

Test: RegressionTest1.test147
Intended behavior: FAILURE
when executed after: [RegressionTest1.test145]
The revealed different behavior: PASS
when executed after: []

Test: RegressionTest1.test145
Intended behavior: FAILURE
when executed after: [RegressionTest1.test381]
The revealed different behavior: PASS
when executed after: []

Test: RegressionTest1.test381
Intended behavior: FAILURE
when executed after: [RegressionTest1.test336]
The revealed different behavior: PASS
when executed after: []

Test: RegressionTest1.test336
Intended behavior: FAILURE
when executed after: [RegressionTest1.test332]
The revealed different behavior: PASS
when executed after: []

Test: RegressionTest1.test332
Intended behavior: FAILURE
when executed after: [RegressionTest1.test316]
The revealed different behavior: PASS
when executed after: []

Test: RegressionTest1.test316
Intended behavior: FAILURE
when executed after: [RegressionTest1.test313]
The revealed different behavior: PASS
when executed after: []

Test: RegressionTest1.test313
Intended behavior: FAILURE
when executed after: [RegressionTest1.test286]
The revealed different behavior: PASS
when executed after: []

Test: RegressionTest1.test286
Intended behavior: FAILURE
when executed after: [RegressionTest1.test274]
The revealed different behavior: PASS
when executed after: []

Test: RegressionTest1.test274
Intended behavior: FAILURE
when executed after: [RegressionTest1.test271]
The revealed different behavior: PASS
when executed after: []

Test: RegressionTest1.test271
Intended behavior: FAILURE
when executed after: [RegressionTest1.test267]
The revealed different behavior: PASS
when executed after: []

Test: RegressionTest1.test267
Intended behavior: FAILURE
when executed after: [RegressionTest1.test437]
The revealed different behavior: PASS
when executed after: []

Test: RegressionTest1.test437
Intended behavior: FAILURE
when executed after: [RegressionTest1.test241]
The revealed different behavior: PASS
when executed after: []

Test: RegressionTest1.test241
Intended behavior: FAILURE
when executed after: [RegressionTest1.test232]
The revealed different behavior: PASS
when executed after: []

Test: RegressionTest1.test232
Intended behavior: FAILURE
when executed after: [RegressionTest1.test230]
The revealed different behavior: PASS
when executed after: []

Test: RegressionTest1.test230
Intended behavior: FAILURE
when executed after: [RegressionTest1.test186]
The revealed different behavior: PASS
when executed after: []

Test: RegressionTest1.test186
Intended behavior: FAILURE
when executed after: [RegressionTest1.test177]
The revealed different behavior: PASS
when executed after: []

Test: RegressionTest1.test177
Intended behavior: FAILURE
when executed after: [RegressionTest1.test128]
The revealed different behavior: PASS
when executed after: []

Test: RegressionTest1.test128
Intended behavior: FAILURE
when executed after: [RegressionTest1.test125]
The revealed different behavior: PASS
when executed after: []

Test: RegressionTest1.test125
Intended behavior: FAILURE
when executed after: [RegressionTest0.test148]
The revealed different behavior: PASS
when executed after: []

Test: RegressionTest0.test148
Intended behavior: FAILURE
when executed after: [RegressionTest0.test144]
The revealed different behavior: PASS
when executed after: []

Test: RegressionTest0.test144
Intended behavior: FAILURE
when executed after: [RegressionTest0.test184]
The revealed different behavior: PASS
when executed after: []

Test: RegressionTest0.test184
Intended behavior: FAILURE
when executed after: [RegressionTest0.test182]
The revealed different behavior: PASS
when executed after: []

Test: RegressionTest0.test182
Intended behavior: FAILURE
when executed after: [RegressionTest0.test131]
The revealed different behavior: PASS
when executed after: []

Test: RegressionTest0.test131
Intended behavior: FAILURE
when executed after: [RegressionTest0.test130]
The revealed different behavior: PASS
when executed after: []

Test: RegressionTest0.test130
Intended behavior: FAILURE
when executed after: [RegressionTest0.test126]
The revealed different behavior: PASS
when executed after: []

Test: RegressionTest0.test126
Intended behavior: FAILURE
when executed after: [RegressionTest0.test035]
The revealed different behavior: PASS
when executed after: []

Test: RegressionTest0.test035
Intended behavior: FAILURE
when executed after: [RegressionTest0.test090]
The revealed different behavior: PASS
when executed after: []

Test: RegressionTest0.test090
Intended behavior: FAILURE
when executed after: [RegressionTest2.test115]
The revealed different behavior: PASS
when executed after: []

Test: RegressionTest2.test115
Intended behavior: FAILURE
when executed after: [RegressionTest2.test102]
The revealed different behavior: PASS
when executed after: []

Test: RegressionTest2.test102
Intended behavior: FAILURE
when executed after: [RegressionTest2.test090]
The revealed different behavior: PASS
when executed after: []

