Test: RegressionTest0.test469
Intended behavior: FAILURE
when executed after: [RegressionTest0.test458]
The revealed different behavior: PASS
when executed after: []

Test: RegressionTest1.test136
Intended behavior: FAILURE
when executed after: [RegressionTest1.test064]
The revealed different behavior: PASS
when executed after: []

Test: RegressionTest1.test182
Intended behavior: FAILURE
when executed after: [RegressionTest1.test046]
The revealed different behavior: PASS
when executed after: []

Test: RegressionTest0.test163
Intended behavior: FAILURE
when executed after: [RegressionTest0.test077]
The revealed different behavior: PASS
when executed after: []

Test: RegressionTest0.test209
Intended behavior: FAILURE
when executed after: [RegressionTest0.test163]
The revealed different behavior: PASS
when executed after: []

Test: RegressionTest1.test277
Intended behavior: FAILURE
when executed after: [RegressionTest1.test251]
The revealed different behavior: PASS
when executed after: []

Test: RegressionTest1.test081
Intended behavior: FAILURE
when executed after: [RegressionTest1.test071]
The revealed different behavior: PASS
when executed after: []

Test: RegressionTest1.test071
Intended behavior: FAILURE
when executed after: [ErrorTest0.test17]
The revealed different behavior: PASS
when executed after: []

Test: RegressionTest1.test273
Intended behavior: FAILURE
when executed after: [RegressionTest1.test136]
The revealed different behavior: PASS
when executed after: []

Test: RegressionTest0.test327
Intended behavior: FAILURE
when executed after: [RegressionTest0.test277]
The revealed different behavior: PASS
when executed after: []

Test: RegressionTest0.test326
Intended behavior: FAILURE
when executed after: [RegressionTest0.test322]
The revealed different behavior: PASS
when executed after: []

Test: RegressionTest1.test301
Intended behavior: FAILURE
when executed after: [RegressionTest1.test220]
The revealed different behavior: PASS
when executed after: []

Test: RegressionTest1.test220
Intended behavior: FAILURE
when executed after: [RegressionTest1.test182]
The revealed different behavior: PASS
when executed after: []

Test: RegressionTest1.test046
Intended behavior: FAILURE
when executed after: [RegressionTest0.test440]
The revealed different behavior: PASS
when executed after: []

Test: RegressionTest0.test440
Intended behavior: FAILURE
when executed after: [RegressionTest0.test377]
The revealed different behavior: PASS
when executed after: []

Test: RegressionTest0.test299
Intended behavior: FAILURE
when executed after: [RegressionTest0.test209]
The revealed different behavior: PASS
when executed after: []

Test: RegressionTest0.test458
Intended behavior: FAILURE
when executed after: [RegressionTest0.test208]
The revealed different behavior: PASS
when executed after: []

Test: RegressionTest1.test109
Intended behavior: FAILURE
when executed after: [RegressionTest1.test106]
The revealed different behavior: PASS
when executed after: []

Test: RegressionTest1.test089
Intended behavior: FAILURE
when executed after: [RegressionTest1.test081]
The revealed different behavior: PASS
when executed after: []

Test: ErrorTest0.test17
Intended behavior: FAILURE
when executed after: [ErrorTest0.test08]
The revealed different behavior: PASS
when executed after: []

Test: RegressionTest0.test377
Intended behavior: FAILURE
when executed after: [RegressionTest0.test299]
The revealed different behavior: PASS
when executed after: []

Test: ErrorTest0.test08
Intended behavior: FAILURE
when executed after: [RegressionTest0.test498]
The revealed different behavior: PASS
when executed after: []

Test: RegressionTest0.test083
Intended behavior: FAILURE
when executed after: [RegressionTest0.test065]
The revealed different behavior: PASS
when executed after: []

Test: RegressionTest0.test338
Intended behavior: FAILURE
when executed after: [RegressionTest0.test327]
The revealed different behavior: PASS
when executed after: []

Test: RegressionTest0.test065
Intended behavior: FAILURE
when executed after: [RegressionTest0.test052]
The revealed different behavior: PASS
when executed after: []

Test: RegressionTest0.test025
Intended behavior: FAILURE
when executed after: [RegressionTest0.test083]
The revealed different behavior: PASS
when executed after: []

Test: RegressionTest0.test277
Intended behavior: FAILURE
when executed after: [RegressionTest0.test042]
The revealed different behavior: PASS
when executed after: []

Test: RegressionTest0.test395
Intended behavior: FAILURE
when executed after: [RegressionTest0.test314]
The revealed different behavior: PASS
when executed after: []

Test: RegressionTest1.test264
Intended behavior: FAILURE
when executed after: [RegressionTest1.test171]
The revealed different behavior: PASS
when executed after: []

Test: RegressionTest1.test251
Intended behavior: FAILURE
when executed after: [RegressionTest1.test109]
The revealed different behavior: PASS
when executed after: []

Test: RegressionTest0.test434
Intended behavior: FAILURE
when executed after: [RegressionTest0.test417]
The revealed different behavior: PASS
when executed after: []

Test: RegressionTest1.test106
Intended behavior: FAILURE
when executed after: [RegressionTest1.test089]
The revealed different behavior: PASS
when executed after: []

Test: RegressionTest0.test417
Intended behavior: FAILURE
when executed after: [RegressionTest0.test338]
The revealed different behavior: PASS
when executed after: []

Test: RegressionTest1.test344
Intended behavior: FAILURE
when executed after: [RegressionTest1.test277]
The revealed different behavior: PASS
when executed after: []

Test: RegressionTest0.test498
Intended behavior: FAILURE
when executed after: [RegressionTest0.test434]
The revealed different behavior: PASS
when executed after: []

Test: RegressionTest0.test042
Intended behavior: FAILURE
when executed after: [RegressionTest0.test025]
The revealed different behavior: PASS
when executed after: []

