Test: RegressionTest1.test407
Intended behavior: FAILURE
when executed after: [RegressionTest1.test405]
The revealed different behavior: PASS
when executed after: []

Test: RegressionTest2.test032
Intended behavior: FAILURE
when executed after: [RegressionTest2.test030]
The revealed different behavior: PASS
when executed after: []

Test: RegressionTest1.test448
Intended behavior: FAILURE
when executed after: [RegressionTest1.test446]
The revealed different behavior: PASS
when executed after: []

Test: RegressionTest0.test364
Intended behavior: FAILURE
when executed after: [RegressionTest0.test360]
The revealed different behavior: PASS
when executed after: []

Test: RegressionTest0.test306
Intended behavior: FAILURE
when executed after: [RegressionTest0.test416]
The revealed different behavior: PASS
when executed after: []

Test: RegressionTest0.test309
Intended behavior: FAILURE
when executed after: [RegressionTest0.test306]
The revealed different behavior: PASS
when executed after: []

Test: RegressionTest0.test034
Intended behavior: FAILURE
when executed after: [RegressionTest0.test032]
The revealed different behavior: PASS
when executed after: []

Test: RegressionTest1.test435
Intended behavior: FAILURE
when executed after: [RegressionTest1.test434]
The revealed different behavior: PASS
when executed after: []

Test: ErrorTest0.test8
Intended behavior: FAILURE
when executed after: [ErrorTest0.test7]
The revealed different behavior: PASS
when executed after: []

Test: RegressionTest1.test349
Intended behavior: FAILURE
when executed after: [RegressionTest1.test277]
The revealed different behavior: PASS
when executed after: []

Test: RegressionTest1.test277
Intended behavior: FAILURE
when executed after: [RegressionTest1.test267]
The revealed different behavior: PASS
when executed after: []

Test: RegressionTest1.test267
Intended behavior: FAILURE
when executed after: [RegressionTest1.test244]
The revealed different behavior: PASS
when executed after: []

Test: RegressionTest1.test244
Intended behavior: FAILURE
when executed after: [RegressionTest1.test470]
The revealed different behavior: PASS
when executed after: []

Test: RegressionTest1.test470
Intended behavior: FAILURE
when executed after: [RegressionTest1.test195]
The revealed different behavior: PASS
when executed after: []

Test: RegressionTest1.test195
Intended behavior: FAILURE
when executed after: [RegressionTest1.test176]
The revealed different behavior: PASS
when executed after: []

Test: RegressionTest1.test176
Intended behavior: FAILURE
when executed after: [RegressionTest1.test123]
The revealed different behavior: PASS
when executed after: []

Test: RegressionTest1.test123
Intended behavior: FAILURE
when executed after: [RegressionTest1.test115]
The revealed different behavior: PASS
when executed after: []

Test: RegressionTest1.test115
Intended behavior: FAILURE
when executed after: [RegressionTest1.test086]
The revealed different behavior: PASS
when executed after: []

Test: RegressionTest1.test086
Intended behavior: FAILURE
when executed after: [RegressionTest1.test074]
The revealed different behavior: PASS
when executed after: []

Test: RegressionTest1.test074
Intended behavior: FAILURE
when executed after: [RegressionTest0.test373]
The revealed different behavior: PASS
when executed after: []

Test: RegressionTest0.test373
Intended behavior: FAILURE
when executed after: [RegressionTest0.test451]
The revealed different behavior: PASS
when executed after: []

Test: RegressionTest0.test451
Intended behavior: FAILURE
when executed after: [RegressionTest0.test421]
The revealed different behavior: PASS
when executed after: []

Test: RegressionTest1.test405
Intended behavior: FAILURE
when executed after: [RegressionTest1.test404]
The revealed different behavior: PASS
when executed after: []

Test: RegressionTest1.test404
Intended behavior: FAILURE
when executed after: [RegressionTest1.test403]
The revealed different behavior: PASS
when executed after: []

Test: RegressionTest1.test403
Intended behavior: FAILURE
when executed after: [RegressionTest1.test402]
The revealed different behavior: PASS
when executed after: []

Test: RegressionTest1.test402
Intended behavior: FAILURE
when executed after: [RegressionTest1.test401]
The revealed different behavior: PASS
when executed after: []

Test: RegressionTest1.test401
Intended behavior: FAILURE
when executed after: [RegressionTest1.test399]
The revealed different behavior: PASS
when executed after: []

Test: RegressionTest1.test399
Intended behavior: FAILURE
when executed after: [RegressionTest1.test398]
The revealed different behavior: PASS
when executed after: []

Test: RegressionTest1.test398
Intended behavior: FAILURE
when executed after: [RegressionTest1.test397]
The revealed different behavior: PASS
when executed after: []

Test: RegressionTest1.test397
Intended behavior: FAILURE
when executed after: [RegressionTest1.test396]
The revealed different behavior: PASS
when executed after: []

Test: RegressionTest1.test396
Intended behavior: FAILURE
when executed after: [RegressionTest1.test395]
The revealed different behavior: PASS
when executed after: []

Test: RegressionTest1.test395
Intended behavior: FAILURE
when executed after: [RegressionTest1.test394]
The revealed different behavior: PASS
when executed after: []

Test: RegressionTest1.test394
Intended behavior: FAILURE
when executed after: [RegressionTest1.test393]
The revealed different behavior: PASS
when executed after: []

Test: RegressionTest1.test393
Intended behavior: FAILURE
when executed after: [RegressionTest1.test390]
The revealed different behavior: PASS
when executed after: []

Test: RegressionTest1.test390
Intended behavior: FAILURE
when executed after: [RegressionTest1.test388]
The revealed different behavior: PASS
when executed after: []

Test: RegressionTest1.test388
Intended behavior: FAILURE
when executed after: [RegressionTest1.test387]
The revealed different behavior: PASS
when executed after: []

Test: RegressionTest1.test387
Intended behavior: FAILURE
when executed after: [RegressionTest1.test386]
The revealed different behavior: PASS
when executed after: []

Test: RegressionTest1.test386
Intended behavior: FAILURE
when executed after: [RegressionTest1.test385]
The revealed different behavior: PASS
when executed after: []

Test: RegressionTest1.test385
Intended behavior: FAILURE
when executed after: [RegressionTest1.test384]
The revealed different behavior: PASS
when executed after: []

Test: RegressionTest1.test384
Intended behavior: FAILURE
when executed after: [RegressionTest1.test380]
The revealed different behavior: PASS
when executed after: []

Test: RegressionTest1.test380
Intended behavior: FAILURE
when executed after: [RegressionTest1.test379]
The revealed different behavior: PASS
when executed after: []

Test: RegressionTest1.test379
Intended behavior: FAILURE
when executed after: [RegressionTest1.test378]
The revealed different behavior: PASS
when executed after: []

Test: RegressionTest1.test378
Intended behavior: FAILURE
when executed after: [RegressionTest1.test377]
The revealed different behavior: PASS
when executed after: []

Test: RegressionTest1.test377
Intended behavior: FAILURE
when executed after: [RegressionTest1.test376]
The revealed different behavior: PASS
when executed after: []

Test: RegressionTest1.test376
Intended behavior: FAILURE
when executed after: [RegressionTest1.test375]
The revealed different behavior: PASS
when executed after: []

Test: RegressionTest1.test375
Intended behavior: FAILURE
when executed after: [RegressionTest1.test374]
The revealed different behavior: PASS
when executed after: []

Test: RegressionTest1.test374
Intended behavior: FAILURE
when executed after: [RegressionTest1.test372]
The revealed different behavior: PASS
when executed after: []

Test: RegressionTest1.test372
Intended behavior: FAILURE
when executed after: [RegressionTest1.test371]
The revealed different behavior: PASS
when executed after: []

Test: RegressionTest1.test371
Intended behavior: FAILURE
when executed after: [RegressionTest1.test370]
The revealed different behavior: PASS
when executed after: []

Test: RegressionTest1.test370
Intended behavior: FAILURE
when executed after: [RegressionTest1.test368]
The revealed different behavior: PASS
when executed after: []

Test: RegressionTest1.test368
Intended behavior: FAILURE
when executed after: [RegressionTest1.test367]
The revealed different behavior: PASS
when executed after: []

Test: RegressionTest1.test367
Intended behavior: FAILURE
when executed after: [RegressionTest1.test366]
The revealed different behavior: PASS
when executed after: []

Test: RegressionTest1.test366
Intended behavior: FAILURE
when executed after: [RegressionTest1.test365]
The revealed different behavior: PASS
when executed after: []

Test: RegressionTest1.test365
Intended behavior: FAILURE
when executed after: [RegressionTest1.test364]
The revealed different behavior: PASS
when executed after: []

Test: RegressionTest1.test364
Intended behavior: FAILURE
when executed after: [RegressionTest1.test362]
The revealed different behavior: PASS
when executed after: []

Test: RegressionTest1.test362
Intended behavior: FAILURE
when executed after: [RegressionTest1.test357]
The revealed different behavior: PASS
when executed after: []

Test: RegressionTest1.test357
Intended behavior: FAILURE
when executed after: [RegressionTest1.test356]
The revealed different behavior: PASS
when executed after: []

Test: RegressionTest1.test356
Intended behavior: FAILURE
when executed after: [RegressionTest1.test355]
The revealed different behavior: PASS
when executed after: []

Test: RegressionTest1.test355
Intended behavior: FAILURE
when executed after: [RegressionTest1.test354]
The revealed different behavior: PASS
when executed after: []

Test: RegressionTest1.test354
Intended behavior: FAILURE
when executed after: [RegressionTest1.test353]
The revealed different behavior: PASS
when executed after: []

Test: RegressionTest1.test353
Intended behavior: FAILURE
when executed after: [RegressionTest1.test347]
The revealed different behavior: PASS
when executed after: []

Test: RegressionTest1.test347
Intended behavior: FAILURE
when executed after: [RegressionTest1.test346]
The revealed different behavior: PASS
when executed after: []

Test: RegressionTest1.test346
Intended behavior: FAILURE
when executed after: [RegressionTest1.test336]
The revealed different behavior: PASS
when executed after: []

Test: RegressionTest1.test336
Intended behavior: FAILURE
when executed after: [RegressionTest1.test332]
The revealed different behavior: PASS
when executed after: []

Test: RegressionTest1.test332
Intended behavior: FAILURE
when executed after: [RegressionTest1.test317]
The revealed different behavior: PASS
when executed after: []

Test: RegressionTest1.test317
Intended behavior: FAILURE
when executed after: [RegressionTest1.test499]
The revealed different behavior: PASS
when executed after: []

Test: RegressionTest1.test499
Intended behavior: FAILURE
when executed after: [RegressionTest1.test498]
The revealed different behavior: PASS
when executed after: []

Test: RegressionTest1.test498
Intended behavior: FAILURE
when executed after: [RegressionTest1.test497]
The revealed different behavior: PASS
when executed after: []

Test: RegressionTest1.test497
Intended behavior: FAILURE
when executed after: [RegressionTest1.test495]
The revealed different behavior: PASS
when executed after: []

Test: RegressionTest1.test495
Intended behavior: FAILURE
when executed after: [RegressionTest1.test494]
The revealed different behavior: PASS
when executed after: []

Test: RegressionTest1.test494
Intended behavior: FAILURE
when executed after: [RegressionTest1.test493]
The revealed different behavior: PASS
when executed after: []

Test: RegressionTest1.test493
Intended behavior: FAILURE
when executed after: [RegressionTest1.test492]
The revealed different behavior: PASS
when executed after: []

Test: RegressionTest1.test492
Intended behavior: FAILURE
when executed after: [RegressionTest1.test491]
The revealed different behavior: PASS
when executed after: []

Test: RegressionTest1.test491
Intended behavior: FAILURE
when executed after: [RegressionTest1.test490]
The revealed different behavior: PASS
when executed after: []

Test: RegressionTest1.test490
Intended behavior: FAILURE
when executed after: [RegressionTest1.test489]
The revealed different behavior: PASS
when executed after: []

Test: RegressionTest1.test489
Intended behavior: FAILURE
when executed after: [RegressionTest1.test488]
The revealed different behavior: PASS
when executed after: []

Test: RegressionTest1.test488
Intended behavior: FAILURE
when executed after: [RegressionTest1.test487]
The revealed different behavior: PASS
when executed after: []

Test: RegressionTest1.test487
Intended behavior: FAILURE
when executed after: [RegressionTest1.test485]
The revealed different behavior: PASS
when executed after: []

Test: RegressionTest1.test485
Intended behavior: FAILURE
when executed after: [RegressionTest1.test484]
The revealed different behavior: PASS
when executed after: []

Test: RegressionTest1.test484
Intended behavior: FAILURE
when executed after: [RegressionTest1.test483]
The revealed different behavior: PASS
when executed after: []

Test: RegressionTest1.test483
Intended behavior: FAILURE
when executed after: [RegressionTest1.test482]
The revealed different behavior: PASS
when executed after: []

Test: RegressionTest1.test482
Intended behavior: FAILURE
when executed after: [RegressionTest1.test480]
The revealed different behavior: PASS
when executed after: []

Test: RegressionTest1.test480
Intended behavior: FAILURE
when executed after: [RegressionTest1.test478]
The revealed different behavior: PASS
when executed after: []

Test: RegressionTest1.test478
Intended behavior: FAILURE
when executed after: [RegressionTest1.test475]
The revealed different behavior: PASS
when executed after: []

Test: RegressionTest1.test475
Intended behavior: FAILURE
when executed after: [RegressionTest1.test474]
The revealed different behavior: PASS
when executed after: []

Test: RegressionTest1.test474
Intended behavior: FAILURE
when executed after: [RegressionTest1.test453]
The revealed different behavior: PASS
when executed after: []

Test: RegressionTest1.test453
Intended behavior: FAILURE
when executed after: [RegressionTest1.test450]
The revealed different behavior: PASS
when executed after: []

Test: RegressionTest1.test450
Intended behavior: FAILURE
when executed after: [RegressionTest1.test449]
The revealed different behavior: PASS
when executed after: []

Test: RegressionTest1.test449
Intended behavior: FAILURE
when executed after: [RegressionTest1.test448]
The revealed different behavior: PASS
when executed after: []

Test: RegressionTest1.test446
Intended behavior: FAILURE
when executed after: [RegressionTest1.test445]
The revealed different behavior: PASS
when executed after: []

Test: RegressionTest1.test445
Intended behavior: FAILURE
when executed after: [RegressionTest1.test444]
The revealed different behavior: PASS
when executed after: []

Test: RegressionTest1.test444
Intended behavior: FAILURE
when executed after: [RegressionTest1.test443]
The revealed different behavior: PASS
when executed after: []

Test: RegressionTest1.test443
Intended behavior: FAILURE
when executed after: [RegressionTest1.test441]
The revealed different behavior: PASS
when executed after: []

Test: RegressionTest1.test441
Intended behavior: FAILURE
when executed after: [RegressionTest1.test440]
The revealed different behavior: PASS
when executed after: []

Test: RegressionTest1.test440
Intended behavior: FAILURE
when executed after: [RegressionTest1.test439]
The revealed different behavior: PASS
when executed after: []

Test: RegressionTest1.test439
Intended behavior: FAILURE
when executed after: [RegressionTest1.test435]
The revealed different behavior: PASS
when executed after: []

Test: RegressionTest1.test434
Intended behavior: FAILURE
when executed after: [RegressionTest1.test432]
The revealed different behavior: PASS
when executed after: []

Test: RegressionTest1.test432
Intended behavior: FAILURE
when executed after: [RegressionTest1.test431]
The revealed different behavior: PASS
when executed after: []

Test: RegressionTest1.test431
Intended behavior: FAILURE
when executed after: [RegressionTest1.test428]
The revealed different behavior: PASS
when executed after: []

Test: RegressionTest1.test428
Intended behavior: FAILURE
when executed after: [RegressionTest1.test427]
The revealed different behavior: PASS
when executed after: []

Test: RegressionTest1.test427
Intended behavior: FAILURE
when executed after: [RegressionTest1.test426]
The revealed different behavior: PASS
when executed after: []

Test: RegressionTest1.test426
Intended behavior: FAILURE
when executed after: [RegressionTest1.test425]
The revealed different behavior: PASS
when executed after: []

Test: RegressionTest1.test425
Intended behavior: FAILURE
when executed after: [RegressionTest1.test424]
The revealed different behavior: PASS
when executed after: []

Test: RegressionTest1.test424
Intended behavior: FAILURE
when executed after: [RegressionTest1.test423]
The revealed different behavior: PASS
when executed after: []

Test: RegressionTest1.test423
Intended behavior: FAILURE
when executed after: [RegressionTest1.test422]
The revealed different behavior: PASS
when executed after: []

Test: RegressionTest1.test422
Intended behavior: FAILURE
when executed after: [RegressionTest1.test421]
The revealed different behavior: PASS
when executed after: []

Test: RegressionTest1.test421
Intended behavior: FAILURE
when executed after: [RegressionTest1.test420]
The revealed different behavior: PASS
when executed after: []

Test: RegressionTest1.test420
Intended behavior: FAILURE
when executed after: [RegressionTest1.test419]
The revealed different behavior: PASS
when executed after: []

Test: RegressionTest1.test419
Intended behavior: FAILURE
when executed after: [RegressionTest1.test418]
The revealed different behavior: PASS
when executed after: []

Test: RegressionTest1.test418
Intended behavior: FAILURE
when executed after: [RegressionTest1.test417]
The revealed different behavior: PASS
when executed after: []

Test: RegressionTest1.test417
Intended behavior: FAILURE
when executed after: [RegressionTest1.test414]
The revealed different behavior: PASS
when executed after: []

Test: RegressionTest1.test414
Intended behavior: FAILURE
when executed after: [RegressionTest1.test413]
The revealed different behavior: PASS
when executed after: []

Test: RegressionTest1.test413
Intended behavior: FAILURE
when executed after: [RegressionTest1.test411]
The revealed different behavior: PASS
when executed after: []

Test: RegressionTest1.test411
Intended behavior: FAILURE
when executed after: [RegressionTest1.test410]
The revealed different behavior: PASS
when executed after: []

Test: RegressionTest1.test410
Intended behavior: FAILURE
when executed after: [RegressionTest1.test409]
The revealed different behavior: PASS
when executed after: []

Test: RegressionTest1.test409
Intended behavior: FAILURE
when executed after: [RegressionTest1.test216]
The revealed different behavior: PASS
when executed after: []

Test: RegressionTest1.test216
Intended behavior: FAILURE
when executed after: [RegressionTest1.test215]
The revealed different behavior: PASS
when executed after: []

Test: RegressionTest1.test215
Intended behavior: FAILURE
when executed after: [RegressionTest1.test214]
The revealed different behavior: PASS
when executed after: []

Test: RegressionTest1.test214
Intended behavior: FAILURE
when executed after: [RegressionTest1.test213]
The revealed different behavior: PASS
when executed after: []

Test: RegressionTest1.test213
Intended behavior: FAILURE
when executed after: [RegressionTest1.test201]
The revealed different behavior: PASS
when executed after: []

Test: RegressionTest1.test201
Intended behavior: FAILURE
when executed after: [RegressionTest1.test200]
The revealed different behavior: PASS
when executed after: []

Test: RegressionTest1.test200
Intended behavior: FAILURE
when executed after: [RegressionTest1.test199]
The revealed different behavior: PASS
when executed after: []

Test: RegressionTest1.test199
Intended behavior: FAILURE
when executed after: [RegressionTest1.test198]
The revealed different behavior: PASS
when executed after: []

Test: RegressionTest1.test198
Intended behavior: FAILURE
when executed after: [RegressionTest1.test197]
The revealed different behavior: PASS
when executed after: []

Test: RegressionTest1.test197
Intended behavior: FAILURE
when executed after: [RegressionTest1.test193]
The revealed different behavior: PASS
when executed after: []

Test: RegressionTest1.test193
Intended behavior: FAILURE
when executed after: [RegressionTest1.test192]
The revealed different behavior: PASS
when executed after: []

Test: RegressionTest1.test192
Intended behavior: FAILURE
when executed after: [RegressionTest1.test191]
The revealed different behavior: PASS
when executed after: []

Test: RegressionTest1.test191
Intended behavior: FAILURE
when executed after: [RegressionTest1.test038]
The revealed different behavior: PASS
when executed after: []

Test: ErrorTest0.test2
Intended behavior: FAILURE
when executed after: [ErrorTest0.test1]
The revealed different behavior: PASS
when executed after: []

Test: ErrorTest0.test1
Intended behavior: FAILURE
when executed after: [ErrorTest0.test8]
The revealed different behavior: PASS
when executed after: []

Test: ErrorTest0.test7
Intended behavior: FAILURE
when executed after: [RegressionTest0.test398]
The revealed different behavior: PASS
when executed after: []

Test: RegressionTest0.test398
Intended behavior: FAILURE
when executed after: [RegressionTest0.test396]
The revealed different behavior: PASS
when executed after: []

Test: RegressionTest0.test392
Intended behavior: FAILURE
when executed after: [RegressionTest0.test364]
The revealed different behavior: PASS
when executed after: []

Test: RegressionTest0.test360
Intended behavior: FAILURE
when executed after: [RegressionTest0.test359]
The revealed different behavior: PASS
when executed after: []

Test: RegressionTest0.test359
Intended behavior: FAILURE
when executed after: [RegressionTest0.test357]
The revealed different behavior: PASS
when executed after: []

Test: RegressionTest0.test357
Intended behavior: FAILURE
when executed after: [RegressionTest0.test356]
The revealed different behavior: PASS
when executed after: []

Test: RegressionTest0.test356
Intended behavior: FAILURE
when executed after: [RegressionTest0.test354]
The revealed different behavior: PASS
when executed after: []

Test: RegressionTest0.test354
Intended behavior: FAILURE
when executed after: [RegressionTest0.test353]
The revealed different behavior: PASS
when executed after: []

Test: RegressionTest0.test353
Intended behavior: FAILURE
when executed after: [RegressionTest0.test352]
The revealed different behavior: PASS
when executed after: []

Test: RegressionTest0.test352
Intended behavior: FAILURE
when executed after: [RegressionTest0.test351]
The revealed different behavior: PASS
when executed after: []

Test: RegressionTest0.test351
Intended behavior: FAILURE
when executed after: [RegressionTest0.test350]
The revealed different behavior: PASS
when executed after: []

Test: RegressionTest0.test350
Intended behavior: FAILURE
when executed after: [RegressionTest0.test348]
The revealed different behavior: PASS
when executed after: []

Test: RegressionTest0.test348
Intended behavior: FAILURE
when executed after: [RegressionTest0.test345]
The revealed different behavior: PASS
when executed after: []

Test: RegressionTest0.test345
Intended behavior: FAILURE
when executed after: [RegressionTest0.test344]
The revealed different behavior: PASS
when executed after: []

Test: RegressionTest0.test344
Intended behavior: FAILURE
when executed after: [RegressionTest0.test343]
The revealed different behavior: PASS
when executed after: []

Test: RegressionTest0.test343
Intended behavior: FAILURE
when executed after: [RegressionTest0.test342]
The revealed different behavior: PASS
when executed after: []

Test: RegressionTest0.test342
Intended behavior: FAILURE
when executed after: [RegressionTest0.test341]
The revealed different behavior: PASS
when executed after: []

Test: RegressionTest0.test341
Intended behavior: FAILURE
when executed after: [RegressionTest0.test340]
The revealed different behavior: PASS
when executed after: []

Test: RegressionTest0.test340
Intended behavior: FAILURE
when executed after: [RegressionTest0.test339]
The revealed different behavior: PASS
when executed after: []

Test: RegressionTest0.test339
Intended behavior: FAILURE
when executed after: [RegressionTest0.test338]
The revealed different behavior: PASS
when executed after: []

Test: RegressionTest0.test338
Intended behavior: FAILURE
when executed after: [RegressionTest0.test327]
The revealed different behavior: PASS
when executed after: []

Test: RegressionTest0.test327
Intended behavior: FAILURE
when executed after: [RegressionTest0.test309]
The revealed different behavior: PASS
when executed after: []

Test: RegressionTest0.test416
Intended behavior: FAILURE
when executed after: [RegressionTest0.test412]
The revealed different behavior: PASS
when executed after: []

Test: RegressionTest0.test412
Intended behavior: FAILURE
when executed after: [RegressionTest0.test043]
The revealed different behavior: PASS
when executed after: []

Test: RegressionTest0.test043
Intended behavior: FAILURE
when executed after: [RegressionTest0.test231]
The revealed different behavior: PASS
when executed after: []

Test: RegressionTest0.test231
Intended behavior: FAILURE
when executed after: [RegressionTest0.test229]
The revealed different behavior: PASS
when executed after: []

Test: RegressionTest0.test229
Intended behavior: FAILURE
when executed after: [RegressionTest0.test226]
The revealed different behavior: PASS
when executed after: []

Test: RegressionTest0.test226
Intended behavior: FAILURE
when executed after: [RegressionTest0.test211]
The revealed different behavior: PASS
when executed after: []

Test: RegressionTest0.test211
Intended behavior: FAILURE
when executed after: [RegressionTest0.test207]
The revealed different behavior: PASS
when executed after: []

Test: RegressionTest0.test207
Intended behavior: FAILURE
when executed after: [RegressionTest0.test205]
The revealed different behavior: PASS
when executed after: []

Test: RegressionTest0.test205
Intended behavior: FAILURE
when executed after: [RegressionTest0.test202]
The revealed different behavior: PASS
when executed after: []

Test: RegressionTest0.test202
Intended behavior: FAILURE
when executed after: [RegressionTest0.test198]
The revealed different behavior: PASS
when executed after: []

Test: RegressionTest0.test198
Intended behavior: FAILURE
when executed after: [RegressionTest0.test197]
The revealed different behavior: PASS
when executed after: []

Test: RegressionTest0.test197
Intended behavior: FAILURE
when executed after: [RegressionTest0.test195]
The revealed different behavior: PASS
when executed after: []

Test: RegressionTest0.test195
Intended behavior: FAILURE
when executed after: [RegressionTest0.test034]
The revealed different behavior: PASS
when executed after: []

Test: RegressionTest0.test032
Intended behavior: FAILURE
when executed after: [RegressionTest0.test031]
The revealed different behavior: PASS
when executed after: []

Test: RegressionTest0.test031
Intended behavior: FAILURE
when executed after: [RegressionTest0.test029]
The revealed different behavior: PASS
when executed after: []

Test: RegressionTest0.test029
Intended behavior: FAILURE
when executed after: [RegressionTest0.test026]
The revealed different behavior: PASS
when executed after: []

Test: RegressionTest0.test026
Intended behavior: FAILURE
when executed after: [RegressionTest0.test025]
The revealed different behavior: PASS
when executed after: []

Test: RegressionTest0.test025
Intended behavior: FAILURE
when executed after: [RegressionTest0.test022]
The revealed different behavior: PASS
when executed after: []

Test: RegressionTest0.test022
Intended behavior: FAILURE
when executed after: [RegressionTest0.test019]
The revealed different behavior: PASS
when executed after: []

Test: RegressionTest0.test019
Intended behavior: FAILURE
when executed after: [RegressionTest0.test016]
The revealed different behavior: PASS
when executed after: []

Test: RegressionTest0.test016
Intended behavior: FAILURE
when executed after: [RegressionTest0.test009]
The revealed different behavior: PASS
when executed after: []

Test: RegressionTest0.test009
Intended behavior: FAILURE
when executed after: [RegressionTest0.test015]
The revealed different behavior: PASS
when executed after: []

Test: RegressionTest0.test015
Intended behavior: FAILURE
when executed after: [RegressionTest0.test014]
The revealed different behavior: PASS
when executed after: []

Test: RegressionTest0.test014
Intended behavior: FAILURE
when executed after: [RegressionTest0.test013]
The revealed different behavior: PASS
when executed after: []

Test: RegressionTest0.test013
Intended behavior: FAILURE
when executed after: [RegressionTest0.test108]
The revealed different behavior: PASS
when executed after: []

Test: RegressionTest0.test108
Intended behavior: FAILURE
when executed after: [RegressionTest0.test106]
The revealed different behavior: PASS
when executed after: []

Test: RegressionTest0.test106
Intended behavior: FAILURE
when executed after: [RegressionTest0.test105]
The revealed different behavior: PASS
when executed after: []

Test: RegressionTest0.test105
Intended behavior: FAILURE
when executed after: [RegressionTest0.test099]
The revealed different behavior: PASS
when executed after: []

Test: RegressionTest0.test099
Intended behavior: FAILURE
when executed after: [RegressionTest0.test092]
The revealed different behavior: PASS
when executed after: []

Test: RegressionTest0.test092
Intended behavior: FAILURE
when executed after: [RegressionTest0.test091]
The revealed different behavior: PASS
when executed after: []

Test: RegressionTest0.test091
Intended behavior: FAILURE
when executed after: [RegressionTest0.test090]
The revealed different behavior: PASS
when executed after: []

Test: RegressionTest0.test090
Intended behavior: FAILURE
when executed after: [RegressionTest0.test087]
The revealed different behavior: PASS
when executed after: []

Test: RegressionTest0.test087
Intended behavior: FAILURE
when executed after: [RegressionTest0.test083]
The revealed different behavior: PASS
when executed after: []

Test: RegressionTest0.test083
Intended behavior: FAILURE
when executed after: [RegressionTest0.test081]
The revealed different behavior: PASS
when executed after: []

Test: RegressionTest0.test081
Intended behavior: FAILURE
when executed after: [RegressionTest0.test080]
The revealed different behavior: PASS
when executed after: []

Test: RegressionTest0.test076
Intended behavior: FAILURE
when executed after: [RegressionTest0.test075]
The revealed different behavior: PASS
when executed after: []

Test: RegressionTest0.test075
Intended behavior: FAILURE
when executed after: [RegressionTest0.test074]
The revealed different behavior: PASS
when executed after: []

Test: RegressionTest0.test074
Intended behavior: FAILURE
when executed after: [RegressionTest0.test064]
The revealed different behavior: PASS
when executed after: []

Test: RegressionTest0.test064
Intended behavior: FAILURE
when executed after: [RegressionTest0.test058]
The revealed different behavior: PASS
when executed after: []

Test: RegressionTest0.test058
Intended behavior: FAILURE
when executed after: [RegressionTest0.test052]
The revealed different behavior: PASS
when executed after: []

Test: RegressionTest0.test052
Intended behavior: FAILURE
when executed after: [RegressionTest0.test048]
The revealed different behavior: PASS
when executed after: []

Test: RegressionTest0.test048
Intended behavior: FAILURE
when executed after: [RegressionTest0.test007]
The revealed different behavior: PASS
when executed after: []

Test: RegressionTest0.test007
Intended behavior: FAILURE
when executed after: [RegressionTest0.test006]
The revealed different behavior: PASS
when executed after: []

Test: RegressionTest0.test006
Intended behavior: FAILURE
when executed after: [RegressionTest2.test032]
The revealed different behavior: PASS
when executed after: []

Test: RegressionTest2.test019
Intended behavior: FAILURE
when executed after: [RegressionTest2.test017]
The revealed different behavior: PASS
when executed after: []

Test: RegressionTest2.test017
Intended behavior: FAILURE
when executed after: [RegressionTest2.test016]
The revealed different behavior: PASS
when executed after: []

Test: RegressionTest2.test016
Intended behavior: FAILURE
when executed after: [RegressionTest2.test008]
The revealed different behavior: PASS
when executed after: []

Test: RegressionTest2.test008
Intended behavior: FAILURE
when executed after: [RegressionTest2.test015]
The revealed different behavior: PASS
when executed after: []

Test: RegressionTest2.test015
Intended behavior: FAILURE
when executed after: [RegressionTest2.test014]
The revealed different behavior: PASS
when executed after: []

Test: RegressionTest2.test014
Intended behavior: FAILURE
when executed after: [RegressionTest2.test013]
The revealed different behavior: PASS
when executed after: []

Test: RegressionTest2.test013
Intended behavior: FAILURE
when executed after: [RegressionTest2.test012]
The revealed different behavior: PASS
when executed after: []

Test: RegressionTest2.test012
Intended behavior: FAILURE
when executed after: [RegressionTest2.test003]
The revealed different behavior: PASS
when executed after: []

Test: RegressionTest2.test003
Intended behavior: FAILURE
when executed after: [RegressionTest2.test107]
The revealed different behavior: PASS
when executed after: []

Test: RegressionTest2.test107
Intended behavior: FAILURE
when executed after: [RegressionTest2.test083]
The revealed different behavior: PASS
when executed after: []

Test: RegressionTest2.test083
Intended behavior: FAILURE
when executed after: [RegressionTest2.test077]
The revealed different behavior: PASS
when executed after: []

Test: RegressionTest2.test077
Intended behavior: FAILURE
when executed after: [RegressionTest2.test001]
The revealed different behavior: PASS
when executed after: []

Test: RegressionTest2.test001
Intended behavior: FAILURE
when executed after: [RegressionTest2.test007]
The revealed different behavior: PASS
when executed after: []

Test: RegressionTest2.test007
Intended behavior: FAILURE
when executed after: [RegressionTest2.test006]
The revealed different behavior: PASS
when executed after: []

Test: RegressionTest2.test006
Intended behavior: FAILURE
when executed after: [RegressionTest2.test005]
The revealed different behavior: PASS
when executed after: []

Test: RegressionTest2.test005
Intended behavior: FAILURE
when executed after: [RegressionTest2.test002]
The revealed different behavior: PASS
when executed after: []

Test: RegressionTest0.test080
Intended behavior: FAILURE
when executed after: [RegressionTest0.test076]
The revealed different behavior: PASS
when executed after: []

Test: RegressionTest2.test030
Intended behavior: FAILURE
when executed after: [RegressionTest2.test019]
The revealed different behavior: PASS
when executed after: []

Test: RegressionTest1.test038
Intended behavior: FAILURE
when executed after: [ErrorTest0.test2]
The revealed different behavior: PASS
when executed after: []

Test: RegressionTest0.test396
Intended behavior: FAILURE
when executed after: [RegressionTest0.test392]
The revealed different behavior: PASS
when executed after: []

