Test: RegressionTest0.test281
Intended behavior: FAILURE
when executed after: [RegressionTest0.test125]
The revealed different behavior: PASS
when executed after: []

Test: RegressionTest0.test279
Intended behavior: FAILURE
when executed after: [RegressionTest0.test152]
The revealed different behavior: PASS
when executed after: []

Test: RegressionTest0.test469
Intended behavior: FAILURE
when executed after: [RegressionTest0.test458]
The revealed different behavior: PASS
when executed after: []

Test: RegressionTest1.test094
Intended behavior: FAILURE
when executed after: [RegressionTest0.test395]
The revealed different behavior: PASS
when executed after: []

Test: RegressionTest0.test458
Intended behavior: FAILURE
when executed after: [RegressionTest0.test208]
The revealed different behavior: PASS
when executed after: []

Test: RegressionTest0.test467
Intended behavior: FAILURE
when executed after: [RegressionTest0.test190]
The revealed different behavior: PASS
when executed after: []

Test: RegressionTest0.test451
Intended behavior: FAILURE
when executed after: [RegressionTest0.test065]
The revealed different behavior: PASS
when executed after: []

Test: RegressionTest0.test395
Intended behavior: FAILURE
when executed after: [RegressionTest0.test314]
The revealed different behavior: PASS
when executed after: []

Test: RegressionTest1.test273
Intended behavior: FAILURE
when executed after: [RegressionTest1.test064]
The revealed different behavior: PASS
when executed after: []

Test: RegressionTest1.test251
Intended behavior: FAILURE
when executed after: [RegressionTest1.test081]
The revealed different behavior: PASS
when executed after: []

Test: RegressionTest1.test081
Intended behavior: FAILURE
when executed after: [RegressionTest1.test071]
The revealed different behavior: PASS
when executed after: []

Test: RegressionTest1.test264
Intended behavior: FAILURE
when executed after: [RegressionTest1.test171]
The revealed different behavior: PASS
when executed after: []

Test: RegressionTest1.test014
Intended behavior: FAILURE
when executed after: [RegressionTest0.test279]
The revealed different behavior: PASS
when executed after: []

Test: RegressionTest0.test152
Intended behavior: FAILURE
when executed after: [RegressionTest0.test117]
The revealed different behavior: PASS
when executed after: []

