Test: RegressionTest0.test178
Intended behavior: FAILURE
when executed after: [RegressionTest0.test034]
The revealed different behavior: PASS
when executed after: []

Test: RegressionTest0.test034
Intended behavior: FAILURE
when executed after: [RegressionTest2.test032]
The revealed different behavior: PASS
when executed after: []

Test: RegressionTest0.test481
Intended behavior: FAILURE
when executed after: [RegressionTest0.test178]
The revealed different behavior: PASS
when executed after: []

Test: RegressionTest0.test364
Intended behavior: FAILURE
when executed after: [RegressionTest0.test306]
The revealed different behavior: PASS
when executed after: []

Test: RegressionTest0.test306
Intended behavior: FAILURE
when executed after: [RegressionTest0.test481]
The revealed different behavior: PASS
when executed after: []

Test: RegressionTest0.test159
Intended behavior: FAILURE
when executed after: [RegressionTest0.test396]
The revealed different behavior: PASS
when executed after: []

Test: RegressionTest1.test054
Intended behavior: FAILURE
when executed after: [RegressionTest0.test440]
The revealed different behavior: PASS
when executed after: []

Test: RegressionTest0.test396
Intended behavior: FAILURE
when executed after: [RegressionTest0.test364]
The revealed different behavior: PASS
when executed after: []

Test: RegressionTest1.test182
Intended behavior: FAILURE
when executed after: [RegressionTest1.test038]
The revealed different behavior: PASS
when executed after: []

Test: RegressionTest1.test038
Intended behavior: FAILURE
when executed after: [RegressionTest0.test159]
The revealed different behavior: PASS
when executed after: []

Test: RegressionTest1.test448
Intended behavior: FAILURE
when executed after: [RegressionTest1.test435]
The revealed different behavior: PASS
when executed after: []

Test: RegressionTest1.test435
Intended behavior: FAILURE
when executed after: [RegressionTest1.test415]
The revealed different behavior: PASS
when executed after: []

Test: RegressionTest1.test415
Intended behavior: FAILURE
when executed after: [RegressionTest1.test182]
The revealed different behavior: PASS
when executed after: []

Test: RegressionTest1.test407
Intended behavior: FAILURE
when executed after: [RegressionTest1.test349]
The revealed different behavior: PASS
when executed after: []

Test: RegressionTest2.test032
Intended behavior: FAILURE
when executed after: [RegressionTest2.test030]
The revealed different behavior: PASS
when executed after: []

Test: RegressionTest1.test349
Intended behavior: FAILURE
when executed after: [RegressionTest1.test324]
The revealed different behavior: PASS
when executed after: []

Test: RegressionTest1.test324
Intended behavior: FAILURE
when executed after: [RegressionTest1.test301]
The revealed different behavior: PASS
when executed after: []

Test: RegressionTest1.test301
Intended behavior: FAILURE
when executed after: [RegressionTest1.test448]
The revealed different behavior: PASS
when executed after: []

Test: RegressionTest2.test030
Intended behavior: FAILURE
when executed after: [RegressionTest2.test022]
The revealed different behavior: PASS
when executed after: []

Test: RegressionTest2.test022
Intended behavior: FAILURE
when executed after: [RegressionTest2.test021]
The revealed different behavior: PASS
when executed after: []

Test: RegressionTest2.test021
Intended behavior: FAILURE
when executed after: [RegressionTest2.test020]
The revealed different behavior: PASS
when executed after: []

Test: RegressionTest2.test020
Intended behavior: FAILURE
when executed after: [RegressionTest2.test019]
The revealed different behavior: PASS
when executed after: []

Test: RegressionTest2.test019
Intended behavior: FAILURE
when executed after: [RegressionTest2.test018]
The revealed different behavior: PASS
when executed after: []

Test: RegressionTest2.test018
Intended behavior: FAILURE
when executed after: [RegressionTest2.test017]
The revealed different behavior: PASS
when executed after: []

Test: RegressionTest2.test017
Intended behavior: FAILURE
when executed after: [RegressionTest2.test016]
The revealed different behavior: PASS
when executed after: []

