Test: RegressionTest1.test278
Intended behavior: FAILURE
when executed after: [RegressionTest0.test316]
The revealed different behavior: PASS
when executed after: []

Test: RegressionTest0.test316
Intended behavior: FAILURE
when executed after: [RegressionTest2.test007]
The revealed different behavior: PASS
when executed after: []

