Test: RegressionTest1.test147
Intended behavior: FAILURE
when executed after: [RegressionTest0.test137]
The revealed different behavior: PASS
when executed after: []

Test: RegressionTest1.test314
Intended behavior: FAILURE
when executed after: [RegressionTest1.test095]
The revealed different behavior: PASS
when executed after: []

Test: RegressionTest1.test095
Intended behavior: FAILURE
when executed after: [RegressionTest0.test090]
The revealed different behavior: PASS
when executed after: []

Test: RegressionTest1.test062
Intended behavior: FAILURE
when executed after: [RegressionTest0.test266]
The revealed different behavior: PASS
when executed after: []

