Test: org.apache.ambari.server.security.authorization.AmbariAuthorizationProviderDisableUserTest.testDisabledUserViaLdapProvider
Intended behavior: FAILURE
when executed after: [org.apache.ambari.server.security.authorization.AmbariAuthenticationTest.testIsAuthenticated]
The revealed different behavior: PASS
when executed after: []

Test: org.apache.ambari.server.security.authorization.AmbariAuthenticationTest.testGetPrincipalWithLoginAlias
Intended behavior: FAILURE
when executed after: [org.apache.ambari.server.security.authorization.AmbariLdapBindAuthenticatorTest.testAuthenticateWithNullLDAPUsername]
The revealed different behavior: PASS
when executed after: []

Test: org.apache.ambari.server.security.authorization.AmbariAuthenticationTest.testGetAuthorities
Intended behavior: FAILURE
when executed after: [org.apache.ambari.server.security.authorization.AmbariAuthenticationTest.testGetPrincipalWithLoginAlias]
The revealed different behavior: PASS
when executed after: []

Test: org.apache.ambari.server.security.authorization.AmbariAuthenticationTest.testIsAuthenticated
Intended behavior: FAILURE
when executed after: [org.apache.ambari.server.security.authorization.AmbariAuthenticationTest.testGetAuthorities]
The revealed different behavior: PASS
when executed after: []

Test: org.apache.ambari.server.security.authentication.AmbariJWTAuthenticationFilterTest.testDoFilterSuccess
Intended behavior: FAILURE
when executed after: [org.apache.ambari.server.security.authentication.AmbariBasicAuthenticationFilterTest.testDoFilter]
The revealed different behavior: PASS
when executed after: []

Test: org.apache.ambari.server.security.authentication.AmbariBasicAuthenticationFilterTest.testDoFilter
Intended behavior: FAILURE
when executed after: [org.apache.ambari.server.controller.internal.MemberResourceProviderTest.testUpdateResources_Administrator]
The revealed different behavior: PASS
when executed after: []

Test: org.apache.ambari.server.topology.BlueprintImplTest.testValidateConfigurations__hostGroupConfigForNameNodeHAPositive
Intended behavior: FAILURE
when executed after: [org.apache.ambari.server.topology.BlueprintValidatorImplTest.testValidateRequiredProperties_SqlaInHiveStackHdp22]
The revealed different behavior: PASS
when executed after: []

Test: org.apache.ambari.server.security.authentication.AmbariJWTAuthenticationFilterTest.testDoFilterFailure
Intended behavior: FAILURE
when executed after: [org.apache.ambari.server.security.authentication.AmbariJWTAuthenticationFilterTest.testDoFilterSuccess]
The revealed different behavior: PASS
when executed after: []

Test: org.apache.ambari.server.controller.AmbariManagementControllerImplTest.testGetClientHostForRunningAction_clientComponentThrowsException
Intended behavior: FAILURE
when executed after: [org.apache.ambari.server.controller.AmbariManagementControllerImplTest.testGetHostComponents___ServiceComponentHostFilteredByState]
The revealed different behavior: PASS
when executed after: []

Test: org.apache.ambari.server.security.authorization.AmbariAuthorizationFilterTest.testDoFilter_NotLoggedIn_UseDefaultUser
Intended behavior: FAILURE
when executed after: [org.apache.ambari.server.security.authentication.AmbariJWTAuthenticationFilterTest.testDoFilterFailure]
The revealed different behavior: PASS
when executed after: []

Test: org.apache.ambari.server.controller.internal.MemberResourceProviderTest.testUpdateResources_Administrator
Intended behavior: FAILURE
when executed after: [org.apache.ambari.server.controller.AmbariManagementControllerImplTest.testGetClientHostForRunningAction_clientComponentThrowsException]
The revealed different behavior: PASS
when executed after: []

Test: org.apache.ambari.server.topology.BlueprintImplTest.testValidateConfigurations__hostGroupConfigForNameNodeHAInCorrectHostGroups
Intended behavior: FAILURE
when executed after: [org.apache.ambari.server.topology.BlueprintImplTest.testValidateConfigurations__hostGroupConfigForNameNodeHAPositive]
The revealed different behavior: PASS
when executed after: []

Test: org.apache.ambari.server.metric.system.impl.MetricsSourceTest.testJvmSourceInit_JVM1_8
Intended behavior: FAILURE
when executed after: [org.apache.ambari.server.metric.system.impl.MetricsServiceTest.testMetricsServiceStart]
The revealed different behavior: PASS
when executed after: []

