Test: RegressionTest0.test178
Intended behavior: FAILURE
when executed after: [RegressionTest0.test135]
The revealed different behavior: PASS
when executed after: []

Test: RegressionTest0.test034
Intended behavior: FAILURE
when executed after: [RegressionTest0.test033]
The revealed different behavior: PASS
when executed after: []

Test: RegressionTest0.test481
Intended behavior: FAILURE
when executed after: [RegressionTest0.test178]
The revealed different behavior: PASS
when executed after: []

Test: RegressionTest0.test309
Intended behavior: FAILURE
when executed after: [RegressionTest0.test306]
The revealed different behavior: PASS
when executed after: []

Test: RegressionTest0.test306
Intended behavior: FAILURE
when executed after: [RegressionTest0.test481]
The revealed different behavior: PASS
when executed after: []

Test: RegressionTest0.test364
Intended behavior: FAILURE
when executed after: [RegressionTest0.test309]
The revealed different behavior: PASS
when executed after: []

Test: RegressionTest0.test159
Intended behavior: FAILURE
when executed after: [RegressionTest0.test396]
The revealed different behavior: PASS
when executed after: []

Test: RegressionTest0.test396
Intended behavior: FAILURE
when executed after: [RegressionTest0.test364]
The revealed different behavior: PASS
when executed after: []

Test: RegressionTest1.test054
Intended behavior: FAILURE
when executed after: [RegressionTest0.test440]
The revealed different behavior: PASS
when executed after: []

Test: RegressionTest1.test038
Intended behavior: FAILURE
when executed after: [RegressionTest0.test159]
The revealed different behavior: PASS
when executed after: []

Test: RegressionTest1.test182
Intended behavior: FAILURE
when executed after: [RegressionTest1.test038]
The revealed different behavior: PASS
when executed after: []

Test: RegressionTest1.test448
Intended behavior: FAILURE
when executed after: [RegressionTest1.test435]
The revealed different behavior: PASS
when executed after: []

Test: RegressionTest1.test435
Intended behavior: FAILURE
when executed after: [RegressionTest1.test415]
The revealed different behavior: PASS
when executed after: []

Test: RegressionTest1.test415
Intended behavior: FAILURE
when executed after: [RegressionTest1.test182]
The revealed different behavior: PASS
when executed after: []

Test: RegressionTest1.test324
Intended behavior: FAILURE
when executed after: [RegressionTest1.test448]
The revealed different behavior: PASS
when executed after: []

Test: RegressionTest0.test135
Intended behavior: FAILURE
when executed after: [RegressionTest0.test134]
The revealed different behavior: PASS
when executed after: []

Test: RegressionTest0.test134
Intended behavior: FAILURE
when executed after: [RegressionTest0.test133]
The revealed different behavior: PASS
when executed after: []

Test: RegressionTest0.test133
Intended behavior: FAILURE
when executed after: [RegressionTest0.test132]
The revealed different behavior: PASS
when executed after: []

Test: RegressionTest0.test132
Intended behavior: FAILURE
when executed after: [RegressionTest0.test131]
The revealed different behavior: PASS
when executed after: []

Test: RegressionTest0.test131
Intended behavior: FAILURE
when executed after: [RegressionTest0.test130]
The revealed different behavior: PASS
when executed after: []

Test: RegressionTest0.test130
Intended behavior: FAILURE
when executed after: [RegressionTest0.test129]
The revealed different behavior: PASS
when executed after: []

Test: RegressionTest0.test129
Intended behavior: FAILURE
when executed after: [RegressionTest0.test128]
The revealed different behavior: PASS
when executed after: []

Test: RegressionTest0.test128
Intended behavior: FAILURE
when executed after: [RegressionTest0.test125]
The revealed different behavior: PASS
when executed after: []

Test: RegressionTest0.test125
Intended behavior: FAILURE
when executed after: [RegressionTest0.test127]
The revealed different behavior: PASS
when executed after: []

Test: RegressionTest0.test127
Intended behavior: FAILURE
when executed after: [RegressionTest0.test126]
The revealed different behavior: PASS
when executed after: []

Test: RegressionTest0.test126
Intended behavior: FAILURE
when executed after: [RegressionTest0.test044]
The revealed different behavior: PASS
when executed after: []

Test: RegressionTest0.test044
Intended behavior: FAILURE
when executed after: [RegressionTest0.test042]
The revealed different behavior: PASS
when executed after: []

Test: RegressionTest0.test042
Intended behavior: FAILURE
when executed after: [RegressionTest0.test041]
The revealed different behavior: PASS
when executed after: []

Test: RegressionTest0.test041
Intended behavior: FAILURE
when executed after: [RegressionTest0.test040]
The revealed different behavior: PASS
when executed after: []

Test: RegressionTest0.test040
Intended behavior: FAILURE
when executed after: [RegressionTest0.test039]
The revealed different behavior: PASS
when executed after: []

Test: RegressionTest0.test039
Intended behavior: FAILURE
when executed after: [RegressionTest0.test038]
The revealed different behavior: PASS
when executed after: []

Test: RegressionTest0.test038
Intended behavior: FAILURE
when executed after: [RegressionTest0.test037]
The revealed different behavior: PASS
when executed after: []

Test: RegressionTest0.test037
Intended behavior: FAILURE
when executed after: [RegressionTest0.test036]
The revealed different behavior: PASS
when executed after: []

Test: RegressionTest0.test036
Intended behavior: FAILURE
when executed after: [RegressionTest0.test035]
The revealed different behavior: PASS
when executed after: []

Test: RegressionTest0.test035
Intended behavior: FAILURE
when executed after: [RegressionTest0.test034]
The revealed different behavior: PASS
when executed after: []

Test: RegressionTest0.test033
Intended behavior: FAILURE
when executed after: [RegressionTest0.test032]
The revealed different behavior: PASS
when executed after: []

Test: RegressionTest0.test032
Intended behavior: FAILURE
when executed after: [RegressionTest0.test031]
The revealed different behavior: PASS
when executed after: []

Test: RegressionTest0.test031
Intended behavior: FAILURE
when executed after: [RegressionTest0.test030]
The revealed different behavior: PASS
when executed after: []

Test: RegressionTest0.test030
Intended behavior: FAILURE
when executed after: [RegressionTest0.test029]
The revealed different behavior: PASS
when executed after: []

Test: RegressionTest0.test029
Intended behavior: FAILURE
when executed after: [RegressionTest0.test028]
The revealed different behavior: PASS
when executed after: []

Test: RegressionTest0.test028
Intended behavior: FAILURE
when executed after: [RegressionTest0.test027]
The revealed different behavior: PASS
when executed after: []

Test: RegressionTest0.test027
Intended behavior: FAILURE
when executed after: [RegressionTest0.test026]
The revealed different behavior: PASS
when executed after: []

Test: RegressionTest0.test026
Intended behavior: FAILURE
when executed after: [RegressionTest0.test025]
The revealed different behavior: PASS
when executed after: []

Test: RegressionTest0.test025
Intended behavior: FAILURE
when executed after: [RegressionTest0.test024]
The revealed different behavior: PASS
when executed after: []

Test: RegressionTest0.test024
Intended behavior: FAILURE
when executed after: [RegressionTest0.test023]
The revealed different behavior: PASS
when executed after: []

Test: RegressionTest0.test023
Intended behavior: FAILURE
when executed after: [RegressionTest0.test022]
The revealed different behavior: PASS
when executed after: []

Test: RegressionTest0.test022
Intended behavior: FAILURE
when executed after: [RegressionTest0.test021]
The revealed different behavior: PASS
when executed after: []

Test: RegressionTest0.test021
Intended behavior: FAILURE
when executed after: [RegressionTest0.test020]
The revealed different behavior: PASS
when executed after: []

Test: RegressionTest0.test020
Intended behavior: FAILURE
when executed after: [RegressionTest0.test019]
The revealed different behavior: PASS
when executed after: []

Test: RegressionTest0.test019
Intended behavior: FAILURE
when executed after: [RegressionTest0.test018]
The revealed different behavior: PASS
when executed after: []

Test: RegressionTest0.test018
Intended behavior: FAILURE
when executed after: [RegressionTest0.test017]
The revealed different behavior: PASS
when executed after: []

Test: RegressionTest0.test017
Intended behavior: FAILURE
when executed after: [RegressionTest0.test016]
The revealed different behavior: PASS
when executed after: []

Test: RegressionTest0.test016
Intended behavior: FAILURE
when executed after: [RegressionTest0.test011]
The revealed different behavior: PASS
when executed after: []

Test: RegressionTest0.test011
Intended behavior: FAILURE
when executed after: [RegressionTest0.test010]
The revealed different behavior: PASS
when executed after: []

Test: RegressionTest0.test010
Intended behavior: FAILURE
when executed after: [RegressionTest0.test009]
The revealed different behavior: PASS
when executed after: []

Test: RegressionTest0.test009
Intended behavior: FAILURE
when executed after: [RegressionTest0.test008]
The revealed different behavior: PASS
when executed after: []

Test: RegressionTest0.test008
Intended behavior: FAILURE
when executed after: [RegressionTest0.test015]
The revealed different behavior: PASS
when executed after: []

Test: RegressionTest0.test015
Intended behavior: FAILURE
when executed after: [RegressionTest0.test014]
The revealed different behavior: PASS
when executed after: []

Test: RegressionTest0.test014
Intended behavior: FAILURE
when executed after: [RegressionTest0.test013]
The revealed different behavior: PASS
when executed after: []

Test: RegressionTest0.test013
Intended behavior: FAILURE
when executed after: [RegressionTest0.test012]
The revealed different behavior: PASS
when executed after: []

Test: RegressionTest0.test012
Intended behavior: FAILURE
when executed after: [RegressionTest0.test003]
The revealed different behavior: PASS
when executed after: []

Test: RegressionTest0.test003
Intended behavior: FAILURE
when executed after: [RegressionTest0.test004]
The revealed different behavior: PASS
when executed after: []

Test: RegressionTest0.test004
Intended behavior: FAILURE
when executed after: [RegressionTest0.test121]
The revealed different behavior: PASS
when executed after: []

Test: RegressionTest0.test121
Intended behavior: FAILURE
when executed after: [RegressionTest0.test120]
The revealed different behavior: PASS
when executed after: []

Test: RegressionTest0.test120
Intended behavior: FAILURE
when executed after: [RegressionTest0.test119]
The revealed different behavior: PASS
when executed after: []

Test: RegressionTest0.test119
Intended behavior: FAILURE
when executed after: [RegressionTest0.test118]
The revealed different behavior: PASS
when executed after: []

Test: RegressionTest0.test118
Intended behavior: FAILURE
when executed after: [RegressionTest0.test117]
The revealed different behavior: PASS
when executed after: []

Test: RegressionTest0.test117
Intended behavior: FAILURE
when executed after: [RegressionTest0.test116]
The revealed different behavior: PASS
when executed after: []

Test: RegressionTest0.test116
Intended behavior: FAILURE
when executed after: [RegressionTest0.test115]
The revealed different behavior: PASS
when executed after: []

Test: RegressionTest0.test115
Intended behavior: FAILURE
when executed after: [RegressionTest0.test114]
The revealed different behavior: PASS
when executed after: []

Test: RegressionTest0.test114
Intended behavior: FAILURE
when executed after: [RegressionTest0.test113]
The revealed different behavior: PASS
when executed after: []

Test: RegressionTest0.test113
Intended behavior: FAILURE
when executed after: [RegressionTest0.test112]
The revealed different behavior: PASS
when executed after: []

Test: RegressionTest0.test112
Intended behavior: FAILURE
when executed after: [RegressionTest0.test111]
The revealed different behavior: PASS
when executed after: []

Test: RegressionTest0.test111
Intended behavior: FAILURE
when executed after: [RegressionTest0.test110]
The revealed different behavior: PASS
when executed after: []

Test: RegressionTest0.test110
Intended behavior: FAILURE
when executed after: [RegressionTest0.test109]
The revealed different behavior: PASS
when executed after: []

Test: RegressionTest0.test109
Intended behavior: FAILURE
when executed after: [RegressionTest0.test108]
The revealed different behavior: PASS
when executed after: []

Test: RegressionTest0.test108
Intended behavior: FAILURE
when executed after: [RegressionTest0.test107]
The revealed different behavior: PASS
when executed after: []

Test: RegressionTest0.test107
Intended behavior: FAILURE
when executed after: [RegressionTest0.test106]
The revealed different behavior: PASS
when executed after: []

Test: RegressionTest0.test106
Intended behavior: FAILURE
when executed after: [RegressionTest0.test105]
The revealed different behavior: PASS
when executed after: []

Test: RegressionTest0.test105
Intended behavior: FAILURE
when executed after: [RegressionTest0.test104]
The revealed different behavior: PASS
when executed after: []

Test: RegressionTest0.test104
Intended behavior: FAILURE
when executed after: [RegressionTest0.test103]
The revealed different behavior: PASS
when executed after: []

Test: RegressionTest0.test103
Intended behavior: FAILURE
when executed after: [RegressionTest0.test102]
The revealed different behavior: PASS
when executed after: []

Test: RegressionTest0.test102
Intended behavior: FAILURE
when executed after: [RegressionTest0.test101]
The revealed different behavior: PASS
when executed after: []

Test: RegressionTest0.test101
Intended behavior: FAILURE
when executed after: [RegressionTest0.test100]
The revealed different behavior: PASS
when executed after: []

Test: RegressionTest0.test100
Intended behavior: FAILURE
when executed after: [RegressionTest0.test099]
The revealed different behavior: PASS
when executed after: []

Test: RegressionTest0.test099
Intended behavior: FAILURE
when executed after: [RegressionTest0.test098]
The revealed different behavior: PASS
when executed after: []

Test: RegressionTest0.test098
Intended behavior: FAILURE
when executed after: [RegressionTest0.test097]
The revealed different behavior: PASS
when executed after: []

Test: RegressionTest0.test097
Intended behavior: FAILURE
when executed after: [RegressionTest0.test096]
The revealed different behavior: PASS
when executed after: []

Test: RegressionTest0.test096
Intended behavior: FAILURE
when executed after: [RegressionTest0.test095]
The revealed different behavior: PASS
when executed after: []

Test: RegressionTest0.test095
Intended behavior: FAILURE
when executed after: [RegressionTest0.test094]
The revealed different behavior: PASS
when executed after: []

Test: RegressionTest0.test094
Intended behavior: FAILURE
when executed after: [RegressionTest0.test093]
The revealed different behavior: PASS
when executed after: []

Test: RegressionTest0.test093
Intended behavior: FAILURE
when executed after: [RegressionTest0.test092]
The revealed different behavior: PASS
when executed after: []

Test: RegressionTest0.test092
Intended behavior: FAILURE
when executed after: [RegressionTest0.test091]
The revealed different behavior: PASS
when executed after: []

Test: RegressionTest0.test091
Intended behavior: FAILURE
when executed after: [RegressionTest0.test090]
The revealed different behavior: PASS
when executed after: []

Test: RegressionTest0.test090
Intended behavior: FAILURE
when executed after: [RegressionTest0.test089]
The revealed different behavior: PASS
when executed after: []

Test: RegressionTest0.test089
Intended behavior: FAILURE
when executed after: [RegressionTest0.test088]
The revealed different behavior: PASS
when executed after: []

Test: RegressionTest0.test088
Intended behavior: FAILURE
when executed after: [RegressionTest0.test087]
The revealed different behavior: PASS
when executed after: []

Test: RegressionTest0.test087
Intended behavior: FAILURE
when executed after: [RegressionTest0.test086]
The revealed different behavior: PASS
when executed after: []

Test: RegressionTest0.test086
Intended behavior: FAILURE
when executed after: [RegressionTest0.test085]
The revealed different behavior: PASS
when executed after: []

Test: RegressionTest0.test085
Intended behavior: FAILURE
when executed after: [RegressionTest0.test084]
The revealed different behavior: PASS
when executed after: []

Test: RegressionTest0.test084
Intended behavior: FAILURE
when executed after: [RegressionTest0.test083]
The revealed different behavior: PASS
when executed after: []

Test: RegressionTest0.test083
Intended behavior: FAILURE
when executed after: [RegressionTest0.test082]
The revealed different behavior: PASS
when executed after: []

Test: RegressionTest0.test082
Intended behavior: FAILURE
when executed after: [RegressionTest0.test081]
The revealed different behavior: PASS
when executed after: []

Test: RegressionTest0.test081
Intended behavior: FAILURE
when executed after: [RegressionTest0.test080]
The revealed different behavior: PASS
when executed after: []

Test: RegressionTest0.test080
Intended behavior: FAILURE
when executed after: [RegressionTest0.test079]
The revealed different behavior: PASS
when executed after: []

Test: RegressionTest0.test079
Intended behavior: FAILURE
when executed after: [RegressionTest0.test078]
The revealed different behavior: PASS
when executed after: []

Test: RegressionTest0.test078
Intended behavior: FAILURE
when executed after: [RegressionTest0.test077]
The revealed different behavior: PASS
when executed after: []

Test: RegressionTest0.test077
Intended behavior: FAILURE
when executed after: [RegressionTest0.test076]
The revealed different behavior: PASS
when executed after: []

Test: RegressionTest0.test076
Intended behavior: FAILURE
when executed after: [RegressionTest0.test075]
The revealed different behavior: PASS
when executed after: []

Test: RegressionTest0.test075
Intended behavior: FAILURE
when executed after: [RegressionTest0.test074]
The revealed different behavior: PASS
when executed after: []

Test: RegressionTest0.test074
Intended behavior: FAILURE
when executed after: [RegressionTest0.test073]
The revealed different behavior: PASS
when executed after: []

Test: RegressionTest0.test073
Intended behavior: FAILURE
when executed after: [RegressionTest0.test072]
The revealed different behavior: PASS
when executed after: []

Test: RegressionTest0.test072
Intended behavior: FAILURE
when executed after: [RegressionTest0.test071]
The revealed different behavior: PASS
when executed after: []

Test: RegressionTest0.test071
Intended behavior: FAILURE
when executed after: [RegressionTest0.test070]
The revealed different behavior: PASS
when executed after: []

Test: RegressionTest0.test070
Intended behavior: FAILURE
when executed after: [RegressionTest0.test069]
The revealed different behavior: PASS
when executed after: []

Test: RegressionTest0.test069
Intended behavior: FAILURE
when executed after: [RegressionTest0.test068]
The revealed different behavior: PASS
when executed after: []

Test: RegressionTest0.test068
Intended behavior: FAILURE
when executed after: [RegressionTest0.test067]
The revealed different behavior: PASS
when executed after: []

Test: RegressionTest0.test067
Intended behavior: FAILURE
when executed after: [RegressionTest0.test066]
The revealed different behavior: PASS
when executed after: []

Test: RegressionTest0.test066
Intended behavior: FAILURE
when executed after: [RegressionTest0.test065]
The revealed different behavior: PASS
when executed after: []

Test: RegressionTest0.test065
Intended behavior: FAILURE
when executed after: [RegressionTest0.test064]
The revealed different behavior: PASS
when executed after: []

Test: RegressionTest0.test064
Intended behavior: FAILURE
when executed after: [RegressionTest0.test063]
The revealed different behavior: PASS
when executed after: []

Test: RegressionTest0.test063
Intended behavior: FAILURE
when executed after: [RegressionTest0.test062]
The revealed different behavior: PASS
when executed after: []

Test: RegressionTest0.test062
Intended behavior: FAILURE
when executed after: [RegressionTest0.test061]
The revealed different behavior: PASS
when executed after: []

Test: RegressionTest0.test061
Intended behavior: FAILURE
when executed after: [RegressionTest0.test060]
The revealed different behavior: PASS
when executed after: []

Test: RegressionTest0.test060
Intended behavior: FAILURE
when executed after: [RegressionTest0.test059]
The revealed different behavior: PASS
when executed after: []

Test: RegressionTest0.test059
Intended behavior: FAILURE
when executed after: [RegressionTest0.test058]
The revealed different behavior: PASS
when executed after: []

Test: RegressionTest0.test058
Intended behavior: FAILURE
when executed after: [RegressionTest0.test057]
The revealed different behavior: PASS
when executed after: []

Test: RegressionTest0.test057
Intended behavior: FAILURE
when executed after: [RegressionTest0.test056]
The revealed different behavior: PASS
when executed after: []

Test: RegressionTest0.test056
Intended behavior: FAILURE
when executed after: [RegressionTest0.test055]
The revealed different behavior: PASS
when executed after: []

Test: RegressionTest0.test055
Intended behavior: FAILURE
when executed after: [RegressionTest0.test054]
The revealed different behavior: PASS
when executed after: []

Test: RegressionTest0.test054
Intended behavior: FAILURE
when executed after: [RegressionTest0.test053]
The revealed different behavior: PASS
when executed after: []

Test: RegressionTest0.test053
Intended behavior: FAILURE
when executed after: [RegressionTest0.test052]
The revealed different behavior: PASS
when executed after: []

Test: RegressionTest0.test052
Intended behavior: FAILURE
when executed after: [RegressionTest0.test051]
The revealed different behavior: PASS
when executed after: []

Test: RegressionTest0.test051
Intended behavior: FAILURE
when executed after: [RegressionTest0.test050]
The revealed different behavior: PASS
when executed after: []

Test: RegressionTest0.test050
Intended behavior: FAILURE
when executed after: [RegressionTest0.test049]
The revealed different behavior: PASS
when executed after: []

Test: RegressionTest0.test049
Intended behavior: FAILURE
when executed after: [RegressionTest0.test048]
The revealed different behavior: PASS
when executed after: []

Test: RegressionTest0.test048
Intended behavior: FAILURE
when executed after: [RegressionTest0.test047]
The revealed different behavior: PASS
when executed after: []

Test: RegressionTest0.test047
Intended behavior: FAILURE
when executed after: [RegressionTest0.test046]
The revealed different behavior: PASS
when executed after: []

Test: RegressionTest0.test046
Intended behavior: FAILURE
when executed after: [RegressionTest0.test045]
The revealed different behavior: PASS
when executed after: []

Test: RegressionTest0.test045
Intended behavior: FAILURE
when executed after: [RegressionTest0.test001]
The revealed different behavior: PASS
when executed after: []

Test: RegressionTest0.test001
Intended behavior: FAILURE
when executed after: [RegressionTest0.test007]
The revealed different behavior: PASS
when executed after: []

Test: RegressionTest0.test007
Intended behavior: FAILURE
when executed after: [RegressionTest0.test006]
The revealed different behavior: PASS
when executed after: []

Test: RegressionTest0.test006
Intended behavior: FAILURE
when executed after: [RegressionTest0.test005]
The revealed different behavior: PASS
when executed after: []

Test: RegressionTest0.test005
Intended behavior: FAILURE
when executed after: [RegressionTest0.test002]
The revealed different behavior: PASS
when executed after: []

Test: RegressionTest0.test002
Intended behavior: FAILURE
when executed after: [RegressionTest2.test044]
The revealed different behavior: PASS
when executed after: []

Test: RegressionTest2.test044
Intended behavior: FAILURE
when executed after: [RegressionTest2.test042]
The revealed different behavior: PASS
when executed after: []

Test: RegressionTest2.test042
Intended behavior: FAILURE
when executed after: [RegressionTest2.test041]
The revealed different behavior: PASS
when executed after: []

Test: RegressionTest2.test041
Intended behavior: FAILURE
when executed after: [RegressionTest2.test040]
The revealed different behavior: PASS
when executed after: []

Test: RegressionTest2.test040
Intended behavior: FAILURE
when executed after: [RegressionTest2.test039]
The revealed different behavior: PASS
when executed after: []

Test: RegressionTest2.test039
Intended behavior: FAILURE
when executed after: [RegressionTest2.test038]
The revealed different behavior: PASS
when executed after: []

Test: RegressionTest2.test038
Intended behavior: FAILURE
when executed after: [RegressionTest2.test037]
The revealed different behavior: PASS
when executed after: []

Test: RegressionTest2.test037
Intended behavior: FAILURE
when executed after: [RegressionTest2.test036]
The revealed different behavior: PASS
when executed after: []

Test: RegressionTest2.test036
Intended behavior: FAILURE
when executed after: [RegressionTest2.test035]
The revealed different behavior: PASS
when executed after: []

Test: RegressionTest2.test035
Intended behavior: FAILURE
when executed after: [RegressionTest2.test034]
The revealed different behavior: PASS
when executed after: []

Test: RegressionTest2.test034
Intended behavior: FAILURE
when executed after: [RegressionTest2.test033]
The revealed different behavior: PASS
when executed after: []

Test: RegressionTest2.test033
Intended behavior: FAILURE
when executed after: [RegressionTest2.test032]
The revealed different behavior: PASS
when executed after: []

Test: RegressionTest2.test032
Intended behavior: FAILURE
when executed after: [RegressionTest2.test031]
The revealed different behavior: PASS
when executed after: []

Test: RegressionTest2.test031
Intended behavior: FAILURE
when executed after: [RegressionTest2.test026]
The revealed different behavior: PASS
when executed after: []

Test: RegressionTest2.test026
Intended behavior: FAILURE
when executed after: [RegressionTest2.test025]
The revealed different behavior: PASS
when executed after: []

