Test: RegressionTest1.test251
Intended behavior: FAILURE
when executed after: [RegressionTest1.test062]
The revealed different behavior: PASS
when executed after: []

Test: RegressionTest0.test361
Intended behavior: FAILURE
when executed after: [RegressionTest0.test320]
The revealed different behavior: PASS
when executed after: []

Test: RegressionTest0.test314
Intended behavior: FAILURE
when executed after: [RegressionTest0.test302]
The revealed different behavior: PASS
when executed after: []

Test: RegressionTest0.test247
Intended behavior: FAILURE
when executed after: [RegressionTest0.test214]
The revealed different behavior: PASS
when executed after: []

Test: RegressionTest0.test209
Intended behavior: FAILURE
when executed after: [RegressionTest0.test171]
The revealed different behavior: PASS
when executed after: []

Test: RegressionTest0.test171
Intended behavior: FAILURE
when executed after: [RegressionTest0.test158]
The revealed different behavior: PASS
when executed after: []

Test: RegressionTest0.test208
Intended behavior: FAILURE
when executed after: [RegressionTest0.test037]
The revealed different behavior: PASS
when executed after: []

Test: RegressionTest1.test209
Intended behavior: FAILURE
when executed after: [RegressionTest0.test127]
The revealed different behavior: PASS
when executed after: []

Test: RegressionTest0.test302
Intended behavior: FAILURE
when executed after: [RegressionTest0.test266]
The revealed different behavior: PASS
when executed after: []

Test: RegressionTest0.test214
Intended behavior: FAILURE
when executed after: [RegressionTest0.test209]
The revealed different behavior: PASS
when executed after: []

Test: RegressionTest2.test06
Intended behavior: FAILURE
when executed after: [RegressionTest1.test167]
The revealed different behavior: PASS
when executed after: []

Test: RegressionTest1.test167
Intended behavior: FAILURE
when executed after: [RegressionTest1.test084]
The revealed different behavior: PASS
when executed after: []

Test: RegressionTest1.test361
Intended behavior: FAILURE
when executed after: [RegressionTest1.test356]
The revealed different behavior: PASS
when executed after: []

Test: RegressionTest1.test329
Intended behavior: FAILURE
when executed after: [RegressionTest1.test328]
The revealed different behavior: PASS
when executed after: []

Test: RegressionTest1.test271
Intended behavior: FAILURE
when executed after: [RegressionTest1.test252]
The revealed different behavior: PASS
when executed after: []

Test: RegressionTest1.test252
Intended behavior: FAILURE
when executed after: [RegressionTest1.test251]
The revealed different behavior: PASS
when executed after: []

Test: RegressionTest1.test062
Intended behavior: FAILURE
when executed after: [RegressionTest1.test203]
The revealed different behavior: PASS
when executed after: []

Test: RegressionTest1.test120
Intended behavior: FAILURE
when executed after: [RegressionTest0.test361]
The revealed different behavior: PASS
when executed after: []

Test: RegressionTest0.test420
Intended behavior: FAILURE
when executed after: [RegressionTest0.test296]
The revealed different behavior: PASS
when executed after: []

Test: RegressionTest0.test266
Intended behavior: FAILURE
when executed after: [RegressionTest0.test247]
The revealed different behavior: PASS
when executed after: []

Test: RegressionTest2.test14
Intended behavior: FAILURE
when executed after: [RegressionTest1.test381]
The revealed different behavior: PASS
when executed after: []

Test: RegressionTest1.test381
Intended behavior: FAILURE
when executed after: [RegressionTest1.test380]
The revealed different behavior: PASS
when executed after: []

Test: RegressionTest1.test357
Intended behavior: FAILURE
when executed after: [RegressionTest1.test221]
The revealed different behavior: PASS
when executed after: []

Test: RegressionTest0.test158
Intended behavior: FAILURE
when executed after: [RegressionTest0.test137]
The revealed different behavior: PASS
when executed after: []

Test: RegressionTest1.test356
Intended behavior: FAILURE
when executed after: [RegressionTest1.test329]
The revealed different behavior: PASS
when executed after: []

Test: RegressionTest1.test325
Intended behavior: FAILURE
when executed after: [RegressionTest1.test271]
The revealed different behavior: PASS
when executed after: []

Test: RegressionTest1.test123
Intended behavior: FAILURE
when executed after: [RegressionTest1.test120]
The revealed different behavior: PASS
when executed after: []

Test: RegressionTest1.test429
Intended behavior: FAILURE
when executed after: [RegressionTest1.test415]
The revealed different behavior: PASS
when executed after: []

Test: RegressionTest1.test415
Intended behavior: FAILURE
when executed after: [RegressionTest1.test361]
The revealed different behavior: PASS
when executed after: []

Test: RegressionTest1.test328
Intended behavior: FAILURE
when executed after: [RegressionTest1.test325]
The revealed different behavior: PASS
when executed after: []

Test: RegressionTest1.test297
Intended behavior: FAILURE
when executed after: [RegressionTest1.test233]
The revealed different behavior: PASS
when executed after: []

Test: RegressionTest1.test233
Intended behavior: FAILURE
when executed after: [RegressionTest1.test159]
The revealed different behavior: PASS
when executed after: []

Test: RegressionTest0.test320
Intended behavior: FAILURE
when executed after: [RegressionTest0.test314]
The revealed different behavior: PASS
when executed after: []

Test: RegressionTest0.test296
Intended behavior: FAILURE
when executed after: [RegressionTest0.test090]
The revealed different behavior: PASS
when executed after: []

Test: RegressionTest1.test203
Intended behavior: FAILURE
when executed after: [RegressionTest1.test170]
The revealed different behavior: PASS
when executed after: []

Test: RegressionTest1.test314
Intended behavior: FAILURE
when executed after: [RegressionTest1.test237]
The revealed different behavior: PASS
when executed after: []

Test: RegressionTest1.test237
Intended behavior: FAILURE
when executed after: [RegressionTest0.test420]
The revealed different behavior: PASS
when executed after: []

Test: RegressionTest1.test170
Intended behavior: FAILURE
when executed after: [RegressionTest1.test123]
The revealed different behavior: PASS
when executed after: []

