Test: RegressionTest1.test357
Intended behavior: FAILURE
when executed after: [RegressionTest1.test221]
The revealed different behavior: PASS
when executed after: []

Test: RegressionTest1.test441
Intended behavior: FAILURE
when executed after: [RegressionTest1.test415]
The revealed different behavior: PASS
when executed after: []

Test: RegressionTest1.test415
Intended behavior: FAILURE
when executed after: [RegressionTest1.test167]
The revealed different behavior: PASS
when executed after: []

Test: RegressionTest1.test325
Intended behavior: FAILURE
when executed after: [RegressionTest1.test123]
The revealed different behavior: PASS
when executed after: []

Test: RegressionTest1.test123
Intended behavior: FAILURE
when executed after: [RegressionTest1.test120]
The revealed different behavior: PASS
when executed after: []

Test: RegressionTest0.test405
Intended behavior: FAILURE
when executed after: [RegressionTest0.test171]
The revealed different behavior: PASS
when executed after: []

