Test: RegressionTest1.test057
Intended behavior: FAILURE
when executed after: [RegressionTest1.test048]
The revealed different behavior: PASS
when executed after: []

Test: RegressionTest1.test048
Intended behavior: FAILURE
when executed after: [RegressionTest0.test381]
The revealed different behavior: PASS
when executed after: []

