Test: RegressionTest1.test345
Intended behavior: FAILURE
when executed after: [RegressionTest1.test301]
The revealed different behavior: PASS
when executed after: []

Test: RegressionTest1.test301
Intended behavior: FAILURE
when executed after: [RegressionTest1.test159]
The revealed different behavior: PASS
when executed after: []

Test: RegressionTest1.test159
Intended behavior: FAILURE
when executed after: [RegressionTest0.test390]
The revealed different behavior: PASS
when executed after: []

Test: RegressionTest1.test203
Intended behavior: FAILURE
when executed after: [RegressionTest1.test123]
The revealed different behavior: PASS
when executed after: []

Test: RegressionTest0.test376
Intended behavior: FAILURE
when executed after: [RegressionTest0.test127]
The revealed different behavior: PASS
when executed after: []

Test: RegressionTest0.test405
Intended behavior: FAILURE
when executed after: [RegressionTest0.test171]
The revealed different behavior: PASS
when executed after: []

Test: RegressionTest1.test357
Intended behavior: FAILURE
when executed after: [RegressionTest1.test221]
The revealed different behavior: PASS
when executed after: []

Test: RegressionTest0.test296
Intended behavior: FAILURE
when executed after: [RegressionTest0.test090]
The revealed different behavior: PASS
when executed after: []

Test: RegressionTest1.test209
Intended behavior: FAILURE
when executed after: [RegressionTest0.test376]
The revealed different behavior: PASS
when executed after: []

Test: RegressionTest1.test325
Intended behavior: FAILURE
when executed after: [RegressionTest1.test252]
The revealed different behavior: PASS
when executed after: []

Test: RegressionTest1.test123
Intended behavior: FAILURE
when executed after: [RegressionTest1.test120]
The revealed different behavior: PASS
when executed after: []

Test: RegressionTest1.test252
Intended behavior: FAILURE
when executed after: [RegressionTest1.test203]
The revealed different behavior: PASS
when executed after: []

