Test: RegressionTest1.test038
Intended behavior: FAILURE
when executed after: [RegressionTest0.test376]
The revealed different behavior: PASS
when executed after: []

Test: RegressionTest0.test376
Intended behavior: FAILURE
when executed after: [RegressionTest0.test127]
The revealed different behavior: PASS
when executed after: []

Test: RegressionTest1.test325
Intended behavior: FAILURE
when executed after: [RegressionTest1.test203]
The revealed different behavior: PASS
when executed after: []

Test: RegressionTest1.test123
Intended behavior: FAILURE
when executed after: [RegressionTest1.test120]
The revealed different behavior: PASS
when executed after: []

Test: RegressionTest1.test429
Intended behavior: FAILURE
when executed after: [RegressionTest1.test415]
The revealed different behavior: PASS
when executed after: []

Test: RegressionTest1.test415
Intended behavior: FAILURE
when executed after: [RegressionTest1.test282]
The revealed different behavior: PASS
when executed after: []

Test: RegressionTest1.test356
Intended behavior: FAILURE
when executed after: [RegressionTest1.test159]
The revealed different behavior: PASS
when executed after: []

Test: RegressionTest1.test159
=======
Test: RegressionTest0.test420
Intended behavior: FAILURE
when executed after: [RegressionTest0.test090]
The revealed different behavior: PASS
when executed after: []

Test: RegressionTest0.test361
Intended behavior: FAILURE
when executed after: [RegressionTest0.test314]
The revealed different behavior: PASS
when executed after: []

Test: RegressionTest0.test209
Intended behavior: FAILURE
when executed after: [RegressionTest0.test171]
The revealed different behavior: PASS
when executed after: []

Test: RegressionTest0.test171
Intended behavior: FAILURE
when executed after: [RegressionTest0.test158]
The revealed different behavior: PASS
when executed after: []

Test: RegressionTest1.test062
Intended behavior: FAILURE
when executed after: [RegressionTest1.test170]
The revealed different behavior: PASS
when executed after: []

Test: RegressionTest1.test441
Intended behavior: FAILURE
when executed after: [RegressionTest1.test415]
The revealed different behavior: PASS
when executed after: []

Test: RegressionTest1.test415
Intended behavior: FAILURE
when executed after: [RegressionTest1.test167]
The revealed different behavior: PASS
when executed after: []

Test: RegressionTest0.test266
Intended behavior: FAILURE
when executed after: [RegressionTest0.test247]
The revealed different behavior: PASS
when executed after: []

Test: RegressionTest1.test244
Intended behavior: FAILURE
when executed after: [RegressionTest0.test296]
The revealed different behavior: PASS
when executed after: []

Test: RegressionTest0.test296
Intended behavior: FAILURE
when executed after: [RegressionTest0.test222]
The revealed different behavior: PASS
when executed after: []

Test: RegressionTest2.test14
Intended behavior: FAILURE
when executed after: [RegressionTest1.test381]
The revealed different behavior: PASS
when executed after: []

Test: RegressionTest1.test381
Intended behavior: FAILURE
when executed after: [RegressionTest1.test380]
The revealed different behavior: PASS
when executed after: []

Test: RegressionTest1.test380
Intended behavior: FAILURE
when executed after: [RegressionTest1.test364]
The revealed different behavior: PASS
when executed after: []

Test: RegressionTest1.test364
Intended behavior: FAILURE
when executed after: [RegressionTest1.test123]
The revealed different behavior: PASS
when executed after: []

Test: RegressionTest1.test361
Intended behavior: FAILURE
when executed after: [RegressionTest1.test329]
The revealed different behavior: PASS
when executed after: []

Test: RegressionTest1.test329
>>>>>>> 178d130d02c57dd4a3e7aea80b1810c26edb2f76
Intended behavior: FAILURE
when executed after: [RegressionTest1.test271]
The revealed different behavior: PASS
when executed after: []

Test: RegressionTest1.test271
Intended behavior: FAILURE
<<<<<<< HEAD
when executed after: [RegressionTest0.test390]
The revealed different behavior: PASS
when executed after: []

Test: RegressionTest0.test296
Intended behavior: FAILURE
when executed after: [RegressionTest0.test222]
The revealed different behavior: PASS
when executed after: []

Test: RegressionTest0.test405
Intended behavior: FAILURE
when executed after: [RegressionTest0.test171]
The revealed different behavior: PASS
when executed after: []

Test: RegressionTest1.test203
Intended behavior: FAILURE
when executed after: [RegressionTest1.test123]
The revealed different behavior: PASS
when executed after: []

Test: RegressionTest1.test244
Intended behavior: FAILURE
when executed after: [RegressionTest1.test149]
The revealed different behavior: PASS
when executed after: []

Test: RegressionTest1.test149
Intended behavior: FAILURE
when executed after: [RegressionTest0.test296]
The revealed different behavior: PASS
when executed after: []

Test: RegressionTest0.test222
Intended behavior: FAILURE
when executed after: [RegressionTest0.test090]
The revealed different behavior: PASS
when executed after: []

Test: RegressionTest1.test441
Intended behavior: FAILURE
when executed after: [RegressionTest1.test429]
The revealed different behavior: PASS
when executed after: []

Test: RegressionTest1.test282
Intended behavior: FAILURE
when executed after: [RegressionTest1.test167]
=======
when executed after: [RegressionTest1.test252]
The revealed different behavior: PASS
when executed after: []

Test: RegressionTest1.test252
Intended behavior: FAILURE
when executed after: [RegressionTest1.test062]
The revealed different behavior: PASS
when executed after: []

Test: RegressionTest1.test120
Intended behavior: FAILURE
when executed after: [RegressionTest0.test447]
The revealed different behavior: PASS
when executed after: []

Test: RegressionTest1.test357
Intended behavior: FAILURE
when executed after: [RegressionTest1.test221]
The revealed different behavior: PASS
when executed after: []

Test: RegressionTest1.test170
Intended behavior: FAILURE
when executed after: [RegressionTest1.test120]
The revealed different behavior: PASS
when executed after: []

Test: RegressionTest0.test447
Intended behavior: FAILURE
when executed after: [RegressionTest0.test266]
The revealed different behavior: PASS
when executed after: []

Test: RegressionTest0.test247
Intended behavior: FAILURE
when executed after: [RegressionTest0.test209]
The revealed different behavior: PASS
when executed after: []

Test: RegressionTest0.test158
Intended behavior: FAILURE
when executed after: [RegressionTest0.test137]
The revealed different behavior: PASS
when executed after: []

Test: RegressionTest1.test345
Intended behavior: FAILURE
when executed after: [RegressionTest0.test361]
The revealed different behavior: PASS
when executed after: []

Test: RegressionTest0.test208
Intended behavior: FAILURE
when executed after: [RegressionTest0.test037]
>>>>>>> 178d130d02c57dd4a3e7aea80b1810c26edb2f76
The revealed different behavior: PASS
when executed after: []

