Test: RegressionTest1.test448
Intended behavior: FAILURE
when executed after: [RegressionTest1.test447]
The revealed different behavior: PASS
when executed after: []

Test: RegressionTest1.test435
Intended behavior: FAILURE
when executed after: [RegressionTest1.test182]
The revealed different behavior: PASS
when executed after: []

Test: RegressionTest2.test032
Intended behavior: FAILURE
when executed after: [RegressionTest2.test030]
The revealed different behavior: PASS
when executed after: []

Test: RegressionTest2.test027
Intended behavior: FAILURE
when executed after: [RegressionTest2.test008]
The revealed different behavior: PASS
when executed after: []

Test: RegressionTest2.test008
Intended behavior: FAILURE
when executed after: [RegressionTest2.test015]
The revealed different behavior: PASS
when executed after: []

Test: RegressionTest2.test015
Intended behavior: FAILURE
when executed after: [RegressionTest2.test014]
The revealed different behavior: PASS
when executed after: []

Test: RegressionTest2.test014
Intended behavior: FAILURE
when executed after: [RegressionTest2.test013]
The revealed different behavior: PASS
when executed after: []

Test: RegressionTest2.test013
Intended behavior: FAILURE
when executed after: [RegressionTest2.test012]
The revealed different behavior: PASS
when executed after: []

Test: RegressionTest2.test012
Intended behavior: FAILURE
when executed after: [RegressionTest2.test003]
The revealed different behavior: PASS
when executed after: []

Test: RegressionTest2.test003
Intended behavior: FAILURE
when executed after: [RegressionTest2.test115]
The revealed different behavior: PASS
when executed after: []

Test: RegressionTest1.test054
Intended behavior: FAILURE
when executed after: [RegressionTest0.test440]
The revealed different behavior: PASS
when executed after: []

Test: RegressionTest0.test396
Intended behavior: FAILURE
when executed after: [RegressionTest0.test364]
The revealed different behavior: PASS
when executed after: []

Test: RegressionTest0.test306
Intended behavior: FAILURE
when executed after: [RegressionTest0.test481]
The revealed different behavior: PASS
when executed after: []

Test: RegressionTest1.test182
Intended behavior: FAILURE
when executed after: [RegressionTest1.test038]
The revealed different behavior: PASS
when executed after: []

Test: RegressionTest1.test038
Intended behavior: FAILURE
when executed after: [RegressionTest0.test159]
The revealed different behavior: PASS
when executed after: []

Test: RegressionTest1.test407
Intended behavior: FAILURE
when executed after: [RegressionTest1.test267]
The revealed different behavior: PASS
when executed after: []

Test: RegressionTest2.test030
Intended behavior: FAILURE
when executed after: [RegressionTest2.test027]
The revealed different behavior: PASS
when executed after: []

Test: RegressionTest0.test159
Intended behavior: FAILURE
when executed after: [RegressionTest0.test396]
The revealed different behavior: PASS
when executed after: []

Test: RegressionTest0.test101
Intended behavior: FAILURE
when executed after: [RegressionTest0.test078]
The revealed different behavior: PASS
when executed after: []

Test: RegressionTest0.test364
Intended behavior: FAILURE
when executed after: [RegressionTest0.test357]
The revealed different behavior: PASS
when executed after: []

Test: RegressionTest1.test267
Intended behavior: FAILURE
when executed after: [RegressionTest1.test451]
The revealed different behavior: PASS
when executed after: []

Test: RegressionTest1.test451
Intended behavior: FAILURE
when executed after: [RegressionTest1.test449]
The revealed different behavior: PASS
when executed after: []

Test: RegressionTest1.test449
Intended behavior: FAILURE
when executed after: [RegressionTest1.test448]
The revealed different behavior: PASS
when executed after: []

Test: RegressionTest1.test447
Intended behavior: FAILURE
when executed after: [RegressionTest1.test446]
The revealed different behavior: PASS
when executed after: []

Test: RegressionTest1.test446
Intended behavior: FAILURE
when executed after: [RegressionTest1.test435]
The revealed different behavior: PASS
when executed after: []

Test: RegressionTest0.test357
Intended behavior: FAILURE
when executed after: [RegressionTest0.test356]
The revealed different behavior: PASS
when executed after: []

Test: RegressionTest0.test356
Intended behavior: FAILURE
when executed after: [RegressionTest0.test350]
The revealed different behavior: PASS
when executed after: []

Test: RegressionTest0.test350
Intended behavior: FAILURE
when executed after: [RegressionTest0.test349]
The revealed different behavior: PASS
when executed after: []

Test: RegressionTest0.test349
Intended behavior: FAILURE
when executed after: [RegressionTest0.test333]
The revealed different behavior: PASS
when executed after: []

Test: RegressionTest0.test333
Intended behavior: FAILURE
when executed after: [RegressionTest0.test323]
The revealed different behavior: PASS
when executed after: []

Test: RegressionTest0.test323
Intended behavior: FAILURE
when executed after: [RegressionTest0.test317]
The revealed different behavior: PASS
when executed after: []

Test: RegressionTest0.test317
Intended behavior: FAILURE
when executed after: [RegressionTest0.test316]
The revealed different behavior: PASS
when executed after: []

Test: RegressionTest0.test316
Intended behavior: FAILURE
when executed after: [RegressionTest0.test315]
The revealed different behavior: PASS
when executed after: []

Test: RegressionTest0.test315
Intended behavior: FAILURE
when executed after: [RegressionTest0.test314]
The revealed different behavior: PASS
when executed after: []

Test: RegressionTest0.test314
Intended behavior: FAILURE
when executed after: [RegressionTest0.test309]
The revealed different behavior: PASS
when executed after: []

Test: RegressionTest2.test115
Intended behavior: FAILURE
when executed after: [RegressionTest2.test113]
The revealed different behavior: PASS
when executed after: []

Test: RegressionTest2.test113
Intended behavior: FAILURE
when executed after: [RegressionTest2.test106]
The revealed different behavior: PASS
when executed after: []

Test: RegressionTest2.test106
Intended behavior: FAILURE
when executed after: [RegressionTest2.test103]
The revealed different behavior: PASS
when executed after: []

Test: RegressionTest2.test103
Intended behavior: FAILURE
when executed after: [RegressionTest2.test073]
The revealed different behavior: PASS
when executed after: []

Test: RegressionTest2.test073
Intended behavior: FAILURE
when executed after: [RegressionTest2.test066]
The revealed different behavior: PASS
when executed after: []

Test: RegressionTest2.test066
Intended behavior: FAILURE
when executed after: [RegressionTest2.test007]
The revealed different behavior: PASS
when executed after: []

Test: RegressionTest2.test007
Intended behavior: FAILURE
when executed after: [RegressionTest2.test006]
The revealed different behavior: PASS
when executed after: []

Test: RegressionTest0.test481
Intended behavior: FAILURE
when executed after: [RegressionTest2.test032]
The revealed different behavior: PASS
when executed after: []

Test: RegressionTest0.test309
Intended behavior: FAILURE
when executed after: [RegressionTest0.test306]
The revealed different behavior: PASS
when executed after: []

