Test: com.dangdang.ddframe.job.event.rdb.JobEventRdbSearchTest.assertFindJobStatusTraceEventsWithTime
Intended behavior: FAILURE
when executed after: [com.dangdang.ddframe.job.event.rdb.JobEventRdbSearchTest.assertFindJobExecutionEventsWithPageSizeAndNumber]
The revealed different behavior: PASS
when executed after: []

Test: com.dangdang.ddframe.job.statistics.rdb.StatisticRdbRepositoryTest.assertFindJobRegisterStatisticsWithDifferentFromDate
Intended behavior: FAILURE
when executed after: [com.dangdang.ddframe.job.statistics.rdb.StatisticRdbRepositoryTest.assertFindJobRegisterStatisticsWhenTableIsEmpty]
The revealed different behavior: PASS
when executed after: []

Test: com.dangdang.ddframe.job.statistics.rdb.StatisticRdbRepositoryTest.assertFindJobRegisterStatisticsWhenTableIsEmpty
Intended behavior: FAILURE
when executed after: [com.dangdang.ddframe.job.statistics.rdb.StatisticRdbRepositoryTest.assertFindJobRunningStatisticsWithDifferentFromDate]
The revealed different behavior: PASS
when executed after: []

Test: com.dangdang.ddframe.job.statistics.rdb.StatisticRdbRepositoryTest.assertFindJobRunningStatisticsWithDifferentFromDate
Intended behavior: FAILURE
when executed after: [com.dangdang.ddframe.job.statistics.rdb.StatisticRdbRepositoryTest.assertFindLatestTaskResultStatistics]
The revealed different behavior: PASS
when executed after: []

Test: com.dangdang.ddframe.job.statistics.rdb.StatisticRdbRepositoryTest.assertFindLatestTaskResultStatistics
Intended behavior: FAILURE
when executed after: [com.dangdang.ddframe.job.statistics.rdb.StatisticRdbRepositoryTest.assertFindLatestTaskResultStatisticsWhenTableIsEmpty]
The revealed different behavior: PASS
when executed after: []

Test: com.dangdang.ddframe.job.statistics.rdb.StatisticRdbRepositoryTest.assertFindLatestTaskResultStatisticsWhenTableIsEmpty
Intended behavior: FAILURE
when executed after: [com.dangdang.ddframe.job.statistics.rdb.StatisticRdbRepositoryTest.assertGetSummedTaskResultStatistics]
The revealed different behavior: PASS
when executed after: []

Test: com.dangdang.ddframe.job.statistics.rdb.StatisticRdbRepositoryTest.assertGetSummedTaskResultStatistics
Intended behavior: FAILURE
when executed after: [com.dangdang.ddframe.job.statistics.rdb.StatisticRdbRepositoryTest.assertAddJobRunningStatistics]
The revealed different behavior: PASS
when executed after: []

Test: com.dangdang.ddframe.job.statistics.rdb.StatisticRdbRepositoryTest.assertAddJobRunningStatistics
Intended behavior: FAILURE
when executed after: [com.dangdang.ddframe.job.statistics.rdb.StatisticRdbRepositoryTest.assertAddTaskResultStatistics]
The revealed different behavior: PASS
when executed after: []

Test: com.dangdang.ddframe.job.event.rdb.JobEventRdbSearchTest.assertFindJobExecutionEventsWithPageSizeAndNumber
Intended behavior: FAILURE
when executed after: [com.dangdang.ddframe.job.statistics.rdb.StatisticRdbRepositoryTest.assertFindJobRegisterStatisticsWithDifferentFromDate]
The revealed different behavior: PASS
when executed after: []

Test: com.dangdang.ddframe.job.event.rdb.JobEventRdbSearchTest.assertFindJobExecutionEventsWithTime
Intended behavior: FAILURE
when executed after: [com.dangdang.ddframe.job.statistics.rdb.StatisticRdbRepositoryTest.assertFindTaskRunningStatisticsWithDifferentFromDate]
The revealed different behavior: PASS
when executed after: []

Test: com.dangdang.ddframe.job.reg.zookeeper.ZookeeperRegistryCenterModifyTest.assertPersistEphemeralSequential
Intended behavior: FAILURE
when executed after: [com.dangdang.ddframe.job.reg.zookeeper.ZookeeperRegistryCenterModifyTest.assertPersistSequential]
The revealed different behavior: PASS
when executed after: []

