Test: RegressionTest1.test263
Intended behavior: FAILURE
when executed after: [RegressionTest1.test090]
The revealed different behavior: PASS
when executed after: []

Test: RegressionTest1.test321
Intended behavior: FAILURE
when executed after: [RegressionTest2.test026]
The revealed different behavior: PASS
when executed after: []

Test: RegressionTest2.test026
Intended behavior: FAILURE
when executed after: [RegressionTest2.test007]
The revealed different behavior: PASS
when executed after: []

