Test: RegressionTest1.test038
Intended behavior: FAILURE
when executed after: [RegressionTest0.test376]
The revealed different behavior: PASS
when executed after: []

Test: RegressionTest0.test376
Intended behavior: FAILURE
when executed after: [RegressionTest0.test127]
The revealed different behavior: PASS
when executed after: []

Test: RegressionTest1.test325
Intended behavior: FAILURE
when executed after: [RegressionTest1.test203]
The revealed different behavior: PASS
when executed after: []

Test: RegressionTest1.test123
Intended behavior: FAILURE
when executed after: [RegressionTest1.test120]
The revealed different behavior: PASS
when executed after: []

Test: RegressionTest1.test429
Intended behavior: FAILURE
when executed after: [RegressionTest1.test415]
The revealed different behavior: PASS
when executed after: []

Test: RegressionTest1.test415
Intended behavior: FAILURE
when executed after: [RegressionTest1.test282]
The revealed different behavior: PASS
when executed after: []

Test: RegressionTest1.test356
Intended behavior: FAILURE
when executed after: [RegressionTest1.test159]
The revealed different behavior: PASS
when executed after: []

Test: RegressionTest1.test159
Intended behavior: FAILURE
when executed after: [RegressionTest1.test089]
The revealed different behavior: PASS
when executed after: []

Test: RegressionTest1.test089
Intended behavior: FAILURE
when executed after: [RegressionTest0.test390]
The revealed different behavior: PASS
when executed after: []

Test: RegressionTest0.test296
Intended behavior: FAILURE
when executed after: [RegressionTest0.test222]
The revealed different behavior: PASS
when executed after: []

Test: RegressionTest0.test405
Intended behavior: FAILURE
when executed after: [RegressionTest0.test171]
The revealed different behavior: PASS
when executed after: []

Test: RegressionTest1.test203
Intended behavior: FAILURE
when executed after: [RegressionTest1.test123]
The revealed different behavior: PASS
when executed after: []

Test: RegressionTest1.test244
Intended behavior: FAILURE
when executed after: [RegressionTest1.test149]
The revealed different behavior: PASS
when executed after: []

Test: RegressionTest1.test149
Intended behavior: FAILURE
when executed after: [RegressionTest0.test296]
The revealed different behavior: PASS
when executed after: []

Test: RegressionTest0.test222
Intended behavior: FAILURE
when executed after: [RegressionTest0.test090]
The revealed different behavior: PASS
when executed after: []

Test: RegressionTest1.test441
Intended behavior: FAILURE
when executed after: [RegressionTest1.test429]
The revealed different behavior: PASS
when executed after: []

Test: RegressionTest1.test282
Intended behavior: FAILURE
when executed after: [RegressionTest1.test167]
The revealed different behavior: PASS
when executed after: []

