Test: RegressionTest1.test263
Intended behavior: FAILURE
when executed after: [RegressionTest1.test090]
The revealed different behavior: PASS
when executed after: []

Test: RegressionTest1.test420
Intended behavior: FAILURE
when executed after: [RegressionTest1.test329]
The revealed different behavior: PASS
when executed after: []

Test: RegressionTest1.test329
Intended behavior: FAILURE
when executed after: [RegressionTest2.test007]
The revealed different behavior: PASS
when executed after: []

