Test: RegressionTest0.test101
Intended behavior: FAILURE
when executed after: [RegressionTest0.test078]
The revealed different behavior: PASS
when executed after: []

Test: RegressionTest0.test364
Intended behavior: FAILURE
when executed after: [RegressionTest0.test309]
The revealed different behavior: PASS
when executed after: []

Test: RegressionTest0.test306
Intended behavior: FAILURE
when executed after: [RegressionTest2.test032]
The revealed different behavior: PASS
when executed after: []

Test: RegressionTest1.test267
Intended behavior: FAILURE
when executed after: [RegressionTest1.test488]
The revealed different behavior: PASS
when executed after: []

Test: RegressionTest1.test488
Intended behavior: FAILURE
when executed after: [RegressionTest1.test485]
The revealed different behavior: PASS
when executed after: []

Test: RegressionTest1.test485
Intended behavior: FAILURE
when executed after: [RegressionTest1.test484]
The revealed different behavior: PASS
when executed after: []

Test: RegressionTest1.test484
Intended behavior: FAILURE
when executed after: [RegressionTest1.test483]
The revealed different behavior: PASS
when executed after: []

Test: RegressionTest1.test483
Intended behavior: FAILURE
when executed after: [RegressionTest1.test482]
The revealed different behavior: PASS
when executed after: []

Test: RegressionTest1.test482
Intended behavior: FAILURE
when executed after: [RegressionTest1.test481]
The revealed different behavior: PASS
when executed after: []

Test: RegressionTest1.test481
Intended behavior: FAILURE
when executed after: [RegressionTest1.test480]
The revealed different behavior: PASS
when executed after: []

Test: RegressionTest1.test480
Intended behavior: FAILURE
when executed after: [RegressionTest1.test479]
The revealed different behavior: PASS
when executed after: []

Test: RegressionTest1.test479
Intended behavior: FAILURE
when executed after: [RegressionTest1.test475]
The revealed different behavior: PASS
when executed after: []

Test: RegressionTest1.test475
Intended behavior: FAILURE
when executed after: [RegressionTest0.test291]
The revealed different behavior: PASS
when executed after: []

Test: RegressionTest0.test291
Intended behavior: FAILURE
when executed after: [RegressionTest0.test288]
The revealed different behavior: PASS
when executed after: []

Test: RegressionTest0.test288
Intended behavior: FAILURE
when executed after: [RegressionTest0.test284]
The revealed different behavior: PASS
when executed after: []

Test: RegressionTest0.test284
Intended behavior: FAILURE
when executed after: [RegressionTest0.test280]
The revealed different behavior: PASS
when executed after: []

Test: RegressionTest0.test280
Intended behavior: FAILURE
when executed after: [RegressionTest0.test275]
The revealed different behavior: PASS
when executed after: []

Test: RegressionTest0.test275
Intended behavior: FAILURE
when executed after: [RegressionTest0.test268]
The revealed different behavior: PASS
when executed after: []

Test: RegressionTest0.test268
Intended behavior: FAILURE
when executed after: [RegressionTest0.test267]
The revealed different behavior: PASS
when executed after: []

Test: RegressionTest0.test267
Intended behavior: FAILURE
when executed after: [RegressionTest0.test265]
The revealed different behavior: PASS
when executed after: []

Test: RegressionTest0.test265
Intended behavior: FAILURE
when executed after: [RegressionTest0.test264]
The revealed different behavior: PASS
when executed after: []

Test: RegressionTest0.test264
Intended behavior: FAILURE
when executed after: [RegressionTest0.test256]
The revealed different behavior: PASS
when executed after: []

Test: RegressionTest0.test256
Intended behavior: FAILURE
when executed after: [RegressionTest0.test254]
The revealed different behavior: PASS
when executed after: []

Test: RegressionTest0.test254
Intended behavior: FAILURE
when executed after: [RegressionTest0.test253]
The revealed different behavior: PASS
when executed after: []

Test: RegressionTest0.test253
Intended behavior: FAILURE
when executed after: [RegressionTest0.test500]
The revealed different behavior: PASS
when executed after: []

Test: RegressionTest0.test500
Intended behavior: FAILURE
when executed after: [RegressionTest0.test498]
The revealed different behavior: PASS
when executed after: []

Test: RegressionTest0.test498
Intended behavior: FAILURE
when executed after: [RegressionTest0.test482]
The revealed different behavior: PASS
when executed after: []

Test: RegressionTest0.test482
Intended behavior: FAILURE
when executed after: [RegressionTest0.test481]
The revealed different behavior: PASS
when executed after: []

Test: RegressionTest0.test481
Intended behavior: FAILURE
when executed after: [RegressionTest0.test471]
The revealed different behavior: PASS
when executed after: []

Test: RegressionTest0.test471
Intended behavior: FAILURE
when executed after: [RegressionTest0.test469]
The revealed different behavior: PASS
when executed after: []

Test: RegressionTest0.test469
Intended behavior: FAILURE
when executed after: [RegressionTest0.test463]
The revealed different behavior: PASS
when executed after: []

Test: RegressionTest0.test463
Intended behavior: FAILURE
when executed after: [RegressionTest0.test410]
The revealed different behavior: PASS
when executed after: []

Test: RegressionTest0.test410
Intended behavior: FAILURE
when executed after: [RegressionTest0.test409]
The revealed different behavior: PASS
when executed after: []

Test: RegressionTest0.test409
Intended behavior: FAILURE
when executed after: [RegressionTest0.test043]
The revealed different behavior: PASS
when executed after: []

Test: RegressionTest0.test043
Intended behavior: FAILURE
when executed after: [RegressionTest0.test243]
The revealed different behavior: PASS
when executed after: []

Test: RegressionTest0.test243
Intended behavior: FAILURE
when executed after: [RegressionTest0.test240]
The revealed different behavior: PASS
when executed after: []

Test: RegressionTest0.test240
Intended behavior: FAILURE
when executed after: [RegressionTest0.test239]
The revealed different behavior: PASS
when executed after: []

Test: RegressionTest0.test239
Intended behavior: FAILURE
when executed after: [RegressionTest0.test236]
The revealed different behavior: PASS
when executed after: []

Test: RegressionTest0.test236
Intended behavior: FAILURE
when executed after: [RegressionTest0.test232]
The revealed different behavior: PASS
when executed after: []

Test: RegressionTest0.test232
Intended behavior: FAILURE
when executed after: [RegressionTest0.test229]
The revealed different behavior: PASS
when executed after: []

Test: RegressionTest0.test229
Intended behavior: FAILURE
when executed after: [RegressionTest0.test226]
The revealed different behavior: PASS
when executed after: []

Test: RegressionTest0.test226
Intended behavior: FAILURE
when executed after: [RegressionTest0.test224]
The revealed different behavior: PASS
when executed after: []

Test: RegressionTest0.test224
Intended behavior: FAILURE
when executed after: [RegressionTest0.test223]
The revealed different behavior: PASS
when executed after: []

Test: RegressionTest0.test223
Intended behavior: FAILURE
when executed after: [RegressionTest0.test220]
The revealed different behavior: PASS
when executed after: []

Test: RegressionTest0.test309
Intended behavior: FAILURE
when executed after: [RegressionTest0.test306]
The revealed different behavior: PASS
when executed after: []

Test: RegressionTest2.test019
Intended behavior: FAILURE
when executed after: [RegressionTest2.test079]
The revealed different behavior: PASS
when executed after: []

Test: RegressionTest2.test079
Intended behavior: FAILURE
when executed after: [RegressionTest2.test074]
The revealed different behavior: PASS
when executed after: []

Test: RegressionTest2.test074
Intended behavior: FAILURE
when executed after: [RegressionTest2.test063]
The revealed different behavior: PASS
when executed after: []

