Test: org.apache.ambari.server.metric.system.impl.MetricsSourceTest.testJvmSourceInit_JVM1_8
Intended behavior: FAILURE
when executed after: [org.apache.ambari.server.metric.system.impl.MetricsServiceTest.testMetricsServiceStart]
The revealed different behavior: PASS
when executed after: []

Test: org.apache.ambari.server.view.ViewDirectoryWatcherTest.testDirectoryExtractionOnFileAdd
Intended behavior: FAILURE
when executed after: [org.apache.ambari.server.controller.predicate.GreaterPredicateTest.testApply]
The revealed different behavior: PASS
when executed after: []

Test: org.apache.ambari.server.api.query.render.DefaultRendererTest.testFinalizeProperties__instance_subResource_noProperties
Intended behavior: FAILURE
when executed after: [org.apache.ambari.server.api.query.render.MinimalRendererTest.testFinalizeProperties__instance_subResource_properties]
The revealed different behavior: PASS
when executed after: []

Test: org.apache.ambari.server.api.query.render.MinimalRendererTest.testFinalizeProperties__instance_subResource_properties
Intended behavior: FAILURE
when executed after: [org.apache.ambari.server.api.handlers.DeleteHandlerTest.testHandleRequest__Synchronous]
The revealed different behavior: PASS
when executed after: []

Test: org.apache.ambari.server.api.handlers.DeleteHandlerTest.testHandleRequest__Synchronous
Intended behavior: FAILURE
when executed after: [org.apache.ambari.server.api.UserNameOverrideFilterTest.testGetUserNameMatcherNoUserNameInUri]
The revealed different behavior: PASS
when executed after: []

Test: org.apache.ambari.server.api.UserNameOverrideFilterTest.testGetUserNameMatcherNoUserNameInUri
Intended behavior: FAILURE
when executed after: [org.apache.ambari.server.api.AmbariCsrfProtectionFilterTest.testPostNoXRequestedBy]
The revealed different behavior: PASS
when executed after: []

Test: org.apache.ambari.server.api.AmbariCsrfProtectionFilterTest.testPostNoXRequestedBy
Intended behavior: FAILURE
when executed after: [org.apache.ambari.server.api.predicate.QueryLexerTest.testTokens_invalidRelationalOp]
The revealed different behavior: PASS
when executed after: []

Test: org.apache.ambari.server.api.predicate.QueryLexerTest.testTokens_invalidRelationalOp
Intended behavior: FAILURE
when executed after: [org.apache.ambari.server.api.predicate.QueryLexerTest.testTokens_ignore__userDefined]
The revealed different behavior: PASS
when executed after: []

Test: org.apache.ambari.server.api.predicate.QueryLexerTest.testTokens_ignore__userDefined
Intended behavior: FAILURE
when executed after: [org.apache.ambari.server.api.predicate.QueryLexerTest.testTokens_ignore__multipleIgnoreFields]
The revealed different behavior: PASS
when executed after: []

Test: org.apache.ambari.server.api.predicate.QueryLexerTest.testTokens_ignore__multipleIgnoreFields
Intended behavior: FAILURE
when executed after: [org.apache.ambari.server.api.predicate.QueryLexerTest.testTokens_ignoreUnderscoreSyntax___fieldsLast]
The revealed different behavior: PASS
when executed after: []

Test: org.apache.ambari.server.api.predicate.QueryLexerTest.testTokens_ignoreUnderscoreSyntax___fieldsLast
Intended behavior: FAILURE
when executed after: [org.apache.ambari.server.api.predicate.QueryLexerTest.testTokens_ignoreFieldsSyntax___fieldsLast]
The revealed different behavior: PASS
when executed after: []

Test: org.apache.ambari.server.api.predicate.QueryLexerTest.testTokens_ignoreFieldsSyntax___fieldsLast
Intended behavior: FAILURE
when executed after: [org.apache.ambari.server.api.predicate.QueryLexerTest.testInOperator]
The revealed different behavior: PASS
when executed after: []

Test: org.apache.ambari.server.api.predicate.QueryLexerTest.testInOperator
Intended behavior: FAILURE
when executed after: [org.apache.ambari.server.api.predicate.QueryParserTest.testParse_isEmptyOp__exception2]
The revealed different behavior: PASS
when executed after: []

Test: org.apache.ambari.server.api.predicate.QueryParserTest.testParse_isEmptyOp__exception2
Intended behavior: FAILURE
when executed after: [org.apache.ambari.server.api.predicate.QueryParserTest.testParse_simple]
The revealed different behavior: PASS
when executed after: []

Test: org.apache.ambari.server.api.predicate.QueryParserTest.testParse_simple
Intended behavior: FAILURE
when executed after: [org.apache.ambari.server.api.predicate.QueryParserTest.testParse]
The revealed different behavior: PASS
when executed after: []

Test: org.apache.ambari.server.api.predicate.QueryParserTest.testParse
Intended behavior: FAILURE
when executed after: [org.apache.ambari.server.api.resources.TaskAttemptResourceDefinitionTest.testGetSingularName]
The revealed different behavior: PASS
when executed after: []

Test: org.apache.ambari.server.api.resources.TaskAttemptResourceDefinitionTest.testGetSingularName
Intended behavior: FAILURE
when executed after: [org.apache.ambari.server.api.resources.ResourceInstanceFactoryImplTest.testGetStackArtifactDefinition]
The revealed different behavior: PASS
when executed after: []

Test: org.apache.ambari.server.api.resources.ResourceInstanceFactoryImplTest.testGetStackArtifactDefinition
Intended behavior: FAILURE
when executed after: [org.apache.ambari.server.api.resources.CredentialResourceDefinitionTest.testGetCreateDirectives]
The revealed different behavior: PASS
when executed after: []

Test: org.apache.ambari.server.api.resources.CredentialResourceDefinitionTest.testGetCreateDirectives
Intended behavior: FAILURE
when executed after: [org.apache.ambari.server.api.resources.TargetClusterResourceDefinitionTest.testGetSubResourceDefinitions]
The revealed different behavior: PASS
when executed after: []

Test: org.apache.ambari.server.api.resources.TargetClusterResourceDefinitionTest.testGetSubResourceDefinitions
Intended behavior: FAILURE
when executed after: [org.apache.ambari.server.serveraction.kerberos.MITKerberosOperationHandlerTest.testSetPrincipalPassword]
The revealed different behavior: PASS
when executed after: []

Test: org.apache.ambari.server.serveraction.kerberos.MITKerberosOperationHandlerTest.testSetPrincipalPassword
Intended behavior: FAILURE
when executed after: [org.apache.ambari.server.serveraction.kerberos.ConfigureAmbariIdentitiesServerActionTest.configureJAAS]
The revealed different behavior: PASS
when executed after: []

Test: org.apache.ambari.server.security.authorization.AmbariAuthorizationProviderDisableUserTest.testDisabledUserViaLdapProvider
Intended behavior: FAILURE
when executed after: [org.apache.ambari.server.security.authorization.AmbariAuthenticationTest.testIsAuthenticated]
The revealed different behavior: PASS
when executed after: []

Test: org.apache.ambari.server.security.authorization.AmbariAuthenticationTest.testIsAuthenticated
Intended behavior: FAILURE
when executed after: [org.apache.ambari.server.security.authorization.AmbariAuthenticationTest.testGetUserDetailPrincipal]
The revealed different behavior: PASS
when executed after: []

Test: org.apache.ambari.server.controller.predicate.GreaterPredicateTest.testApply
Intended behavior: FAILURE
when executed after: [org.apache.ambari.server.api.query.render.DefaultRendererTest.testFinalizeProperties__instance_subResource_noProperties]
The revealed different behavior: PASS
when executed after: []

Test: org.apache.ambari.server.security.authentication.AmbariJWTAuthenticationFilterTest.testDoFilterSuccess
Intended behavior: FAILURE
when executed after: [org.apache.ambari.server.security.authentication.AmbariBasicAuthenticationFilterTest.testDoFilter]
The revealed different behavior: PASS
when executed after: []

Test: org.apache.ambari.server.security.authentication.AmbariBasicAuthenticationFilterTest.testDoFilter
Intended behavior: FAILURE
when executed after: [org.apache.ambari.server.controller.AmbariManagementControllerImplTest.testGetHostComponents]
The revealed different behavior: PASS
when executed after: []

