Executing fixed runner now.
[ERROR] Encountered exception while initializing JUnitTest for 'RegressionTest0.test004'
java.lang.ClassNotFoundException: RegressionTest0
	at java.net.URLClassLoader.findClass(URLClassLoader.java:381)
	at java.lang.ClassLoader.loadClass(ClassLoader.java:424)
	at sun.misc.Launcher$AppClassLoader.loadClass(Launcher.java:349)
	at java.lang.ClassLoader.loadClass(ClassLoader.java:357)
	at java.lang.Class.forName0(Native Method)
	at java.lang.Class.forName(Class.java:264)
	at edu.washington.cs.dt.util.JUnitTest.<init>(JUnitTest.java:30)
	at edu.washington.cs.dt.util.JUnitTestExecutor.testOrder(JUnitTestExecutor.java:116)
	at edu.washington.cs.dt.util.JUnitTestExecutor.runOrder(JUnitTestExecutor.java:43)
	at edu.washington.cs.dt.util.TestRunnerWrapperFileInputs.runTests(TestRunnerWrapperFileInputs.java:59)
	at edu.washington.cs.dt.util.TestRunnerWrapperFileInputs.main(TestRunnerWrapperFileInputs.java:23)
