The following arguments were used to generate this output.
[-technique, prioritization, -coverage, statement, -order, absolute, -origOrder, calc-orig-order-3, -testInputDir, sootTestOutput-orig/, -filesToDelete, calc-env-files, -getCoverage, -project, CALC3, -testType, orig, -outputDir, ., -timesToRun, 1, -resolveDependences, prioritization-CALC3-orig-statement-absolute.txt]

Execution time of TLG and its time to find/nullify any DTs for 1 machine (does not include the time to run the tests in the new order): 11.097
Number of tests selected out of total in original order: 5 / 5
Number of DTs not fixed: 0
Number of DTs fixed: 1
APFD value: 0.05151279678146842
Execution time for executing the following testing order: 0.081

Test order list:
[edu.washington.cs.dt.impact.ExampleDT.CalculatorTestCase3.getSubTest, edu.washington.cs.dt.impact.ExampleDT.CalculatorTestCase3.getSumTest, edu.washington.cs.dt.impact.ExampleDT.CalculatorTestCase3.isEvenTest, edu.washington.cs.dt.impact.ExampleDT.CalculatorTestCase3.getExpTest, edu.washington.cs.dt.impact.ExampleDT.CalculatorTestCase3.isNegativeTest]

Time each test takes to run in the new order:
[74259132, 1111485, 1113713, 1268044, 3498770]

Dependent test list:
[Test: edu.washington.cs.dt.impact.ExampleDT.CalculatorTestCase3.getSumTest, Intended behavior: FAILURE, when executed after: [edu.washington.cs.dt.impact.ExampleDT.CalculatorTestCase3.getSubTest], The revealed different behavior: PASS, when executed after: [], Test: edu.washington.cs.dt.impact.ExampleDT.CalculatorTestCase3.isEvenTest, Intended behavior: FAILURE, when executed after: [edu.washington.cs.dt.impact.ExampleDT.CalculatorTestCase3.getSumTest], The revealed different behavior: PASS, when executed after: []]

Coverage test list:
[1111, 2222, 2777, 2222, 1666]
--------------------------
Total time (of all machines and iterations plus initial TestListGenerator): 0.086