Test: edu.washington.cs.dt.impact.ExampleDT.CalculatorTestCase3.getSumTest
Intended behavior: FAILURE
when executed after: [edu.washington.cs.dt.impact.ExampleDT.CalculatorTestCase3.getSubTest]
The revealed different behavior: PASS
when executed after: []

Test: edu.washington.cs.dt.impact.ExampleDT.CalculatorTestCase3.isEvenTest
Intended behavior: FAILURE
when executed after: [edu.washington.cs.dt.impact.ExampleDT.CalculatorTestCase3.getSumTest]
The revealed different behavior: PASS
when executed after: []

